2019-03-19-14-35-47  main.py启动成功
2019-03-19-14-35-50  次日数据更新
2019-03-19-14-35-50  client开始连接
2019-03-19-14-35-50  TCP_client连接成功
2019-03-19-14-35-50  server等待连接
2019-03-19-14-35-51  房间人数为 6
2019-03-19-14-35-53  server接收到 ('183.236.27.196', 2303) 的连接
2019-03-19-14-36-06  房间人数为 6
2019-03-19-14-36-21  房间人数为 6
2019-03-19-14-36-36  房间人数为 6
2019-03-19-14-36-51  房间人数为 6
2019-03-19-14-37-06  房间人数为 6
2019-03-19-14-37-21  房间人数为 6
2019-03-19-14-37-43  main.py启动成功
2019-03-19-14-37-46  client开始连接
2019-03-19-14-37-46  server等待连接
2019-03-19-14-37-46  TCP_client连接成功
2019-03-19-14-37-47  房间人数为 6
2019-03-19-14-37-51  server接收到 ('183.236.27.196', 2327) 的连接
2019-03-19-14-38-02  房间人数为 6
2019-03-19-14-38-17  房间人数为 6
2019-03-19-14-38-32  房间人数为 6
2019-03-19-14-38-47  房间人数为 6
2019-03-19-14-39-02  房间人数为 6
2019-03-19-14-39-17  房间人数为 6
2019-03-19-14-39-32  房间人数为 6
2019-03-19-14-39-47  房间人数为 6
2019-03-19-14-40-02  房间人数为 6
2019-03-19-14-40-17  房间人数为 6
2019-03-19-14-40-32  房间人数为 6
2019-03-19-14-40-47  房间人数为 6
2019-03-19-14-41-02  房间人数为 6
2019-03-19-14-41-17  房间人数为 6
2019-03-19-14-41-32  房间人数为 6
2019-03-19-14-41-47  房间人数为 6
2019-03-19-14-42-02  房间人数为 6
2019-03-19-14-42-17  房间人数为 6
2019-03-19-14-42-32  房间人数为 5
2019-03-19-14-42-47  房间人数为 5
2019-03-19-14-43-02  房间人数为 5
2019-03-19-14-43-17  房间人数为 5
2019-03-19-14-43-32  房间人数为 6
2019-03-19-14-43-47  房间人数为 6
2019-03-19-14-44-02  房间人数为 6
2019-03-19-14-44-17  房间人数为 6
2019-03-19-14-44-32  房间人数为 6
2019-03-19-14-44-47  房间人数为 6
2019-03-19-14-45-02  房间人数为 6
2019-03-19-14-45-17  房间人数为 6
2019-03-19-14-45-32  房间人数为 6
2019-03-19-14-45-47  房间人数为 6
2019-03-19-14-46-02  房间人数为 6
2019-03-19-14-46-17  房间人数为 6
2019-03-19-14-46-32  房间人数为 6
2019-03-19-14-46-47  房间人数为 6
2019-03-19-14-47-02  房间人数为 6
2019-03-19-14-47-17  房间人数为 6
2019-03-19-14-47-32  房间人数为 5
2019-03-19-14-47-47  房间人数为 5
2019-03-19-14-48-02  房间人数为 5
2019-03-19-14-48-17  房间人数为 5
2019-03-19-14-48-32  房间人数为 5
2019-03-19-14-48-47  房间人数为 5
2019-03-19-14-49-02  房间人数为 5
2019-03-19-14-49-17  房间人数为 5
2019-03-19-14-49-32  房间人数为 4
2019-03-19-14-49-47  房间人数为 4
2019-03-19-14-50-02  房间人数为 4
2019-03-19-14-50-17  房间人数为 4
2019-03-19-14-50-32  房间人数为 4
2019-03-19-14-50-47  房间人数为 4
2019-03-19-14-51-02  房间人数为 4
2019-03-19-14-51-17  房间人数为 4
2019-03-19-14-51-32  房间人数为 5
2019-03-19-14-51-47  房间人数为 5
2019-03-19-14-52-02  房间人数为 5
2019-03-19-14-52-17  房间人数为 5
2019-03-19-14-52-32  房间人数为 5
2019-03-19-14-52-47  房间人数为 5
2019-03-19-14-53-02  房间人数为 5
2019-03-19-14-53-17  房间人数为 5
2019-03-19-14-53-32  房间人数为 6
2019-03-19-14-53-47  房间人数为 6
2019-03-19-14-54-02  房间人数为 6
2019-03-19-14-54-17  房间人数为 6
2019-03-19-14-54-32  房间人数为 6
2019-03-19-14-54-47  房间人数为 6
2019-03-19-14-55-02  房间人数为 6
2019-03-19-14-55-17  房间人数为 6
2019-03-19-14-55-32  房间人数为 6
2019-03-19-14-55-47  房间人数为 6
2019-03-19-14-56-02  房间人数为 6
2019-03-19-14-56-17  房间人数为 6
2019-03-19-14-56-32  房间人数为 5
2019-03-19-14-56-47  房间人数为 5
2019-03-19-14-56-52  main.py启动成功
2019-03-19-14-56-55  client开始连接
2019-03-19-14-56-55  TCP_client连接成功
2019-03-19-14-56-56  房间人数为 5
2019-03-19-14-57-02  房间人数为 5
2019-03-19-14-57-17  房间人数为 5
2019-03-19-14-57-35  main.py启动成功
2019-03-19-14-57-38  client开始连接
2019-03-19-14-57-38  server等待连接
2019-03-19-14-57-38  TCP_client连接成功
2019-03-19-14-57-38  server接收到 ('183.236.27.196', 2440) 的连接
2019-03-19-14-57-39  房间人数为 5
2019-03-19-14-57-54  房间人数为 5
2019-03-19-14-59-05  main.py启动成功
2019-03-19-14-59-08  client开始连接
2019-03-19-14-59-08  server等待连接
2019-03-19-14-59-08  TCP_client连接成功
2019-03-19-14-59-09  房间人数为 4
2019-03-19-14-59-10  server接收到 ('183.236.27.196', 2462) 的连接
2019-03-19-14-59-24  房间人数为 5
2019-03-19-14-59-39  房间人数为 5
2019-03-19-14-59-51  main.py启动成功
2019-03-19-14-59-54  {"type":0,"barrage":"辣条","nick":"测试1","sid":"1314","giftNum":1,"source":1,"optId":0}

2019-03-19-14-59-54  client开始连接
2019-03-19-14-59-54  server等待连接
2019-03-19-14-59-54  TCP_client连接成功
2019-03-19-14-59-55  server接收到 ('183.236.27.196', 2474) 的连接
2019-03-19-14-59-55  房间人数为 5
2019-03-19-15-00-10  房间人数为 5
2019-03-19-15-00-25  房间人数为 5
2019-03-19-15-00-40  房间人数为 5
2019-03-19-15-00-55  房间人数为 5
2019-03-19-15-01-10  房间人数为 5
2019-03-19-15-01-25  房间人数为 5
2019-03-19-15-01-40  房间人数为 5
2019-03-19-15-01-55  房间人数为 5
2019-03-19-15-02-10  房间人数为 5
2019-03-19-15-02-17  main.py启动成功
2019-03-19-15-02-20  {"type":1,"barrage":"我是一条测试弹幕","nick":"测试1","sid":"1314","giftNum":0,"source":1,"optId":10}

2019-03-19-15-02-20  client开始连接
2019-03-19-15-02-20  server等待连接
2019-03-19-15-02-20  TCP_client连接成功
2019-03-19-15-02-20  server接收到 ('183.236.27.196', 2486) 的连接
2019-03-19-15-02-21  房间人数为 5
2019-03-19-15-02-36  房间人数为 5
2019-03-19-15-02-51  房间人数为 5
2019-03-19-15-03-06  房间人数为 5
2019-03-19-15-03-21  房间人数为 5
2019-03-19-15-03-36  房间人数为 5
2019-03-19-15-03-51  房间人数为 5
2019-03-19-15-04-06  房间人数为 5
2019-03-19-15-04-21  房间人数为 5
2019-03-19-15-04-36  房间人数为 5
2019-03-19-15-04-51  房间人数为 5
2019-03-19-15-05-06  房间人数为 5
2019-03-19-15-05-21  房间人数为 6
2019-03-19-15-05-36  房间人数为 6
2019-03-19-15-05-51  房间人数为 6
2019-03-19-15-06-06  房间人数为 6
2019-03-19-15-06-20  main.py启动成功
2019-03-19-15-06-24  {"type":1,"barrage":"我是一条测试弹幕","nick":"测试1","sid":"1314","giftNum":0,"source":1,"optId":10}

2019-03-19-15-06-24  client开始连接
2019-03-19-15-06-24  server等待连接
2019-03-19-15-06-24  TCP_client连接成功
2019-03-19-15-06-25  server接收到 ('183.236.27.196', 2513) 的连接
2019-03-19-15-06-25  房间人数为 7
2019-03-19-15-06-38  {"type":1,"barrage":"我是一条测试弹幕","nick":"测试1","sid":"1314","giftNum":0,"source":1,"optId":10}

2019-03-19-15-06-39  client接收到：{"state":false,"result":"001","data":{"type":1,"addTime":"2019-03-19 15:06:38","control":0,"nick":"测试1","balance":0,"optId":10,"result":-1},"msg":"未见过的礼物名称"}

2019-03-19-15-06-40  房间人数为 7
2019-03-19-15-06-55  房间人数为 7
2019-03-19-15-07-10  房间人数为 7
2019-03-19-15-07-25  房间人数为 6
2019-03-19-15-11-34  main.py启动成功
2019-03-19-15-11-38  client开始连接
2019-03-19-15-11-38  server等待连接
2019-03-19-15-11-38  TCP_client连接成功
2019-03-19-15-11-39  房间人数为 6
2019-03-19-15-11-42  server接收到 ('183.236.27.196', 2580) 的连接
2019-03-19-15-11-54  房间人数为 6
2019-03-19-15-12-09  房间人数为 6
2019-03-19-15-12-24  房间人数为 7
2019-03-19-15-12-39  房间人数为 7
2019-03-19-15-12-54  房间人数为 7
2019-03-19-15-13-09  房间人数为 7
2019-03-19-15-13-24  房间人数为 7
2019-03-19-15-13-39  房间人数为 7
2019-03-19-15-13-49  main.py启动成功
2019-03-19-15-13-52  client开始连接
2019-03-19-15-13-52  server等待连接
2019-03-19-15-13-52  TCP_client连接成功
2019-03-19-15-13-52  server接收到 ('183.236.27.196', 2605) 的连接
2019-03-19-15-13-53  房间人数为 7
2019-03-19-15-14-08  房间人数为 7
2019-03-19-15-14-40  main.py启动成功
2019-03-19-15-14-43  client开始连接
2019-03-19-15-14-43  server等待连接
2019-03-19-15-14-43  TCP_client连接成功
2019-03-19-15-14-44  server接收到 ('183.236.27.196', 2609) 的连接
2019-03-19-15-14-44  房间人数为 7
2019-03-19-15-15-07  main.py启动成功
2019-03-19-15-15-10  1
2019-03-19-15-15-10  client开始连接
2019-03-19-15-15-10  1
2019-03-19-15-15-10  server等待连接
2019-03-19-15-15-10  TCP_client连接成功
2019-03-19-15-15-11  1
2019-03-19-15-15-11  1
2019-03-19-15-15-11  房间人数为 7
2019-03-19-15-15-12  1
2019-03-19-15-15-12  1
2019-03-19-15-15-13  1
2019-03-19-15-15-13  1
2019-03-19-15-15-13  server接收到 ('183.236.27.196', 2612) 的连接
2019-03-19-15-15-14  1
2019-03-19-15-15-14  1
2019-03-19-15-15-15  1
2019-03-19-15-15-15  1
2019-03-19-15-15-47  main.py启动成功
2019-03-19-15-15-50  1
2019-03-19-15-15-50  client开始连接
2019-03-19-15-15-50  1
2019-03-19-15-15-50  server等待连接
2019-03-19-15-15-50  TCP_client连接成功
2019-03-19-15-15-51  房间人数为 7
2019-03-19-15-15-51  server接收到 ('183.236.27.196', 2629) 的连接
2019-03-19-15-16-06  房间人数为 7
2019-03-19-15-16-21  房间人数为 7
2019-03-19-15-16-36  房间人数为 7
2019-03-19-15-16-41  main.py启动成功
2019-03-19-15-16-44  1
2019-03-19-15-16-44  client开始连接
2019-03-19-15-16-44  server等待连接
2019-03-19-15-16-44  1
2019-03-19-15-16-44  TCP_client连接成功
2019-03-19-15-16-44  1
2019-03-19-15-16-44  {"type":0,"barrage":"我是一条测试弹幕","nick":"测试1号","sid":"1314","giftNum":0,"source":1,"optId":01}

2019-03-19-15-16-44  1
2019-03-19-15-16-44  1
2019-03-19-15-16-44  server接收到 ('183.236.27.196', 2630) 的连接
2019-03-19-15-16-44  1
2019-03-19-15-16-44  client接收到：
2019-03-19-15-16-44  client开始连接
2019-03-19-15-16-44  TCP_client连接成功
2019-03-19-15-16-45  房间人数为 7
2019-03-19-15-16-45  1
2019-03-19-15-16-45  1
2019-03-19-15-16-46  1
2019-03-19-15-16-46  1
2019-03-19-15-16-47  1
2019-03-19-15-16-47  1
2019-03-19-15-16-48  1
2019-03-19-15-16-48  1
2019-03-19-15-16-49  1
2019-03-19-15-16-49  1
2019-03-19-15-16-50  1
2019-03-19-15-16-50  1
2019-03-19-15-16-51  1
2019-03-19-15-16-51  1
2019-03-19-15-16-53  1
2019-03-19-15-16-53  1
2019-03-19-15-16-54  1
2019-03-19-15-16-54  1
2019-03-19-15-16-55  1
2019-03-19-15-16-55  1
2019-03-19-15-16-56  1
2019-03-19-15-16-56  1
2019-03-19-15-16-57  1
2019-03-19-15-16-57  1
2019-03-19-15-16-58  1
2019-03-19-15-16-58  1
2019-03-19-15-17-06  main.py启动成功
2019-03-19-15-17-09  client开始连接
2019-03-19-15-17-09  server等待连接
2019-03-19-15-17-09  TCP_client连接成功
2019-03-19-15-17-10  server接收到 ('183.236.27.196', 2632) 的连接
2019-03-19-15-17-10  房间人数为 7
2019-03-19-15-18-26  main.py启动成功
2019-03-19-15-18-29  client开始连接
2019-03-19-15-18-29  server等待连接
2019-03-19-15-18-29  TCP_client连接成功
2019-03-19-15-18-31  房间人数为 7
2019-03-19-15-18-33  server接收到 ('183.236.27.196', 2656) 的连接
2019-03-19-15-18-46  房间人数为 7
2019-03-19-15-19-01  房间人数为 7
2019-03-19-15-19-16  房间人数为 7
2019-03-19-15-19-24  1
2019-03-19-15-19-24  {"type":0,"barrage":"我是一条测试弹幕","nick":"测试1号","sid":"1314","giftNum":0,"source":1,"optId":01}

2019-03-19-15-19-24  1
2019-03-19-15-19-24  client接收到：
2019-03-19-15-19-24  client开始连接
2019-03-19-15-19-24  TCP_client连接成功
2019-03-19-15-19-31  房间人数为 7
2019-03-19-15-19-46  房间人数为 7
2019-03-19-15-20-01  房间人数为 7
2019-03-19-15-20-07  main.py启动成功
2019-03-19-15-20-10  1
2019-03-19-15-20-10  client开始连接
2019-03-19-15-20-10  {"type":0,"barrage":"我是一条测试弹幕","nick":"测试1号","sid":"1314","giftNum":0,"source":1,"optId":01}

2019-03-19-15-20-10  server等待连接
2019-03-19-15-20-10  TCP_client连接成功
2019-03-19-15-20-10  1
2019-03-19-15-20-11  client接收到：
2019-03-19-15-20-11  client开始连接
2019-03-19-15-20-11  TCP_client连接成功
2019-03-19-15-20-11  房间人数为 7
2019-03-19-15-20-12  server接收到 ('183.236.27.196', 2670) 的连接
2019-03-19-15-20-26  房间人数为 7
2019-03-19-15-20-41  房间人数为 7
2019-03-19-15-20-56  房间人数为 7
2019-03-19-15-21-11  房间人数为 7
2019-03-19-15-21-26  房间人数为 6
2019-03-19-15-21-41  房间人数为 6
2019-03-19-15-21-56  房间人数为 6
2019-03-19-15-22-11  房间人数为 6
2019-03-19-15-22-26  房间人数为 5
2019-03-19-15-22-41  房间人数为 5
2019-03-19-15-23-04  main.py启动成功
2019-03-19-15-23-08  client开始连接
2019-03-19-15-23-08  server等待连接
2019-03-19-15-23-08  TCP_client连接成功
2019-03-19-15-23-08  server接收到 ('183.236.27.196', 2686) 的连接
2019-03-19-15-23-09  房间人数为 5
2019-03-19-15-23-24  房间人数为 5
2019-03-19-15-23-29  1
2019-03-19-15-23-29  {"type":0,"barrage":"我是一条测试弹幕","nick":"测试1号","sid":"1314","giftNum":0,"source":1,"optId":01}

2019-03-19-15-23-29  1
2019-03-19-15-23-29  client接收到：
2019-03-19-15-23-29  client开始连接
2019-03-19-15-23-29  TCP_client连接成功
2019-03-19-15-23-39  房间人数为 5
2019-03-19-15-23-54  房间人数为 5
2019-03-19-15-24-09  房间人数为 5
2019-03-19-15-24-23  1
2019-03-19-15-24-23  {"type":0,"barrage":"我是一条测试弹幕","nick":"测试1号","sid":"1314","giftNum":0,"source":1,"optId":01}

2019-03-19-15-24-23  1
2019-03-19-15-24-23  client接收到：
2019-03-19-15-24-23  client开始连接
2019-03-19-15-24-23  TCP_client连接成功
2019-03-19-15-24-24  房间人数为 5
2019-03-19-15-24-39  房间人数为 5
2019-03-19-15-24-54  房间人数为 5
2019-03-19-15-25-09  房间人数为 5
2019-03-19-15-25-24  房间人数为 5
2019-03-19-15-25-39  房间人数为 5
2019-03-19-15-25-54  房间人数为 5
2019-03-19-15-26-08  1
2019-03-19-15-26-08  {"type":1,"barrage":"辣条","nick":"测试1号","sid":"1314","giftNum":1,"source":1,"optId":10}

2019-03-19-15-26-08  1
2019-03-19-15-26-08  client接收到：
2019-03-19-15-26-08  client开始连接
2019-03-19-15-26-08  TCP_client连接成功
2019-03-19-15-26-09  房间人数为 5
2019-03-19-15-26-24  房间人数为 5
2019-03-19-15-26-39  房间人数为 5
2019-03-19-15-26-54  房间人数为 5
2019-03-19-15-27-09  房间人数为 5
2019-03-19-15-27-24  房间人数为 6
2019-03-19-15-27-39  房间人数为 6
2019-03-19-15-27-54  房间人数为 6
2019-03-19-15-28-09  房间人数为 6
2019-03-19-15-28-24  房间人数为 7
2019-03-19-15-30-34  main.py启动成功
2019-03-19-15-30-38  client开始连接
2019-03-19-15-30-38  server等待连接
2019-03-19-15-30-38  TCP_client连接成功
2019-03-19-15-30-38  server接收到 ('183.236.27.196', 2751) 的连接
2019-03-19-15-30-39  房间人数为 7
2019-03-19-15-30-40  1
2019-03-19-15-30-40  {"type":1,"barrage":"辣条","nick":"测试1号","sid":"13145","giftNum":1,"source":1,"optId":10}

2019-03-19-15-30-40  1
2019-03-19-15-30-40  client接收到：{"state":true,"result":"200","data":{"type":1,"addTime":"2019-03-19 15:30:40","control":0,"nick":"测试1号","balance":200,"optId":10,"result":-1},"msg":"成功"}

2019-03-19-15-30-47  1
2019-03-19-15-30-47  {"type":0,"barrage":"我是一条测试弹幕","nick":"测试1号","sid":"13145","giftNum":0,"source":1,"optId":01}

2019-03-19-15-30-47  1
2019-03-19-15-30-47  client接收到：
2019-03-19-15-30-47  client开始连接
2019-03-19-15-30-47  TCP_client连接成功
2019-03-19-15-30-54  房间人数为 7
2019-03-19-15-31-02  1
2019-03-19-15-31-02  {"type":0,"barrage":"我是一条测试弹幕","nick":"测试1号","sid":"13145","giftNum":1,"source":1,"optId":01}

2019-03-19-15-31-02  1
2019-03-19-15-31-02  client接收到：
2019-03-19-15-31-02  client开始连接
2019-03-19-15-31-02  TCP_client连接成功
2019-03-19-15-31-09  房间人数为 7
2019-03-19-15-31-24  房间人数为 7
2019-03-19-15-31-30  1
2019-03-19-15-31-30  {"type":0,"barrage":"我是一条测试弹幕","nick":"测试1号","sid":"0001","giftNum":1,"source":1,"optId":01}

2019-03-19-15-31-30  1
2019-03-19-15-31-30  client接收到：
2019-03-19-15-31-30  client开始连接
2019-03-19-15-31-30  TCP_client连接成功
2019-03-19-15-31-39  房间人数为 7
2019-03-19-15-31-54  房间人数为 7
2019-03-19-15-32-09  房间人数为 7
2019-03-19-15-32-24  房间人数为 7
2019-03-19-15-32-39  房间人数为 7
2019-03-19-15-32-54  房间人数为 7
2019-03-19-15-33-09  房间人数为 7
2019-03-19-15-33-24  房间人数为 7
2019-03-19-15-33-39  房间人数为 7
2019-03-19-15-33-54  房间人数为 7
2019-03-19-15-34-09  房间人数为 7
2019-03-19-15-34-24  房间人数为 7
2019-03-19-15-34-35  1
2019-03-19-15-34-35  {"type":0,"barrage":"我是一条测试弹幕","nick":"测试1号","sid":"0001","giftNum":1,"source":1,"optId":01}

2019-03-19-15-34-35  1
2019-03-19-15-34-35  client接收到：
2019-03-19-15-34-35  client开始连接
2019-03-19-15-34-35  TCP_client连接成功
2019-03-19-15-34-39  房间人数为 7
2019-03-19-15-34-54  房间人数为 7
2019-03-19-15-34-56  1
2019-03-19-15-34-56  {"type":0,"barrage":"我是一条测试弹幕","nick":"测试1号","sid":"0001","giftNum":1,"source":1,"optId":11}

2019-03-19-15-34-56  1
2019-03-19-15-34-56  client接收到：{"state":false,"result":"004","data":{"type":0,"barrage":"我是一条测试弹幕","addTime":"2019-03-19 15:34:56","control":0,"nick":"测试1号","balance":200,"optId":11,"result":-1},"msg":"不存在相关指令"}

2019-03-19-15-35-09  房间人数为 7
2019-03-19-15-35-24  1
2019-03-19-15-35-24  {"type":1,"barrage":"辣条","nick":"测试2号","sid":"13145","giftNum":1,"source":1,"optId":20}

2019-03-19-15-35-24  1
2019-03-19-15-35-24  client接收到：
2019-03-19-15-35-24  client开始连接
2019-03-19-15-35-24  TCP_client连接成功
2019-03-19-15-35-24  房间人数为 6
2019-03-19-15-35-39  房间人数为 6
2019-03-19-15-35-54  房间人数为 6
2019-03-19-15-36-09  房间人数为 6
2019-03-19-15-36-24  房间人数为 5
2019-03-19-15-36-39  房间人数为 5
2019-03-19-15-41-18  main.py启动成功
2019-03-19-15-41-21  client开始连接
2019-03-19-15-41-21  server等待连接
2019-03-19-15-41-21  TCP_client连接成功
2019-03-19-15-41-23  房间人数为 4
2019-03-19-15-41-23  server接收到 ('183.236.27.196', 2866) 的连接
2019-03-19-15-41-24  1
2019-03-19-15-41-24  {"type":0,"barrage":"我是一条测试弹幕","nick":"测试1号","sid":"0001","giftNum":1,"source":1,"optId":11}

2019-03-19-15-41-24  1
2019-03-19-15-41-24  client接收到：{"state":false,"result":"004","data":{"type":0,"barrage":"我是一条测试弹幕","addTime":"2019-03-19 15:41:24","control":0,"nick":"测试1号","balance":200,"optId":11,"result":-1},"msg":"不存在相关指令"}

2019-03-19-15-41-38  房间人数为 4
2019-03-19-15-41-40  1
2019-03-19-15-41-40  {"type":1,"barrage":"辣条","nick":"测试2号","sid":"13145","giftNum":1,"source":1,"optId":20}

2019-03-19-15-41-40  1
2019-03-19-15-41-40  client接收到：
2019-03-19-15-41-40  client开始连接
2019-03-19-15-41-40  TCP_client连接成功
2019-03-19-15-41-53  房间人数为 4
2019-03-19-15-42-05  1
2019-03-19-15-42-05  {"type":1,"barrage":"辣条","nick":"测试3号","sid":"0001","giftNum":1,"source":1,"optId":20}

2019-03-19-15-42-05  1
2019-03-19-15-42-05  client接收到：{"state":true,"result":"200","data":{"type":1,"addTime":"2019-03-19 15:42:05","control":0,"nick":"测试3号","balance":100,"optId":20,"result":-1},"msg":"成功"}

2019-03-19-15-42-08  房间人数为 4
2019-03-19-15-42-12  1
2019-03-19-15-42-12  {"type":0,"barrage":"我是一条测试弹幕","nick":"测试3号","sid":"0001","giftNum":1,"source":1,"optId":11}

2019-03-19-15-42-12  1
2019-03-19-15-42-12  client接收到：{"state":false,"result":"004","data":{"type":0,"barrage":"我是一条测试弹幕","addTime":"2019-03-19 15:42:12","control":0,"nick":"测试3号","balance":100,"optId":11,"result":-1},"msg":"不存在相关指令"}

2019-03-19-15-42-21  1
2019-03-19-15-42-21  {"type":1,"barrage":"辣条","nick":"测试3号","sid":"0001","giftNum":1,"source":1,"optId":20}

2019-03-19-15-42-21  1
2019-03-19-15-42-21  client接收到：{"state":true,"result":"200","data":{"type":1,"addTime":"2019-03-19 15:42:21","control":0,"nick":"测试3号","balance":200,"optId":20,"result":-1},"msg":"成功"}

2019-03-19-15-42-23  房间人数为 5
2019-03-19-15-42-25  1
2019-03-19-15-42-25  {"type":0,"barrage":"我是一条测试弹幕","nick":"测试3号","sid":"0001","giftNum":1,"source":1,"optId":11}

2019-03-19-15-42-25  1
2019-03-19-15-42-25  client接收到：{"state":false,"result":"004","data":{"type":0,"barrage":"我是一条测试弹幕","addTime":"2019-03-19 15:42:25","control":0,"nick":"测试3号","balance":200,"optId":11,"result":-1},"msg":"不存在相关指令"}

2019-03-19-15-42-38  房间人数为 5
2019-03-19-15-42-51  1
2019-03-19-15-42-51  {"type":0,"barrage":"画面1","nick":"测试3号","sid":"0001","giftNum":1,"source":1,"optId":11}

2019-03-19-15-42-51  1
2019-03-19-15-42-52  client接收到：{"state":true,"result":"200","data":{"type":0,"barrage":"画面1","addTime":"2019-03-19 15:42:52","control":1,"nick":"测试3号","balance":190,"optId":11,"result":-1},"msg":"成功"}

2019-03-19-15-42-53  房间人数为 5
2019-03-19-15-43-08  房间人数为 5
2019-03-19-15-43-23  房间人数为 5
2019-03-19-15-43-38  房间人数为 5
2019-03-19-15-43-53  房间人数为 5
2019-03-19-15-44-08  房间人数为 5
2019-03-19-15-44-23  房间人数为 5
2019-03-19-15-44-38  房间人数为 5
2019-03-19-15-44-53  房间人数为 5
2019-03-19-15-45-08  房间人数为 5
2019-03-19-15-45-23  房间人数为 6
2019-03-19-15-45-38  房间人数为 6
2019-03-19-15-45-53  房间人数为 6
2019-03-19-15-46-08  房间人数为 6
2019-03-19-15-46-23  房间人数为 6
2019-03-19-15-46-38  房间人数为 6
2019-03-19-15-46-53  房间人数为 6
2019-03-19-15-47-08  房间人数为 6
2019-03-19-15-47-23  房间人数为 5
2019-03-19-15-47-38  房间人数为 5
2019-03-19-15-47-48  1
2019-03-19-15-47-48  {"type":0,"barrage":"抓取","nick":"测试3号","sid":"0001","giftNum":1,"source":1,"optId":11}

2019-03-19-15-47-48  1
2019-03-19-15-47-49  client接收到：{"state":true,"result":"200","data":{"type":0,"addTime":"2019-03-19 15:47:49","control":0,"nick":"测试3号","balance":190,"optId":11,"result":-1},"msg":"操作失败，余额不足"}

2019-03-19-15-47-53  房间人数为 5
2019-03-19-15-48-08  房间人数为 5
2019-03-19-15-48-23  房间人数为 5
2019-03-19-15-48-38  房间人数为 5
2019-03-19-15-48-53  房间人数为 5
2019-03-19-15-49-08  房间人数为 5
2019-03-19-15-49-23  房间人数为 6
2019-03-19-15-49-38  房间人数为 6
2019-03-19-15-49-53  房间人数为 6
2019-03-19-15-50-08  房间人数为 6
2019-03-19-15-50-23  房间人数为 7
2019-03-19-15-50-38  房间人数为 7
2019-03-19-15-50-53  房间人数为 7
2019-03-19-15-51-08  房间人数为 7
2019-03-19-15-51-23  房间人数为 7
2019-03-19-15-51-38  房间人数为 6
2019-03-19-15-51-53  房间人数为 6
2019-03-19-15-52-04  1
2019-03-19-15-52-04  {"type":0,"barrage":"画面1","nick":"测试3号","sid":"0001","giftNum":1,"source":1,"optId":11}

2019-03-19-15-52-04  1
2019-03-19-15-52-04  client接收到：{"state":true,"result":"200","data":{"type":0,"barrage":"画面1","addTime":"2019-03-19 15:52:04","control":1,"nick":"测试3号","balance":90,"optId":11,"result":-1},"msg":"成功"}

2019-03-19-15-52-08  房间人数为 6
2019-03-19-15-52-23  房间人数为 5
2019-03-19-15-52-38  房间人数为 5
2019-03-19-15-52-53  房间人数为 5
2019-03-19-15-53-08  房间人数为 5
2019-03-19-15-53-23  房间人数为 5
2019-03-19-15-53-38  房间人数为 5
2019-03-19-15-53-53  房间人数为 5
2019-03-19-15-54-08  房间人数为 5
2019-03-19-15-54-23  房间人数为 6
2019-03-19-15-54-38  房间人数为 6
2019-03-19-15-54-53  房间人数为 6
2019-03-19-15-55-08  房间人数为 6
2019-03-19-15-55-23  房间人数为 6
2019-03-19-15-55-38  房间人数为 6
2019-03-19-15-55-53  房间人数为 6
2019-03-19-15-56-08  房间人数为 6
2019-03-19-15-56-23  房间人数为 6
2019-03-19-15-56-38  房间人数为 6
2019-03-19-15-56-53  房间人数为 6
2019-03-19-15-57-08  房间人数为 6
2019-03-19-15-57-23  房间人数为 5
2019-03-19-15-57-38  房间人数为 5
2019-03-19-15-57-53  房间人数为 5
2019-03-19-15-58-08  房间人数为 5
2019-03-19-15-58-23  房间人数为 6
2019-03-19-15-58-38  房间人数为 6
2019-03-19-15-58-53  房间人数为 6
2019-03-19-15-59-08  房间人数为 6
2019-03-19-15-59-23  房间人数为 6
2019-03-19-15-59-38  房间人数为 6
2019-03-19-15-59-53  房间人数为 6
2019-03-19-16-00-08  房间人数为 6
2019-03-19-16-00-23  房间人数为 6
2019-03-19-16-00-38  房间人数为 6
2019-03-19-16-00-53  房间人数为 6
2019-03-19-16-01-08  房间人数为 6
2019-03-19-16-01-23  房间人数为 6
2019-03-19-16-01-38  房间人数为 6
2019-03-19-16-01-53  房间人数为 6
2019-03-19-16-02-08  房间人数为 6
2019-03-19-16-02-23  房间人数为 6
2019-03-19-16-02-38  房间人数为 6
2019-03-19-16-02-53  房间人数为 6
2019-03-19-16-03-08  房间人数为 6
2019-03-19-16-03-23  房间人数为 6
2019-03-19-16-03-38  房间人数为 6
2019-03-19-16-03-53  房间人数为 6
2019-03-19-16-03-55  my_Tool_init错误
2019-03-19-16-03-55  my_Tool_init错误
2019-03-19-16-03-56  my_Tool_init错误
2019-03-19-16-03-57  my_Tool_init错误
2019-03-19-16-03-57  my_Tool_init错误
2019-03-19-16-04-08  房间人数为 6
2019-03-19-16-04-21  main.py启动成功
2019-03-19-16-04-23  房间人数为 6
2019-03-19-16-04-24  client开始连接
2019-03-19-16-04-24  TCP_client连接成功
2019-03-19-16-04-25  房间人数为 6
2019-03-19-16-04-36  server等待连接
2019-03-19-16-04-40  房间人数为 6
2019-03-19-16-04-41  server接收到 ('183.236.27.196', 3004) 的连接
2019-03-19-16-04-48  1
2019-03-19-16-04-48  {"type":0,"barrage":"画面1","nick":"测试3号","sid":"0001","giftNum":1,"source":1,"optId":11}

2019-03-19-16-04-48  1
2019-03-19-16-04-48  client接收到：{"state":true,"result":"200","data":{"type":0,"addTime":"2019-03-19 16:04:48","control":0,"nick":"测试3号","balance":90,"optId":11,"result":-1},"msg":"操作失败，余额不足"}

2019-03-19-16-04-55  房间人数为 6
2019-03-19-16-05-10  房间人数为 6
2019-03-19-16-05-16  1
2019-03-19-16-05-16  {"type":1,"barrage":"辣条","nick":"测试3号","sid":"0001","giftNum":1,"source":1,"optId":20}

2019-03-19-16-05-16  1
2019-03-19-16-05-16  client接收到：{"state":true,"result":"200","data":{"type":1,"addTime":"2019-03-19 16:05:16","control":0,"nick":"测试3号","balance":190,"optId":20,"result":-1},"msg":"成功"}

2019-03-19-16-05-25  房间人数为 6
2019-03-19-16-05-36  1
2019-03-19-16-05-36  {"type":0,"barrage":"画面1","nick":"测试3号","sid":"0001","giftNum":1,"source":1,"optId":11}

2019-03-19-16-05-36  1
2019-03-19-16-05-36  client接收到：{"state":true,"result":"200","data":{"type":0,"barrage":"画面1","addTime":"2019-03-19 16:05:36","control":1,"nick":"测试3号","balance":90,"optId":11,"result":-1},"msg":"成功"}

2019-03-19-16-05-40  房间人数为 6
2019-03-19-16-05-55  房间人数为 6
2019-03-19-16-06-10  房间人数为 6
2019-03-19-16-06-25  房间人数为 5
2019-03-19-16-06-40  房间人数为 5
2019-03-19-16-06-55  房间人数为 5
2019-03-19-16-07-10  房间人数为 5
2019-03-19-16-07-25  房间人数为 5
2019-03-19-16-07-33  main.py启动成功
2019-03-19-16-07-37  client开始连接
2019-03-19-16-07-37  server等待连接
2019-03-19-16-07-37  TCP_client连接成功
2019-03-19-16-07-37  server接收到 ('183.236.27.196', 3019) 的连接
2019-03-19-16-07-38  房间人数为 5
2019-03-19-16-07-39  1
2019-03-19-16-07-39  {"type":0,"barrage":"画面1","nick":"测试3号","sid":"0001","giftNum":1,"source":1,"optId":11}

2019-03-19-16-07-39  1
2019-03-19-16-07-39  client接收到：{"state":true,"result":"200","data":{"type":0,"addTime":"2019-03-19 16:07:39","control":0,"nick":"测试3号","balance":90,"optId":11,"result":-1},"msg":"操作失败，余额不足"}

2019-03-19-16-07-53  房间人数为 5
2019-03-19-16-08-08  房间人数为 5
2019-03-19-16-08-23  房间人数为 5
2019-03-19-16-08-39  main.py启动成功
2019-03-19-16-08-42  client开始连接
2019-03-19-16-08-42  server等待连接
2019-03-19-16-08-42  TCP_client连接成功
2019-03-19-16-08-43  房间人数为 5
2019-03-19-16-08-47  server接收到 ('183.236.27.196', 3031) 的连接
2019-03-19-16-08-47  1
2019-03-19-16-08-47  {"type":0,"barrage":"画面1","nick":"测试3号","sid":"0001","giftNum":1,"source":1,"optId":11}

2019-03-19-16-08-47  1
2019-03-19-16-08-47  client接收到：{"state":true,"result":"200","data":{"type":0,"addTime":"2019-03-19 16:08:47","control":0,"nick":"测试3号","balance":90,"optId":11,"result":-1},"msg":"操作失败，余额不足"}

2019-03-19-16-08-47  弹幕
2019-03-19-16-08-58  房间人数为 5
2019-03-19-16-09-13  房间人数为 5
2019-03-19-16-09-28  房间人数为 6
2019-03-19-16-09-43  房间人数为 6
2019-03-19-16-09-58  房间人数为 6
2019-03-19-16-10-15  my_Tool_init错误
2019-03-19-16-10-15  my_Tool_init错误
2019-03-19-16-10-16  my_Tool_init错误
2019-03-19-16-10-16  my_Tool_init错误
2019-03-19-16-10-30  ['分屏模式', '画面1', '画面2', '画面3', '画面4', '画面5', '画面6', '画面7', '画面8', '画面9', '控制模式', '召回哈姆太郎', '召唤哈姆太郎', '投食']
2019-03-19-16-10-30  main.py启动成功
2019-03-19-16-10-34  client开始连接
2019-03-19-16-10-34  server等待连接
2019-03-19-16-10-34  TCP_client连接成功
2019-03-19-16-10-35  房间人数为 6
2019-03-19-16-10-35  server接收到 ('183.236.27.196', 3046) 的连接
2019-03-19-16-10-47  ['分屏模式', '画面1', '画面2', '画面3', '画面4', '画面5', '画面6', '画面7', '画面8', '画面9', '控制模式', '召回哈姆太郎', '召唤哈姆太郎', '投食']
2019-03-19-16-10-47  ['A0', 'A1', 'A2', 'A3', 'A4', 'A5', 'A6', 'A7', 'A8', 'A9', 'B0', 'B1', 'B2', 'B3']
2019-03-19-16-10-47  main.py启动成功
2019-03-19-16-10-50  client开始连接
2019-03-19-16-10-50  server等待连接
2019-03-19-16-10-50  TCP_client连接成功
2019-03-19-16-10-51  房间人数为 6
2019-03-19-16-10-53  server接收到 ('183.236.27.196', 3051) 的连接
2019-03-19-16-11-04  1
2019-03-19-16-11-04  {"type":0,"barrage":"画面1","nick":"测试3号","sid":"0001","giftNum":1,"source":1,"optId":11}

2019-03-19-16-11-04  1
2019-03-19-16-11-04  client接收到：{"state":true,"result":"200","data":{"type":0,"addTime":"2019-03-19 16:11:04","control":0,"nick":"测试3号","balance":90,"optId":11,"result":-1},"msg":"操作失败，余额不足"}

2019-03-19-16-11-04  弹幕
2019-03-19-16-11-06  房间人数为 6
2019-03-19-16-11-21  房间人数为 6
2019-03-19-16-11-36  房间人数为 5
2019-03-19-16-11-51  房间人数为 5
2019-03-19-16-12-06  房间人数为 5
2019-03-19-16-12-21  房间人数为 5
2019-03-19-16-12-29  ['分屏模式', '画面1', '画面2', '画面3', '画面4', '画面5', '画面6', '画面7', '画面8', '画面9', '控制模式', '召回哈姆太郎', '召唤哈姆太郎', '投食']
2019-03-19-16-12-29  ['A0', 'A1', 'A2', 'A3', 'A4', 'A5', 'A6', 'A7', 'A8', 'A9', 'B0', 'B1', 'B2', 'B3']
2019-03-19-16-12-29  main.py启动成功
2019-03-19-16-12-32  client开始连接
2019-03-19-16-12-32  server等待连接
2019-03-19-16-12-32  TCP_client连接成功
2019-03-19-16-12-33  房间人数为 5
2019-03-19-16-12-34  server接收到 ('183.236.27.196', 3065) 的连接
2019-03-19-16-12-37  1
2019-03-19-16-12-37  {"type":0,"barrage":"画面1","nick":"测试3号","sid":"0001","giftNum":1,"source":1,"optId":11}

2019-03-19-16-12-37  1
2019-03-19-16-12-37  client接收到：{"state":true,"result":"200","data":{"type":0,"addTime":"2019-03-19 16:12:37","control":0,"nick":"测试3号","balance":90,"optId":11,"result":-1},"msg":"操作失败，余额不足"}

2019-03-19-16-12-38  client开始连接
2019-03-19-16-12-38  TCP_client连接成功
2019-03-19-16-12-48  房间人数为 5
2019-03-19-16-13-02  ['分屏模式', '画面1', '画面2', '画面3', '画面4', '画面5', '画面6', '画面7', '画面8', '画面9', '控制模式', '召回哈姆太郎', '召唤哈姆太郎', '投食']
2019-03-19-16-13-02  ['A0', 'A1', 'A2', 'A3', 'A4', 'A5', 'A6', 'A7', 'A8', 'A9', 'B0', 'B1', 'B2', 'B3']
2019-03-19-16-13-02  main.py启动成功
2019-03-19-16-13-05  client开始连接
2019-03-19-16-13-05  server等待连接
2019-03-19-16-13-05  TCP_client连接成功
2019-03-19-16-13-05  server接收到 ('183.236.27.196', 3066) 的连接
2019-03-19-16-13-06  房间人数为 5
2019-03-19-16-13-08  1
2019-03-19-16-13-08  {"type":0,"barrage":"画面1","nick":"测试3号","sid":"0001","giftNum":1,"source":1,"optId":11}

2019-03-19-16-13-08  1
2019-03-19-16-13-08  client接收到：{"state":true,"result":"200","data":{"type":0,"addTime":"2019-03-19 16:13:08","control":0,"nick":"测试3号","balance":90,"optId":11,"result":-1},"msg":"操作失败，余额不足"}

2019-03-19-16-13-08  90
2019-03-19-16-13-21  房间人数为 4
2019-03-19-16-13-36  房间人数为 4
2019-03-19-16-13-51  房间人数为 4
2019-03-19-16-14-06  1
2019-03-19-16-14-06  {"type":1,"barrage":"辣条","nick":"测试3号","sid":"0001","giftNum":1,"source":1,"optId":20}

2019-03-19-16-14-06  1
2019-03-19-16-14-06  房间人数为 4
2019-03-19-16-14-06  client接收到：{"state":true,"result":"200","data":{"type":1,"addTime":"2019-03-19 16:14:06","control":0,"nick":"测试3号","balance":190,"optId":20,"result":-1},"msg":"成功"}

2019-03-19-16-14-06  礼物
2019-03-19-16-14-21  房间人数为 5
2019-03-19-16-14-36  房间人数为 5
2019-03-19-16-14-51  房间人数为 5
2019-03-19-16-15-06  1
2019-03-19-16-15-06  {"type":0,"barrage":"画面1","nick":"测试3号","sid":"0001","giftNum":1,"source":1,"optId":11}

2019-03-19-16-15-06  房间人数为 5
2019-03-19-16-15-06  1
2019-03-19-16-15-06  client接收到：{"state":true,"result":"200","data":{"type":0,"barrage":"画面1","addTime":"2019-03-19 16:15:06","control":1,"nick":"测试3号","balance":90,"optId":11,"result":-1},"msg":"成功"}

2019-03-19-16-15-06  90
2019-03-19-16-15-19  1
2019-03-19-16-15-19  {"type":0,"barrage":"画面1","nick":"测试3号","sid":"0001","giftNum":1,"source":1,"optId":11}

2019-03-19-16-15-19  1
2019-03-19-16-15-19  client接收到：{"state":true,"result":"200","data":{"type":0,"addTime":"2019-03-19 16:15:19","control":0,"nick":"测试3号","balance":90,"optId":11,"result":-1},"msg":"操作失败，余额不足"}

2019-03-19-16-15-19  90
2019-03-19-16-15-21  房间人数为 5
2019-03-19-16-15-33  1
2019-03-19-16-15-33  {"type":1,"barrage":"辣条","nick":"测试3号","sid":"0001","giftNum":1,"source":1,"optId":20}

2019-03-19-16-15-33  1
2019-03-19-16-15-33  client接收到：{"state":true,"result":"200","data":{"type":1,"addTime":"2019-03-19 16:15:33","control":0,"nick":"测试3号","balance":190,"optId":20,"result":-1},"msg":"成功"}

2019-03-19-16-15-33  礼物
2019-03-19-16-15-36  房间人数为 5
2019-03-19-16-15-51  房间人数为 5
2019-03-19-16-16-06  房间人数为 5
2019-03-19-16-16-21  房间人数为 6
2019-03-19-16-16-36  房间人数为 6
2019-03-19-16-16-51  房间人数为 6
2019-03-19-16-17-06  房间人数为 6
2019-03-19-16-17-21  房间人数为 6
2019-03-19-16-17-36  房间人数为 6
2019-03-19-16-17-51  房间人数为 6
2019-03-19-16-18-06  房间人数为 6
2019-03-19-16-18-21  房间人数为 6
2019-03-19-16-18-36  房间人数为 6
2019-03-19-16-18-51  房间人数为 6
2019-03-19-16-19-06  房间人数为 6
2019-03-19-16-19-21  房间人数为 6
2019-03-19-16-19-36  房间人数为 6
2019-03-19-16-19-51  房间人数为 6
2019-03-19-16-20-06  房间人数为 6
2019-03-19-16-20-21  房间人数为 6
2019-03-19-16-20-36  房间人数为 6
2019-03-19-16-20-51  房间人数为 6
2019-03-19-16-21-06  房间人数为 6
2019-03-19-16-21-21  房间人数为 6
2019-03-19-16-21-36  房间人数为 6
2019-03-19-16-21-51  房间人数为 6
2019-03-19-16-22-06  房间人数为 6
2019-03-19-16-22-21  房间人数为 6
2019-03-19-16-22-36  房间人数为 6
2019-03-19-16-22-51  房间人数为 6
2019-03-19-16-23-06  房间人数为 6
2019-03-19-16-23-21  房间人数为 7
2019-03-19-16-23-36  房间人数为 7
2019-03-19-16-23-51  房间人数为 7
2019-03-19-16-24-06  房间人数为 7
2019-03-19-16-24-21  房间人数为 7
2019-03-19-16-24-36  房间人数为 7
2019-03-19-16-24-51  房间人数为 7
2019-03-19-16-25-06  房间人数为 7
2019-03-19-16-25-21  房间人数为 6
2019-03-19-16-25-36  房间人数为 6
2019-03-19-16-25-51  房间人数为 6
2019-03-19-16-26-06  房间人数为 6
2019-03-19-16-26-21  房间人数为 7
2019-03-19-16-26-36  房间人数为 7
2019-03-19-16-26-51  房间人数为 7
2019-03-19-16-27-06  房间人数为 7
2019-03-19-16-27-21  房间人数为 7
2019-03-19-16-27-36  房间人数为 7
2019-03-19-16-27-51  房间人数为 7
2019-03-19-16-28-06  房间人数为 7
2019-03-19-16-28-21  房间人数为 7
2019-03-19-16-28-36  房间人数为 7
2019-03-19-16-28-51  房间人数为 7
2019-03-19-16-29-06  房间人数为 7
2019-03-19-16-29-21  房间人数为 7
2019-03-19-16-29-36  房间人数为 7
2019-03-19-16-29-51  房间人数为 7
2019-03-19-16-30-06  房间人数为 7
2019-03-19-16-30-21  房间人数为 6
2019-03-19-16-30-36  房间人数为 6
2019-03-19-16-30-51  房间人数为 6
2019-03-19-16-31-06  房间人数为 6
2019-03-19-16-31-21  房间人数为 6
2019-03-19-16-31-36  房间人数为 7
2019-03-19-16-31-51  房间人数为 7
2019-03-19-16-32-06  房间人数为 7
2019-03-19-16-32-21  房间人数为 7
2019-03-19-16-32-36  房间人数为 7
2019-03-19-16-32-51  房间人数为 7
2019-03-19-16-33-06  房间人数为 7
2019-03-19-16-33-21  房间人数为 7
2019-03-19-16-33-36  房间人数为 7
2019-03-19-16-33-51  房间人数为 7
2019-03-19-16-34-06  房间人数为 7
2019-03-19-16-34-21  房间人数为 7
2019-03-19-16-34-36  房间人数为 7
2019-03-19-16-34-51  房间人数为 7
2019-03-19-16-35-06  房间人数为 7
2019-03-19-16-35-21  房间人数为 7
2019-03-19-16-35-36  房间人数为 6
2019-03-19-16-35-51  房间人数为 6
2019-03-19-16-36-06  房间人数为 6
2019-03-19-16-36-21  房间人数为 6
2019-03-19-16-36-36  房间人数为 6
2019-03-19-16-36-51  房间人数为 6
2019-03-19-16-37-06  房间人数为 6
2019-03-19-16-37-21  房间人数为 6
2019-03-19-16-37-36  房间人数为 6
2019-03-19-16-37-51  房间人数为 6
2019-03-19-16-38-06  房间人数为 6
2019-03-19-16-38-21  房间人数为 7
2019-03-19-16-38-36  房间人数为 7
2019-03-19-16-38-51  房间人数为 7
2019-03-19-16-39-06  房间人数为 7
2019-03-19-16-39-21  房间人数为 7
2019-03-19-16-39-36  房间人数为 6
2019-03-19-16-39-51  房间人数为 6
2019-03-19-16-40-06  房间人数为 6
2019-03-19-16-40-21  房间人数为 6
2019-03-19-16-40-36  房间人数为 6
2019-03-19-16-40-51  房间人数为 6
2019-03-19-16-41-06  房间人数为 6
2019-03-19-16-41-21  房间人数为 6
2019-03-19-16-41-36  房间人数为 6
2019-03-19-16-41-51  房间人数为 6
2019-03-19-16-42-06  房间人数为 6
2019-03-19-16-42-21  房间人数为 6
2019-03-19-16-42-36  房间人数为 6
2019-03-19-16-42-51  房间人数为 6
2019-03-19-16-43-06  房间人数为 6
2019-03-19-16-43-21  房间人数为 5
2019-03-19-16-43-36  房间人数为 5
2019-03-19-16-43-51  房间人数为 5
2019-03-19-16-44-06  房间人数为 5
2019-03-19-16-44-21  房间人数为 4
2019-03-19-16-44-36  房间人数为 4
2019-03-19-16-44-51  房间人数为 4
2019-03-19-16-45-06  房间人数为 4
2019-03-19-16-45-21  房间人数为 4
2019-03-19-16-45-36  房间人数为 4
2019-03-19-16-45-51  房间人数为 4
2019-03-19-16-46-06  房间人数为 4
2019-03-19-16-46-21  房间人数为 4
2019-03-19-16-46-36  房间人数为 4
2019-03-19-16-46-51  房间人数为 4
2019-03-19-16-47-06  房间人数为 4
2019-03-19-16-47-21  房间人数为 4
2019-03-19-16-47-36  房间人数为 4
2019-03-19-16-47-51  房间人数为 4
2019-03-19-16-48-06  房间人数为 4
2019-03-19-16-48-21  房间人数为 4
2019-03-19-16-48-36  房间人数为 4
2019-03-19-16-48-51  房间人数为 4
2019-03-19-16-49-06  房间人数为 4
2019-03-19-16-49-21  房间人数为 5
2019-03-19-16-49-36  房间人数为 5
2019-03-19-16-49-51  房间人数为 5
2019-03-19-16-50-06  房间人数为 5
2019-03-19-16-50-21  房间人数为 5
2019-03-19-16-50-36  房间人数为 5
2019-03-19-16-50-51  房间人数为 5
2019-03-19-16-51-06  房间人数为 5
2019-03-19-16-51-21  房间人数为 5
2019-03-19-16-51-36  房间人数为 5
2019-03-19-16-51-51  房间人数为 5
2019-03-19-16-52-06  房间人数为 5
2019-03-19-16-52-21  房间人数为 6
2019-03-19-16-52-36  房间人数为 6
2019-03-19-16-52-51  房间人数为 6
2019-03-19-16-53-06  房间人数为 6
2019-03-19-16-53-21  房间人数为 6
2019-03-19-16-53-36  房间人数为 6
2019-03-19-16-53-51  房间人数为 6
2019-03-19-16-54-06  房间人数为 6
2019-03-19-16-54-21  房间人数为 6
2019-03-19-16-54-36  房间人数为 6
2019-03-19-16-54-51  房间人数为 6
2019-03-19-16-55-06  房间人数为 6
2019-03-19-16-55-21  房间人数为 6
2019-03-19-16-55-36  房间人数为 5
2019-03-19-16-55-51  房间人数为 5
2019-03-19-16-56-06  房间人数为 5
2019-03-19-16-56-21  房间人数为 4
2019-03-19-16-56-36  房间人数为 4
2019-03-19-16-56-51  房间人数为 4
2019-03-19-16-57-06  房间人数为 4
2019-03-19-16-57-21  房间人数为 5
2019-03-19-16-57-36  房间人数为 5
2019-03-19-16-57-51  房间人数为 5
2019-03-19-16-58-06  房间人数为 5
2019-03-19-16-58-21  房间人数为 5
2019-03-19-16-58-36  房间人数为 5
2019-03-19-16-58-51  房间人数为 5
2019-03-19-16-59-06  房间人数为 5
2019-03-19-16-59-21  房间人数为 6
2019-03-19-16-59-36  房间人数为 6
2019-03-19-16-59-51  房间人数为 6
2019-03-19-17-00-06  房间人数为 6
2019-03-19-17-00-21  房间人数为 6
2019-03-19-17-00-37  房间人数为 6
2019-03-19-17-00-52  房间人数为 6
2019-03-19-17-01-07  房间人数为 6
2019-03-19-17-01-18  Glen_Lin送出辣条
2019-03-19-17-01-18  
2019-03-19-17-01-19  {"type":1,"barrage":"辣条","nick":"Glen_Lin","sid":"24749829","giftNum":1,"source":1,"optId":20}

2019-03-19-17-01-19  喵哩喵哩点耐特 #谢Glen_Lin送出的辣条
2019-03-19-17-01-19  client接收到：{"state":true,"result":"200","data":{"type":1,"addTime":"2019-03-19 17:01:19","control":0,"nick":"Glen_Lin","balance":1170,"optId":20,"result":-1},"msg":"成功"}

2019-03-19-17-01-19  礼物
2019-03-19-17-01-22  房间人数为 5
2019-03-19-17-01-37  房间人数为 5
2019-03-19-17-01-52  房间人数为 5
2019-03-19-17-02-07  房间人数为 5
2019-03-19-17-02-22  房间人数为 6
2019-03-19-17-02-37  房间人数为 6
2019-03-19-17-02-52  房间人数为 6
2019-03-19-17-03-07  房间人数为 6
2019-03-19-17-03-22  房间人数为 6
2019-03-19-17-03-37  房间人数为 6
2019-03-19-17-03-52  房间人数为 6
2019-03-19-17-04-07  房间人数为 6
2019-03-19-17-04-22  房间人数为 6
2019-03-19-17-04-37  房间人数为 6
2019-03-19-17-04-52  房间人数为 6
2019-03-19-17-05-07  房间人数为 6
2019-03-19-17-05-22  房间人数为 6
2019-03-19-17-05-37  房间人数为 6
2019-03-19-17-05-52  房间人数为 6
2019-03-19-17-06-07  房间人数为 6
2019-03-19-17-06-22  房间人数为 7
2019-03-19-17-06-37  房间人数为 7
2019-03-19-17-06-52  房间人数为 7
2019-03-19-17-07-07  房间人数为 7
2019-03-19-17-07-22  房间人数为 7
2019-03-19-17-07-37  房间人数为 6
2019-03-19-17-07-52  房间人数为 6
2019-03-19-17-08-07  房间人数为 6
2019-03-19-17-08-22  房间人数为 6
2019-03-19-17-08-37  房间人数为 6
2019-03-19-17-08-52  房间人数为 6
2019-03-19-17-09-07  房间人数为 6
2019-03-19-17-09-22  房间人数为 5
2019-03-19-17-09-37  房间人数为 5
2019-03-19-17-09-52  房间人数为 5
2019-03-19-17-10-07  房间人数为 5
2019-03-19-17-10-22  房间人数为 5
2019-03-19-17-10-37  房间人数为 5
2019-03-19-17-10-52  房间人数为 5
2019-03-19-17-11-07  房间人数为 5
2019-03-19-17-11-22  房间人数为 5
2019-03-19-17-11-37  房间人数为 5
2019-03-19-17-11-52  房间人数为 5
2019-03-19-17-12-07  房间人数为 5
2019-03-19-17-12-22  房间人数为 5
2019-03-19-17-12-37  房间人数为 5
2019-03-19-17-12-52  房间人数为 5
2019-03-19-17-13-07  房间人数为 5
2019-03-19-17-13-22  房间人数为 5
2019-03-19-17-13-37  房间人数为 5
2019-03-19-17-13-52  房间人数为 5
2019-03-19-17-14-07  房间人数为 5
2019-03-19-17-14-22  房间人数为 5
2019-03-19-17-14-37  房间人数为 5
2019-03-19-17-14-52  房间人数为 5
2019-03-19-17-15-07  房间人数为 5
2019-03-19-17-15-22  房间人数为 6
2019-03-19-17-15-37  房间人数为 6
2019-03-19-17-15-52  房间人数为 6
2019-03-19-17-16-07  房间人数为 6
2019-03-19-17-16-22  房间人数为 6
2019-03-19-17-16-37  房间人数为 6
2019-03-19-17-16-52  房间人数为 6
2019-03-19-17-17-07  房间人数为 6
2019-03-19-17-17-22  房间人数为 6
2019-03-19-17-17-37  房间人数为 6
2019-03-19-17-17-52  房间人数为 6
2019-03-19-17-18-07  房间人数为 6
2019-03-19-17-18-22  房间人数为 6
2019-03-19-17-18-37  房间人数为 6
2019-03-19-17-18-52  房间人数为 6
2019-03-19-17-19-07  房间人数为 6
2019-03-19-17-19-22  房间人数为 6
2019-03-19-17-19-37  房间人数为 6
2019-03-19-17-19-52  房间人数为 6
2019-03-19-17-20-07  房间人数为 6
2019-03-19-17-20-22  房间人数为 6
2019-03-19-17-20-37  房间人数为 6
2019-03-19-17-20-52  房间人数为 6
2019-03-19-17-21-07  房间人数为 6
2019-03-19-17-21-22  房间人数为 6
2019-03-19-17-21-37  房间人数为 6
2019-03-19-17-21-52  房间人数为 6
2019-03-19-17-22-07  房间人数为 6
2019-03-19-17-22-22  房间人数为 6
2019-03-19-17-22-37  房间人数为 5
2019-03-19-17-22-52  房间人数为 5
2019-03-19-17-23-07  房间人数为 5
2019-03-19-17-23-22  房间人数为 5
2019-03-19-17-23-37  房间人数为 5
2019-03-19-17-23-52  房间人数为 5
2019-03-19-17-24-07  房间人数为 5
2019-03-19-17-24-22  房间人数为 5
2019-03-19-17-24-37  房间人数为 5
2019-03-19-17-24-52  房间人数为 5
2019-03-19-17-25-07  房间人数为 5
2019-03-19-17-25-22  房间人数为 5
2019-03-19-17-25-37  房间人数为 5
2019-03-19-17-25-52  房间人数为 5
2019-03-19-17-26-07  房间人数为 5
2019-03-19-17-26-22  房间人数为 5
2019-03-19-17-26-37  房间人数为 5
2019-03-19-17-26-52  房间人数为 5
2019-03-19-17-27-07  房间人数为 5
2019-03-19-17-27-22  房间人数为 5
2019-03-19-17-27-37  房间人数为 5
2019-03-19-17-27-52  房间人数为 5
2019-03-19-17-28-07  房间人数为 5
2019-03-19-17-28-22  房间人数为 5
2019-03-19-17-28-37  房间人数为 5
2019-03-19-17-28-52  房间人数为 5
2019-03-19-17-29-07  房间人数为 5
2019-03-19-17-29-22  房间人数为 5
2019-03-19-17-29-37  房间人数为 5
2019-03-19-17-29-52  房间人数为 5
2019-03-19-17-30-07  房间人数为 5
2019-03-19-17-30-22  房间人数为 5
2019-03-19-17-30-37  房间人数为 5
2019-03-19-17-30-52  房间人数为 5
2019-03-19-17-31-07  房间人数为 5
2019-03-19-17-31-22  房间人数为 5
2019-03-19-17-31-37  房间人数为 5
2019-03-19-17-31-52  房间人数为 5
2019-03-19-17-32-07  房间人数为 5
2019-03-19-17-32-22  房间人数为 5
2019-03-19-17-32-37  房间人数为 5
2019-03-19-17-32-52  房间人数为 5
2019-03-19-17-33-07  房间人数为 5
2019-03-19-17-33-22  房间人数为 5
2019-03-19-17-33-37  房间人数为 5
2019-03-19-17-33-52  房间人数为 5
2019-03-19-17-34-07  房间人数为 5
2019-03-19-17-34-22  房间人数为 5
2019-03-19-17-34-37  房间人数为 5
2019-03-19-17-34-52  房间人数为 5
2019-03-19-17-35-07  房间人数为 5
2019-03-19-17-35-22  房间人数为 5
2019-03-19-17-35-37  房间人数为 5
2019-03-19-17-35-52  房间人数为 5
2019-03-19-17-36-07  房间人数为 5
2019-03-19-17-36-22  房间人数为 5
2019-03-19-17-36-37  房间人数为 5
2019-03-19-17-36-52  房间人数为 5
2019-03-19-17-37-07  房间人数为 5
2019-03-19-17-37-22  房间人数为 5
2019-03-19-17-37-37  房间人数为 5
2019-03-19-17-37-52  房间人数为 5
2019-03-19-17-38-07  房间人数为 5
2019-03-19-17-38-22  房间人数为 5
2019-03-19-17-38-37  房间人数为 5
2019-03-19-17-38-52  房间人数为 5
2019-03-19-17-39-07  房间人数为 5
2019-03-19-17-39-22  房间人数为 5
2019-03-19-17-39-37  房间人数为 5
2019-03-19-17-39-52  房间人数为 5
2019-03-19-17-40-07  房间人数为 5
2019-03-19-17-40-22  房间人数为 5
2019-03-19-17-40-37  房间人数为 5
2019-03-19-17-40-52  房间人数为 5
2019-03-19-17-41-07  房间人数为 5
2019-03-19-17-41-22  房间人数为 5
2019-03-19-17-41-37  房间人数为 5
2019-03-19-17-41-52  房间人数为 5
2019-03-19-17-42-07  房间人数为 5
2019-03-19-17-42-22  房间人数为 5
2019-03-19-17-42-37  房间人数为 5
2019-03-19-17-42-52  房间人数为 5
2019-03-19-17-43-07  房间人数为 5
2019-03-19-17-43-22  房间人数为 5
2019-03-19-17-43-37  房间人数为 5
2019-03-19-17-43-52  房间人数为 5
2019-03-19-17-44-07  房间人数为 5
2019-03-19-17-44-22  房间人数为 5
2019-03-19-17-44-37  房间人数为 5
2019-03-19-17-44-52  房间人数为 5
2019-03-19-17-45-07  房间人数为 5
2019-03-19-17-45-22  房间人数为 5
2019-03-19-17-45-37  房间人数为 5
2019-03-19-17-45-52  房间人数为 5
2019-03-19-17-46-07  房间人数为 5
2019-03-19-17-46-22  房间人数为 5
2019-03-19-17-46-37  房间人数为 5
2019-03-19-17-46-52  房间人数为 5
2019-03-19-17-47-07  房间人数为 5
2019-03-19-17-47-22  房间人数为 5
2019-03-19-17-47-37  房间人数为 5
2019-03-19-17-47-52  房间人数为 5
2019-03-19-17-48-07  房间人数为 5
2019-03-19-17-48-12  client开始连接
2019-03-19-17-48-14  client开始连接
2019-03-19-17-48-16  client开始连接
2019-03-19-17-48-18  client开始连接
2019-03-19-17-48-20  client开始连接
2019-03-19-17-48-22  房间人数为 5
2019-03-19-17-48-22  client开始连接
2019-03-19-17-48-24  client开始连接
2019-03-19-17-48-27  client开始连接
2019-03-19-17-48-29  client开始连接
2019-03-19-17-48-31  client开始连接
2019-03-19-17-48-34  client开始连接
2019-03-19-17-48-36  client开始连接
2019-03-19-17-48-37  房间人数为 5
2019-03-19-17-48-45  client开始连接
2019-03-19-17-48-48  client开始连接
2019-03-19-17-48-50  client开始连接
2019-03-19-17-48-53  房间人数为 5
2019-03-19-17-48-56  client开始连接
2019-03-19-17-48-57  TCP_client连接成功
2019-03-19-17-49-09  房间人数为 5
2019-03-19-17-49-24  房间人数为 5
2019-03-19-17-49-39  房间人数为 5
2019-03-19-17-49-54  房间人数为 5
2019-03-19-17-50-09  房间人数为 5
2019-03-19-17-50-24  房间人数为 5
2019-03-19-17-50-39  房间人数为 5
2019-03-19-17-50-54  房间人数为 5
2019-03-19-17-51-09  房间人数为 5
2019-03-19-17-51-24  房间人数为 5
2019-03-19-17-51-39  房间人数为 5
2019-03-19-17-51-54  房间人数为 5
2019-03-19-17-52-09  房间人数为 5
2019-03-19-17-52-24  房间人数为 5
2019-03-19-17-52-39  房间人数为 5
2019-03-19-17-52-54  房间人数为 5
2019-03-19-17-53-09  房间人数为 5
2019-03-19-17-53-24  房间人数为 5
2019-03-19-17-53-39  房间人数为 5
2019-03-19-17-53-54  房间人数为 5
2019-03-19-17-54-09  房间人数为 5
2019-03-19-17-54-24  房间人数为 5
2019-03-19-17-54-39  房间人数为 5
2019-03-19-17-54-54  房间人数为 5
2019-03-19-17-55-09  房间人数为 5
2019-03-19-17-55-24  房间人数为 5
2019-03-19-17-55-39  房间人数为 5
2019-03-19-17-55-54  房间人数为 5
2019-03-19-17-56-09  房间人数为 5
2019-03-19-17-56-24  房间人数为 5
2019-03-19-17-56-39  房间人数为 5
2019-03-19-17-56-54  房间人数为 5
2019-03-19-17-57-09  房间人数为 5
2019-03-19-17-57-24  房间人数为 5
2019-03-19-17-57-39  房间人数为 5
2019-03-19-17-57-54  房间人数为 5
2019-03-19-17-58-09  房间人数为 5
2019-03-19-17-58-24  房间人数为 5
2019-03-19-17-58-39  房间人数为 5
2019-03-19-17-58-54  房间人数为 5
2019-03-19-17-59-09  房间人数为 5
2019-03-19-17-59-24  房间人数为 5
2019-03-19-17-59-39  房间人数为 5
2019-03-19-17-59-54  房间人数为 5
2019-03-19-18-00-09  房间人数为 5
2019-03-19-18-00-24  房间人数为 5
2019-03-19-18-00-39  房间人数为 5
2019-03-19-18-00-54  房间人数为 5
2019-03-19-18-01-09  房间人数为 5
2019-03-19-18-01-24  房间人数为 5
2019-03-19-18-01-39  房间人数为 5
2019-03-19-18-01-54  房间人数为 5
2019-03-19-18-02-09  房间人数为 5
2019-03-19-18-02-24  房间人数为 5
2019-03-19-18-02-39  房间人数为 5
2019-03-19-18-02-54  房间人数为 5
2019-03-19-18-03-09  房间人数为 5
2019-03-19-18-03-24  房间人数为 5
2019-03-19-18-03-39  房间人数为 5
2019-03-19-18-03-54  房间人数为 5
2019-03-19-18-04-09  房间人数为 5
2019-03-19-18-04-24  房间人数为 5
2019-03-19-18-04-39  房间人数为 5
2019-03-19-18-04-54  房间人数为 5
2019-03-19-18-05-09  房间人数为 5
2019-03-19-18-05-24  房间人数为 5
2019-03-19-18-05-39  房间人数为 5
2019-03-19-18-05-54  房间人数为 5
2019-03-19-18-06-09  房间人数为 5
2019-03-19-18-06-24  房间人数为 5
2019-03-19-18-06-39  房间人数为 5
2019-03-19-18-06-54  房间人数为 5
2019-03-19-18-07-09  房间人数为 5
2019-03-19-18-07-24  房间人数为 5
2019-03-19-18-07-39  房间人数为 5
2019-03-19-18-07-54  房间人数为 5
2019-03-19-18-08-09  房间人数为 5
2019-03-19-18-08-24  房间人数为 5
2019-03-19-18-08-39  房间人数为 5
2019-03-19-18-08-54  房间人数为 5
2019-03-19-18-09-09  房间人数为 5
2019-03-19-18-09-24  房间人数为 5
2019-03-19-18-09-39  房间人数为 5
2019-03-19-18-09-54  房间人数为 5
2019-03-19-18-10-09  房间人数为 5
2019-03-19-18-10-24  房间人数为 5
2019-03-19-18-10-39  房间人数为 5
2019-03-19-18-10-54  房间人数为 5
2019-03-19-18-11-09  房间人数为 5
2019-03-19-18-11-24  房间人数为 5
2019-03-19-18-11-39  房间人数为 5
2019-03-19-18-11-54  房间人数为 5
2019-03-19-18-12-09  房间人数为 5
2019-03-19-18-12-24  房间人数为 5
2019-03-19-18-12-39  房间人数为 5
2019-03-19-18-12-54  房间人数为 5
2019-03-19-18-13-09  房间人数为 5
2019-03-19-18-13-24  房间人数为 5
2019-03-19-18-13-39  房间人数为 5
2019-03-19-18-13-54  房间人数为 5
2019-03-19-18-14-09  房间人数为 5
2019-03-19-18-14-24  房间人数为 5
2019-03-19-18-14-39  房间人数为 5
2019-03-19-18-14-54  房间人数为 5
2019-03-19-18-15-09  房间人数为 5
2019-03-19-18-15-24  房间人数为 5
2019-03-19-18-15-39  房间人数为 5
2019-03-19-18-15-54  房间人数为 5
2019-03-19-18-16-09  房间人数为 5
2019-03-19-18-16-24  房间人数为 5
2019-03-19-18-16-39  房间人数为 5
2019-03-19-18-16-54  房间人数为 5
2019-03-19-18-17-09  房间人数为 5
2019-03-19-18-17-24  房间人数为 5
2019-03-19-18-17-39  房间人数为 5
2019-03-19-18-17-54  房间人数为 5
2019-03-19-18-18-09  房间人数为 5
2019-03-19-18-18-24  房间人数为 5
2019-03-19-18-18-39  房间人数为 5
2019-03-19-18-18-54  房间人数为 5
2019-03-19-18-19-09  房间人数为 5
2019-03-19-18-19-24  房间人数为 5
2019-03-19-18-19-39  房间人数为 5
2019-03-19-18-19-54  房间人数为 5
2019-03-19-18-20-09  房间人数为 5
2019-03-19-18-20-24  房间人数为 5
2019-03-19-18-20-39  房间人数为 5
2019-03-19-18-20-54  房间人数为 5
2019-03-19-18-21-09  房间人数为 5
2019-03-19-18-21-24  房间人数为 5
2019-03-19-18-21-39  房间人数为 5
2019-03-19-18-21-54  房间人数为 5
2019-03-19-18-22-09  房间人数为 5
2019-03-19-18-22-24  房间人数为 5
2019-03-19-18-22-39  房间人数为 5
2019-03-19-18-22-54  房间人数为 5
2019-03-19-18-23-09  房间人数为 5
2019-03-19-18-23-24  房间人数为 5
2019-03-19-18-23-39  房间人数为 5
2019-03-19-18-23-54  房间人数为 5
2019-03-19-18-24-09  房间人数为 5
2019-03-19-18-24-24  房间人数为 5
2019-03-19-18-24-39  房间人数为 5
2019-03-19-18-24-54  房间人数为 5
2019-03-19-18-25-09  房间人数为 5
2019-03-19-18-25-24  房间人数为 4
2019-03-19-18-25-39  房间人数为 4
2019-03-19-18-25-54  房间人数为 4
2019-03-19-18-26-09  房间人数为 4
2019-03-19-18-26-24  房间人数为 4
2019-03-19-18-26-39  房间人数为 4
2019-03-19-18-26-54  房间人数为 4
2019-03-19-18-27-09  房间人数为 4
2019-03-19-18-27-24  房间人数为 4
2019-03-19-18-27-39  房间人数为 4
2019-03-19-18-27-54  房间人数为 4
2019-03-19-18-28-09  房间人数为 4
2019-03-19-18-28-24  房间人数为 4
2019-03-19-18-28-39  房间人数为 4
2019-03-19-18-28-54  房间人数为 4
2019-03-19-18-29-09  房间人数为 4
2019-03-19-18-29-24  房间人数为 4
2019-03-19-18-29-39  房间人数为 4
2019-03-19-18-29-54  房间人数为 4
2019-03-19-18-30-09  房间人数为 4
2019-03-19-18-30-24  房间人数为 4
2019-03-19-18-30-39  房间人数为 4
2019-03-19-18-30-54  房间人数为 4
2019-03-19-18-31-09  房间人数为 4
2019-03-19-18-31-24  房间人数为 4
2019-03-19-18-31-39  房间人数为 4
2019-03-19-18-31-54  房间人数为 4
2019-03-19-18-32-09  房间人数为 4
2019-03-19-18-32-24  房间人数为 4
2019-03-19-18-32-39  房间人数为 4
2019-03-19-18-32-54  房间人数为 4
2019-03-19-18-33-09  房间人数为 4
2019-03-19-18-33-24  房间人数为 4
2019-03-19-18-33-39  房间人数为 4
2019-03-19-18-33-54  房间人数为 4
2019-03-19-18-34-09  房间人数为 4
2019-03-19-18-34-24  房间人数为 4
2019-03-19-18-34-39  房间人数为 4
2019-03-19-18-34-54  房间人数为 4
2019-03-19-18-35-09  房间人数为 4
2019-03-19-18-35-24  房间人数为 4
2019-03-19-18-35-39  房间人数为 4
2019-03-19-18-35-54  房间人数为 4
2019-03-19-18-36-09  房间人数为 4
2019-03-19-18-36-24  房间人数为 4
2019-03-19-18-36-39  房间人数为 4
2019-03-19-18-36-54  房间人数为 4
2019-03-19-18-37-09  房间人数为 4
2019-03-19-18-37-24  房间人数为 4
2019-03-19-18-37-39  房间人数为 4
2019-03-19-18-37-54  房间人数为 4
2019-03-19-18-38-09  房间人数为 4
2019-03-19-18-38-24  房间人数为 4
2019-03-19-18-38-39  房间人数为 4
2019-03-19-18-38-54  房间人数为 4
2019-03-19-18-39-09  房间人数为 4
2019-03-19-18-39-24  房间人数为 4
2019-03-19-18-39-39  房间人数为 4
2019-03-19-18-39-54  房间人数为 4
2019-03-19-18-40-09  房间人数为 4
2019-03-19-18-40-24  房间人数为 4
2019-03-19-18-40-39  房间人数为 4
2019-03-19-18-40-54  房间人数为 4
2019-03-19-18-41-09  房间人数为 4
2019-03-19-18-41-24  房间人数为 4
2019-03-19-18-41-39  房间人数为 4
2019-03-19-18-41-54  房间人数为 4
2019-03-19-18-42-09  房间人数为 4
2019-03-19-18-42-24  房间人数为 4
2019-03-19-18-42-39  房间人数为 4
2019-03-19-18-42-54  房间人数为 4
2019-03-19-18-43-09  房间人数为 4
2019-03-19-18-43-24  房间人数为 4
2019-03-19-18-43-39  房间人数为 4
2019-03-19-18-43-54  房间人数为 4
2019-03-19-18-44-09  房间人数为 4
2019-03-19-18-44-24  房间人数为 4
2019-03-19-18-44-39  房间人数为 4
2019-03-19-18-44-54  房间人数为 4
2019-03-19-18-45-09  房间人数为 4
2019-03-19-18-45-24  房间人数为 4
2019-03-19-18-45-39  房间人数为 4
2019-03-19-18-45-54  房间人数为 4
2019-03-19-18-46-09  房间人数为 4
2019-03-19-18-46-24  房间人数为 4
2019-03-19-18-46-39  房间人数为 4
2019-03-19-18-46-54  房间人数为 4
2019-03-19-18-47-09  房间人数为 4
2019-03-19-18-47-24  房间人数为 4
2019-03-19-18-47-39  房间人数为 4
2019-03-19-18-47-54  房间人数为 4
2019-03-19-18-48-09  房间人数为 4
2019-03-19-18-48-24  房间人数为 4
2019-03-19-18-48-39  房间人数为 4
2019-03-19-18-48-54  房间人数为 4
2019-03-19-18-49-09  房间人数为 4
2019-03-19-18-49-24  房间人数为 4
2019-03-19-18-49-39  房间人数为 4
2019-03-19-18-49-54  房间人数为 4
2019-03-19-18-50-09  房间人数为 4
2019-03-19-18-50-24  房间人数为 4
2019-03-19-18-50-39  房间人数为 4
2019-03-19-18-50-54  房间人数为 4
2019-03-19-18-51-09  房间人数为 4
2019-03-19-18-51-24  房间人数为 4
2019-03-19-18-51-39  房间人数为 4
2019-03-19-18-51-54  房间人数为 4
2019-03-19-18-52-09  房间人数为 4
2019-03-19-18-52-24  房间人数为 4
2019-03-19-18-52-39  房间人数为 4
2019-03-19-18-52-54  房间人数为 4
2019-03-19-18-53-09  房间人数为 4
2019-03-19-18-53-24  房间人数为 4
2019-03-19-18-53-39  房间人数为 4
2019-03-19-18-53-54  房间人数为 4
2019-03-19-18-54-09  房间人数为 4
2019-03-19-18-54-24  房间人数为 4
2019-03-19-18-54-39  房间人数为 4
2019-03-19-18-54-54  房间人数为 4
2019-03-19-18-55-09  房间人数为 4
2019-03-19-18-55-24  房间人数为 4
2019-03-19-18-55-39  房间人数为 4
2019-03-19-18-55-54  房间人数为 4
2019-03-19-18-56-09  房间人数为 4
2019-03-19-18-56-24  房间人数为 4
2019-03-19-18-56-39  房间人数为 4
2019-03-19-18-56-54  房间人数为 4
2019-03-19-18-57-09  房间人数为 4
2019-03-19-18-57-24  房间人数为 4
2019-03-19-18-57-39  房间人数为 4
2019-03-19-18-57-54  房间人数为 4
2019-03-19-18-58-09  房间人数为 4
2019-03-19-18-58-24  房间人数为 4
2019-03-19-18-58-39  房间人数为 4
2019-03-19-18-58-54  房间人数为 4
2019-03-19-18-59-09  房间人数为 4
2019-03-19-18-59-24  房间人数为 4
2019-03-19-18-59-39  房间人数为 4
2019-03-19-18-59-54  房间人数为 4
2019-03-19-19-00-09  房间人数为 4
2019-03-19-19-00-24  房间人数为 4
2019-03-19-19-00-39  房间人数为 4
2019-03-19-19-00-54  房间人数为 4
2019-03-19-19-01-09  房间人数为 4
2019-03-19-19-01-24  房间人数为 4
2019-03-19-19-01-39  房间人数为 4
2019-03-19-19-01-54  房间人数为 4
2019-03-19-19-02-09  房间人数为 4
2019-03-19-19-02-24  房间人数为 4
2019-03-19-19-02-39  房间人数为 4
2019-03-19-19-02-54  房间人数为 4
2019-03-19-19-03-09  房间人数为 4
2019-03-19-19-03-24  房间人数为 4
2019-03-19-19-03-39  房间人数为 4
2019-03-19-19-03-54  房间人数为 4
2019-03-19-19-04-09  房间人数为 4
2019-03-19-19-04-24  房间人数为 4
2019-03-19-19-04-39  房间人数为 4
2019-03-19-19-04-54  房间人数为 4
2019-03-19-19-05-09  房间人数为 4
2019-03-19-19-05-24  房间人数为 4
2019-03-19-19-05-39  房间人数为 5
2019-03-19-19-05-54  房间人数为 5
2019-03-19-19-06-09  房间人数为 5
2019-03-19-19-06-24  房间人数为 5
2019-03-19-19-06-39  房间人数为 5
2019-03-19-19-06-54  房间人数为 5
2019-03-19-19-07-09  房间人数为 5
2019-03-19-19-07-24  房间人数为 5
2019-03-19-19-07-39  房间人数为 5
2019-03-19-19-07-54  房间人数为 5
2019-03-19-19-08-09  房间人数为 5
2019-03-19-19-08-24  房间人数为 5
2019-03-19-19-08-39  房间人数为 5
2019-03-19-19-08-54  房间人数为 5
2019-03-19-19-09-09  房间人数为 5
2019-03-19-19-09-24  房间人数为 5
2019-03-19-19-09-39  房间人数为 5
2019-03-19-19-09-54  房间人数为 5
2019-03-19-19-10-09  房间人数为 5
2019-03-19-19-10-24  房间人数为 5
2019-03-19-19-10-39  房间人数为 5
2019-03-19-19-10-54  房间人数为 5
2019-03-19-19-11-09  房间人数为 5
2019-03-19-19-11-24  房间人数为 5
2019-03-19-19-11-39  房间人数为 5
2019-03-19-19-11-54  房间人数为 5
2019-03-19-19-12-09  房间人数为 5
2019-03-19-19-12-24  房间人数为 5
2019-03-19-19-12-39  房间人数为 5
2019-03-19-19-12-54  房间人数为 5
2019-03-19-19-13-09  房间人数为 5
2019-03-19-19-13-24  房间人数为 5
2019-03-19-19-13-39  房间人数为 5
2019-03-19-19-13-54  房间人数为 5
2019-03-19-19-14-09  房间人数为 5
2019-03-19-19-14-24  房间人数为 5
2019-03-19-19-14-39  房间人数为 5
2019-03-19-19-14-54  房间人数为 5
2019-03-19-19-15-09  房间人数为 5
2019-03-19-19-15-24  房间人数为 5
2019-03-19-19-15-39  房间人数为 5
2019-03-19-19-15-54  房间人数为 5
2019-03-19-19-16-09  房间人数为 5
2019-03-19-19-16-24  房间人数为 5
2019-03-19-19-16-39  房间人数为 5
2019-03-19-19-16-54  房间人数为 5
2019-03-19-19-17-09  房间人数为 5
2019-03-19-19-17-24  房间人数为 5
2019-03-19-19-17-39  房间人数为 5
2019-03-19-19-17-54  房间人数为 5
2019-03-19-19-18-09  房间人数为 5
2019-03-19-19-18-24  房间人数为 5
2019-03-19-19-18-39  房间人数为 5
2019-03-19-19-18-54  房间人数为 5
2019-03-19-19-19-09  房间人数为 5
2019-03-19-19-19-24  房间人数为 5
2019-03-19-19-19-39  房间人数为 5
2019-03-19-19-19-54  房间人数为 5
2019-03-19-19-20-09  房间人数为 5
2019-03-19-19-20-24  房间人数为 5
2019-03-19-19-20-39  房间人数为 5
2019-03-19-19-20-54  房间人数为 5
2019-03-19-19-21-09  房间人数为 5
2019-03-19-19-21-24  房间人数为 5
2019-03-19-19-21-39  房间人数为 5
2019-03-19-19-21-54  房间人数为 5
2019-03-19-19-22-09  房间人数为 5
2019-03-19-19-22-24  房间人数为 5
2019-03-19-19-22-39  房间人数为 5
2019-03-19-19-22-54  房间人数为 5
2019-03-19-19-23-09  房间人数为 5
2019-03-19-19-23-24  房间人数为 5
2019-03-19-19-23-39  房间人数为 5
2019-03-19-19-23-54  房间人数为 5
2019-03-19-19-24-09  房间人数为 5
2019-03-19-19-24-24  房间人数为 5
2019-03-19-19-24-39  房间人数为 5
2019-03-19-19-24-54  房间人数为 5
2019-03-19-19-25-09  房间人数为 5
2019-03-19-19-25-24  房间人数为 5
2019-03-19-19-25-39  房间人数为 5
2019-03-19-19-25-54  房间人数为 5
2019-03-19-19-26-09  房间人数为 5
2019-03-19-19-26-24  房间人数为 5
2019-03-19-19-26-39  房间人数为 5
2019-03-19-19-26-54  房间人数为 5
2019-03-19-19-27-09  房间人数为 5
2019-03-19-19-27-24  房间人数为 5
2019-03-19-19-27-39  房间人数为 5
2019-03-19-19-27-54  房间人数为 5
2019-03-19-19-28-09  房间人数为 5
2019-03-19-19-28-24  房间人数为 5
2019-03-19-19-28-39  房间人数为 5
2019-03-19-19-28-54  房间人数为 5
2019-03-19-19-29-09  房间人数为 5
2019-03-19-19-29-24  房间人数为 5
2019-03-19-19-29-39  房间人数为 5
2019-03-19-19-29-54  房间人数为 5
2019-03-19-19-30-09  房间人数为 5
2019-03-19-19-30-24  房间人数为 5
2019-03-19-19-30-39  房间人数为 5
2019-03-19-19-30-54  房间人数为 5
2019-03-19-19-31-09  房间人数为 5
2019-03-19-19-31-24  房间人数为 5
2019-03-19-19-31-39  房间人数为 5
2019-03-19-19-31-54  房间人数为 5
2019-03-19-19-32-09  房间人数为 5
2019-03-19-19-32-24  房间人数为 5
2019-03-19-19-32-39  房间人数为 5
2019-03-19-19-32-54  房间人数为 5
2019-03-19-19-33-09  房间人数为 5
2019-03-19-19-33-24  房间人数为 5
2019-03-19-19-33-39  房间人数为 5
2019-03-19-19-33-54  房间人数为 5
2019-03-19-19-34-09  房间人数为 5
2019-03-19-19-34-24  房间人数为 5
2019-03-19-19-34-39  房间人数为 5
2019-03-19-19-34-54  房间人数为 5
2019-03-19-19-35-09  房间人数为 5
2019-03-19-19-35-24  房间人数为 5
2019-03-19-19-35-39  房间人数为 5
2019-03-19-19-35-54  房间人数为 5
2019-03-19-19-36-09  房间人数为 5
2019-03-19-19-36-24  房间人数为 5
2019-03-19-19-36-39  房间人数为 5
2019-03-19-19-36-54  房间人数为 5
2019-03-19-19-37-09  房间人数为 5
2019-03-19-19-37-24  房间人数为 5
2019-03-19-19-37-39  房间人数为 5
2019-03-19-19-37-54  房间人数为 5
2019-03-19-19-38-09  房间人数为 5
2019-03-19-19-38-24  房间人数为 5
2019-03-19-19-38-39  房间人数为 5
2019-03-19-19-38-54  房间人数为 5
2019-03-19-19-39-09  房间人数为 5
2019-03-19-19-39-24  房间人数为 5
2019-03-19-19-39-39  房间人数为 5
2019-03-19-19-39-54  房间人数为 5
2019-03-19-19-40-09  房间人数为 5
2019-03-19-19-40-24  房间人数为 5
2019-03-19-19-40-39  房间人数为 5
2019-03-19-19-40-54  房间人数为 5
2019-03-19-19-41-09  房间人数为 5
2019-03-19-19-41-24  房间人数为 5
2019-03-19-19-41-39  房间人数为 5
2019-03-19-19-41-54  房间人数为 5
2019-03-19-19-42-09  房间人数为 5
2019-03-19-19-42-24  房间人数为 5
2019-03-19-19-42-39  房间人数为 5
2019-03-19-19-42-54  房间人数为 5
2019-03-19-19-43-09  房间人数为 5
2019-03-19-19-43-24  房间人数为 5
2019-03-19-19-43-39  房间人数为 5
2019-03-19-19-43-54  房间人数为 5
2019-03-19-19-44-09  房间人数为 5
2019-03-19-19-44-24  房间人数为 5
2019-03-19-19-44-39  房间人数为 5
2019-03-19-19-44-54  房间人数为 5
2019-03-19-19-45-09  房间人数为 5
2019-03-19-19-45-24  房间人数为 5
2019-03-19-19-45-39  房间人数为 5
2019-03-19-19-45-54  房间人数为 5
2019-03-19-19-46-09  房间人数为 5
2019-03-19-19-46-24  房间人数为 5
2019-03-19-19-46-39  房间人数为 5
2019-03-19-19-46-54  房间人数为 5
2019-03-19-19-47-09  房间人数为 5
2019-03-19-19-47-24  房间人数为 5
2019-03-19-19-47-39  房间人数为 5
2019-03-19-19-47-54  房间人数为 5
2019-03-19-19-48-09  房间人数为 5
2019-03-19-19-48-24  房间人数为 5
2019-03-19-19-48-39  房间人数为 5
2019-03-19-19-48-54  房间人数为 5
2019-03-19-19-49-09  房间人数为 5
2019-03-19-19-49-24  房间人数为 5
2019-03-19-19-49-39  房间人数为 5
2019-03-19-19-49-54  房间人数为 5
2019-03-19-19-50-09  房间人数为 5
2019-03-19-19-50-24  房间人数为 5
2019-03-19-19-50-39  房间人数为 5
2019-03-19-19-50-54  房间人数为 5
2019-03-19-19-51-09  房间人数为 5
2019-03-19-19-51-24  房间人数为 5
2019-03-19-19-51-39  房间人数为 5
2019-03-19-19-51-54  房间人数为 5
2019-03-19-19-52-09  房间人数为 5
2019-03-19-19-52-24  房间人数为 5
2019-03-19-19-52-39  房间人数为 5
2019-03-19-19-52-54  房间人数为 5
2019-03-19-19-53-09  房间人数为 5
2019-03-19-19-53-24  房间人数为 5
2019-03-19-19-53-39  房间人数为 5
2019-03-19-19-53-54  房间人数为 5
2019-03-19-19-54-09  房间人数为 5
2019-03-19-19-54-24  房间人数为 5
2019-03-19-19-54-39  房间人数为 5
2019-03-19-19-54-54  房间人数为 5
2019-03-19-19-55-09  房间人数为 5
2019-03-19-19-55-24  房间人数为 5
2019-03-19-19-55-39  房间人数为 5
2019-03-19-19-55-54  房间人数为 5
2019-03-19-19-56-09  房间人数为 5
2019-03-19-19-56-24  房间人数为 5
2019-03-19-19-56-39  房间人数为 5
2019-03-19-19-56-54  房间人数为 5
2019-03-19-19-57-09  房间人数为 5
2019-03-19-19-57-24  房间人数为 5
2019-03-19-19-57-39  房间人数为 5
2019-03-19-19-57-54  房间人数为 5
2019-03-19-19-58-09  房间人数为 5
2019-03-19-19-58-24  房间人数为 5
2019-03-19-19-58-39  房间人数为 5
2019-03-19-19-58-54  房间人数为 5
2019-03-19-19-59-09  房间人数为 5
2019-03-19-19-59-24  房间人数为 5
2019-03-19-19-59-39  房间人数为 5
2019-03-19-19-59-54  房间人数为 5
2019-03-19-20-00-09  房间人数为 5
2019-03-19-20-00-24  房间人数为 5
2019-03-19-20-00-39  房间人数为 5
2019-03-19-20-00-54  房间人数为 5
2019-03-19-20-01-09  房间人数为 5
2019-03-19-20-01-24  房间人数为 5
2019-03-19-20-01-39  房间人数为 5
2019-03-19-20-01-54  房间人数为 5
2019-03-19-20-02-09  房间人数为 5
2019-03-19-20-02-24  房间人数为 5
2019-03-19-20-02-39  房间人数为 5
2019-03-19-20-02-54  房间人数为 5
2019-03-19-20-03-09  房间人数为 5
2019-03-19-20-03-24  房间人数为 5
2019-03-19-20-03-39  房间人数为 5
2019-03-19-20-03-54  房间人数为 5
2019-03-19-20-04-09  房间人数为 5
2019-03-19-20-04-24  房间人数为 5
2019-03-19-20-04-39  房间人数为 5
2019-03-19-20-04-54  房间人数为 5
2019-03-19-20-05-09  房间人数为 5
2019-03-19-20-05-24  房间人数为 5
2019-03-19-20-05-39  房间人数为 1
2019-03-19-20-05-54  房间人数为 1
2019-03-19-20-06-09  房间人数为 1
2019-03-19-20-06-24  房间人数为 1
2019-03-19-20-06-39  房间人数为 1
2019-03-19-20-06-54  房间人数为 1
2019-03-19-20-07-09  房间人数为 1
2019-03-19-20-07-24  房间人数为 1
2019-03-19-20-07-39  房间人数为 1
2019-03-19-20-07-54  房间人数为 1
2019-03-19-20-08-09  房间人数为 1
2019-03-19-20-08-24  房间人数为 1
2019-03-19-20-08-39  房间人数为 1
2019-03-19-20-08-54  房间人数为 1
2019-03-19-20-09-09  房间人数为 1
2019-03-19-20-09-24  房间人数为 1
2019-03-19-20-09-39  房间人数为 1
2019-03-19-20-09-54  房间人数为 1
2019-03-19-20-10-09  房间人数为 1
2019-03-19-20-10-24  房间人数为 1
2019-03-19-20-10-39  房间人数为 1
2019-03-19-20-10-54  房间人数为 1
2019-03-19-20-11-09  房间人数为 1
2019-03-19-20-11-24  房间人数为 1
2019-03-19-20-11-39  房间人数为 1
2019-03-19-20-11-54  房间人数为 1
2019-03-19-20-12-09  房间人数为 1
2019-03-19-20-12-24  房间人数为 1
2019-03-19-20-12-39  房间人数为 1
2019-03-19-20-12-54  房间人数为 1
2019-03-19-20-13-09  房间人数为 1
2019-03-19-20-13-24  房间人数为 1
2019-03-19-20-13-39  房间人数为 1
2019-03-19-20-13-54  房间人数为 1
2019-03-19-20-14-09  房间人数为 1
2019-03-19-20-14-24  房间人数为 1
2019-03-19-20-14-39  房间人数为 1
2019-03-19-20-14-54  房间人数为 1
2019-03-19-20-15-09  房间人数为 1
2019-03-19-20-15-24  房间人数为 1
2019-03-19-20-15-39  房间人数为 1
2019-03-19-20-15-54  房间人数为 1
2019-03-19-20-16-09  房间人数为 1
2019-03-19-20-16-24  房间人数为 1
2019-03-19-20-16-39  房间人数为 1
2019-03-19-20-16-54  房间人数为 1
2019-03-19-20-17-09  房间人数为 1
2019-03-19-20-17-24  房间人数为 1
2019-03-19-20-17-39  房间人数为 1
2019-03-19-20-17-54  房间人数为 1
2019-03-19-20-18-09  房间人数为 1
2019-03-19-20-18-24  房间人数为 1
2019-03-19-20-18-39  房间人数为 1
2019-03-19-20-18-54  房间人数为 1
2019-03-19-20-19-09  房间人数为 1
2019-03-19-20-19-24  房间人数为 1
2019-03-19-20-19-39  房间人数为 1
2019-03-19-20-19-54  房间人数为 1
2019-03-19-20-20-09  房间人数为 1
2019-03-19-20-20-24  房间人数为 1
2019-03-19-20-20-39  房间人数为 6
2019-03-19-20-20-54  房间人数为 6
2019-03-19-20-21-09  房间人数为 6
2019-03-19-20-21-24  房间人数为 6
2019-03-19-20-21-39  房间人数为 6
2019-03-19-20-21-54  房间人数为 6
2019-03-19-20-22-09  房间人数为 6
2019-03-19-20-22-24  房间人数为 6
2019-03-19-20-22-39  房间人数为 6
2019-03-19-20-22-54  房间人数为 6
2019-03-19-20-23-09  房间人数为 6
2019-03-19-20-23-24  房间人数为 6
2019-03-19-20-23-39  房间人数为 6
2019-03-19-20-23-54  房间人数为 6
2019-03-19-20-24-09  房间人数为 6
2019-03-19-20-24-24  房间人数为 6
2019-03-19-20-24-39  房间人数为 6
2019-03-19-20-24-54  房间人数为 6
2019-03-19-20-25-09  房间人数为 6
2019-03-19-20-25-24  房间人数为 6
2019-03-19-20-25-39  房间人数为 6
2019-03-19-20-25-54  房间人数为 6
2019-03-19-20-26-09  房间人数为 6
2019-03-19-20-26-24  房间人数为 6
2019-03-19-20-26-39  房间人数为 6
2019-03-19-20-26-54  房间人数为 6
2019-03-19-20-27-09  房间人数为 6
2019-03-19-20-27-24  房间人数为 6
2019-03-19-20-27-39  房间人数为 6
2019-03-19-20-27-54  房间人数为 6
2019-03-19-20-28-09  房间人数为 6
2019-03-19-20-28-24  房间人数为 6
2019-03-19-20-28-39  房间人数为 6
2019-03-19-20-28-54  房间人数为 6
2019-03-19-20-29-09  房间人数为 6
2019-03-19-20-29-24  房间人数为 6
2019-03-19-20-29-39  房间人数为 6
2019-03-19-20-29-54  房间人数为 6
2019-03-19-20-30-09  房间人数为 6
2019-03-19-20-30-24  房间人数为 6
2019-03-19-20-30-39  房间人数为 6
2019-03-19-20-30-54  房间人数为 6
2019-03-19-20-31-09  房间人数为 6
2019-03-19-20-31-24  房间人数为 6
2019-03-19-20-31-39  房间人数为 6
2019-03-19-20-31-54  房间人数为 6
2019-03-19-20-32-09  房间人数为 6
2019-03-19-20-32-24  房间人数为 6
2019-03-19-20-32-39  房间人数为 6
2019-03-19-20-32-54  房间人数为 6
2019-03-19-20-33-09  房间人数为 6
2019-03-19-20-33-24  房间人数为 6
2019-03-19-20-33-39  房间人数为 6
2019-03-19-20-33-54  房间人数为 6
2019-03-19-20-34-09  房间人数为 6
2019-03-19-20-34-24  房间人数为 6
2019-03-19-20-34-39  房间人数为 6
2019-03-19-20-34-54  房间人数为 6
2019-03-19-20-35-09  房间人数为 6
2019-03-19-20-35-24  房间人数为 6
2019-03-19-20-35-39  房间人数为 6
2019-03-19-20-35-54  房间人数为 6
2019-03-19-20-36-09  房间人数为 6
2019-03-19-20-36-24  房间人数为 6
2019-03-19-20-36-39  房间人数为 6
2019-03-19-20-36-54  房间人数为 6
2019-03-19-20-37-09  房间人数为 6
2019-03-19-20-37-24  房间人数为 6
2019-03-19-20-37-39  房间人数为 6
2019-03-19-20-37-54  房间人数为 6
2019-03-19-20-38-09  房间人数为 6
2019-03-19-20-38-24  房间人数为 6
2019-03-19-20-38-39  房间人数为 6
2019-03-19-20-38-54  房间人数为 6
2019-03-19-20-39-09  房间人数为 6
2019-03-19-20-39-24  房间人数为 6
2019-03-19-20-39-39  房间人数为 6
2019-03-19-20-39-54  房间人数为 6
2019-03-19-20-40-09  房间人数为 6
2019-03-19-20-40-24  房间人数为 6
2019-03-19-20-40-39  房间人数为 6
2019-03-19-20-40-54  房间人数为 6
2019-03-19-20-41-09  房间人数为 6
2019-03-19-20-41-24  房间人数为 6
2019-03-19-20-41-39  房间人数为 6
2019-03-19-20-41-54  房间人数为 6
2019-03-19-20-42-09  房间人数为 6
2019-03-19-20-42-24  房间人数为 6
2019-03-19-20-42-39  房间人数为 6
2019-03-19-20-42-54  房间人数为 6
2019-03-19-20-43-09  房间人数为 6
2019-03-19-20-43-24  房间人数为 6
2019-03-19-20-43-39  房间人数为 6
2019-03-19-20-43-54  房间人数为 6
2019-03-19-20-44-09  房间人数为 6
2019-03-19-20-44-24  房间人数为 6
2019-03-19-20-44-39  房间人数为 6
2019-03-19-20-44-54  房间人数为 6
2019-03-19-20-45-09  房间人数为 6
2019-03-19-20-45-24  房间人数为 6
2019-03-19-20-45-39  房间人数为 6
2019-03-19-20-45-54  房间人数为 6
2019-03-19-20-46-09  房间人数为 6
2019-03-19-20-46-24  房间人数为 6
2019-03-19-20-46-39  房间人数为 6
2019-03-19-20-46-54  房间人数为 6
2019-03-19-20-47-09  房间人数为 6
2019-03-19-20-47-24  房间人数为 6
2019-03-19-20-47-39  房间人数为 6
2019-03-19-20-47-54  房间人数为 6
2019-03-19-20-48-09  房间人数为 6
2019-03-19-20-48-24  房间人数为 6
2019-03-19-20-48-39  房间人数为 6
2019-03-19-20-48-54  房间人数为 6
2019-03-19-20-49-09  房间人数为 6
2019-03-19-20-49-24  房间人数为 6
2019-03-19-20-49-39  房间人数为 6
2019-03-19-20-49-54  房间人数为 6
2019-03-19-20-50-09  房间人数为 6
2019-03-19-20-50-24  房间人数为 6
2019-03-19-20-50-39  房间人数为 6
2019-03-19-20-50-54  房间人数为 6
2019-03-19-20-51-09  房间人数为 6
2019-03-19-20-51-24  房间人数为 6
2019-03-19-20-51-39  房间人数为 6
2019-03-19-20-51-54  房间人数为 6
2019-03-19-20-52-09  房间人数为 6
2019-03-19-20-52-24  房间人数为 6
2019-03-19-20-52-39  房间人数为 6
2019-03-19-20-52-54  房间人数为 6
2019-03-19-20-53-09  房间人数为 6
2019-03-19-20-53-24  房间人数为 6
2019-03-19-20-53-39  房间人数为 6
2019-03-19-20-53-54  房间人数为 6
2019-03-19-20-54-09  房间人数为 6
2019-03-19-20-54-24  房间人数为 6
2019-03-19-20-54-39  房间人数为 6
2019-03-19-20-54-54  房间人数为 6
2019-03-19-20-55-09  房间人数为 6
2019-03-19-20-55-24  房间人数为 6
2019-03-19-20-55-39  房间人数为 6
2019-03-19-20-55-54  房间人数为 6
2019-03-19-20-56-09  房间人数为 6
2019-03-19-20-56-24  房间人数为 6
2019-03-19-20-56-39  房间人数为 6
2019-03-19-20-56-54  房间人数为 6
2019-03-19-20-57-09  房间人数为 6
2019-03-19-20-57-24  房间人数为 6
2019-03-19-20-57-39  房间人数为 6
2019-03-19-20-57-54  房间人数为 6
2019-03-19-20-58-09  房间人数为 6
2019-03-19-20-58-24  房间人数为 6
2019-03-19-20-58-39  房间人数为 6
2019-03-19-20-58-54  房间人数为 6
2019-03-19-20-59-09  房间人数为 6
2019-03-19-20-59-24  房间人数为 6
2019-03-19-20-59-39  房间人数为 6
2019-03-19-20-59-54  房间人数为 6
2019-03-19-21-00-09  房间人数为 6
2019-03-19-21-00-24  房间人数为 6
2019-03-19-21-00-39  房间人数为 6
2019-03-19-21-00-54  房间人数为 6
2019-03-19-21-01-09  房间人数为 6
2019-03-19-21-01-24  房间人数为 6
2019-03-19-21-01-39  房间人数为 6
2019-03-19-21-01-54  房间人数为 6
2019-03-19-21-02-09  房间人数为 6
2019-03-19-21-02-24  房间人数为 6
2019-03-19-21-02-39  房间人数为 6
2019-03-19-21-02-54  房间人数为 6
2019-03-19-21-03-09  房间人数为 6
2019-03-19-21-03-24  房间人数为 6
2019-03-19-21-03-39  房间人数为 6
2019-03-19-21-03-54  房间人数为 6
2019-03-19-21-04-09  房间人数为 6
2019-03-19-21-04-24  房间人数为 6
2019-03-19-21-04-39  房间人数为 6
2019-03-19-21-04-54  房间人数为 6
2019-03-19-21-05-09  房间人数为 6
2019-03-19-21-05-24  房间人数为 6
2019-03-19-21-05-39  房间人数为 6
2019-03-19-21-05-54  房间人数为 6
2019-03-19-21-06-09  房间人数为 6
2019-03-19-21-06-24  房间人数为 6
2019-03-19-21-06-39  房间人数为 6
2019-03-19-21-06-54  房间人数为 6
2019-03-19-21-07-09  房间人数为 6
2019-03-19-21-07-24  房间人数为 6
2019-03-19-21-07-39  房间人数为 6
2019-03-19-21-07-54  房间人数为 6
2019-03-19-21-08-09  房间人数为 6
2019-03-19-21-08-24  房间人数为 6
2019-03-19-21-08-39  房间人数为 6
2019-03-19-21-08-54  房间人数为 6
2019-03-19-21-09-09  房间人数为 6
2019-03-19-21-09-24  房间人数为 6
2019-03-19-21-09-39  房间人数为 6
2019-03-19-21-09-54  房间人数为 6
2019-03-19-21-10-09  房间人数为 6
2019-03-19-21-10-24  房间人数为 6
2019-03-19-21-10-39  房间人数为 6
2019-03-19-21-10-54  房间人数为 6
2019-03-19-21-11-09  房间人数为 6
2019-03-19-21-11-24  房间人数为 6
2019-03-19-21-11-39  房间人数为 6
2019-03-19-21-11-54  房间人数为 6
2019-03-19-21-12-09  房间人数为 6
2019-03-19-21-12-24  房间人数为 6
2019-03-19-21-12-39  房间人数为 6
2019-03-19-21-12-54  房间人数为 6
2019-03-19-21-13-09  房间人数为 6
2019-03-19-21-13-24  房间人数为 6
2019-03-19-21-13-39  房间人数为 6
2019-03-19-21-13-54  房间人数为 6
2019-03-19-21-14-09  房间人数为 6
2019-03-19-21-14-24  房间人数为 6
2019-03-19-21-14-39  房间人数为 6
2019-03-19-21-14-54  房间人数为 6
2019-03-19-21-15-09  房间人数为 6
2019-03-19-21-15-24  房间人数为 6
2019-03-19-21-15-39  房间人数为 6
2019-03-19-21-15-54  房间人数为 6
2019-03-19-21-16-09  房间人数为 6
2019-03-19-21-16-24  房间人数为 6
2019-03-19-21-16-39  房间人数为 6
2019-03-19-21-16-54  房间人数为 6
2019-03-19-21-17-09  房间人数为 6
2019-03-19-21-17-24  房间人数为 6
2019-03-19-21-17-39  房间人数为 6
2019-03-19-21-17-54  房间人数为 6
2019-03-19-21-18-09  房间人数为 6
2019-03-19-21-18-24  房间人数为 6
2019-03-19-21-18-39  房间人数为 6
2019-03-19-21-18-54  房间人数为 6
2019-03-19-21-19-09  房间人数为 6
2019-03-19-21-19-24  房间人数为 6
2019-03-19-21-19-39  房间人数为 6
2019-03-19-21-19-54  房间人数为 6
2019-03-19-21-20-09  房间人数为 6
2019-03-19-21-20-24  房间人数为 6
2019-03-19-21-20-39  房间人数为 6
2019-03-19-21-20-54  房间人数为 6
2019-03-19-21-21-09  房间人数为 6
2019-03-19-21-21-24  房间人数为 6
2019-03-19-21-21-39  房间人数为 6
2019-03-19-21-21-54  房间人数为 6
2019-03-19-21-22-09  房间人数为 6
2019-03-19-21-22-24  房间人数为 6
2019-03-19-21-22-39  房间人数为 6
2019-03-19-21-22-54  房间人数为 6
2019-03-19-21-23-09  房间人数为 6
2019-03-19-21-23-24  房间人数为 6
2019-03-19-21-23-39  房间人数为 6
2019-03-19-21-23-54  房间人数为 6
2019-03-19-21-24-09  房间人数为 6
2019-03-19-21-24-24  房间人数为 6
2019-03-19-21-24-39  房间人数为 6
2019-03-19-21-24-54  房间人数为 6
2019-03-19-21-25-09  房间人数为 6
2019-03-19-21-25-24  房间人数为 6
2019-03-19-21-25-39  房间人数为 6
2019-03-19-21-25-54  房间人数为 6
2019-03-19-21-26-09  房间人数为 6
2019-03-19-21-26-24  房间人数为 6
2019-03-19-21-26-39  房间人数为 6
2019-03-19-21-26-54  房间人数为 6
2019-03-19-21-27-09  房间人数为 6
2019-03-19-21-27-24  房间人数为 6
2019-03-19-21-27-39  房间人数为 6
2019-03-19-21-27-54  房间人数为 6
2019-03-19-21-28-09  房间人数为 6
2019-03-19-21-28-24  房间人数为 6
2019-03-19-21-28-39  房间人数为 6
2019-03-19-21-28-54  房间人数为 6
2019-03-19-21-29-09  房间人数为 6
2019-03-19-21-29-24  房间人数为 6
2019-03-19-21-29-39  房间人数为 6
2019-03-19-21-29-54  房间人数为 6
2019-03-19-21-30-09  房间人数为 6
2019-03-19-21-30-24  房间人数为 6
2019-03-19-21-30-39  房间人数为 6
2019-03-19-21-30-54  房间人数为 6
2019-03-19-21-31-09  房间人数为 6
2019-03-19-21-31-24  房间人数为 6
2019-03-19-21-31-39  房间人数为 1
2019-03-19-21-31-54  房间人数为 1
2019-03-19-21-32-09  房间人数为 1
2019-03-19-21-32-24  房间人数为 1
2019-03-19-21-32-39  房间人数为 1
2019-03-19-21-32-54  房间人数为 1
2019-03-19-21-33-09  房间人数为 1
2019-03-19-21-33-24  房间人数为 1
2019-03-19-21-33-39  房间人数为 1
2019-03-19-21-33-54  房间人数为 1
2019-03-19-21-34-09  房间人数为 1
2019-03-19-21-34-24  房间人数为 1
2019-03-19-21-34-39  房间人数为 1
2019-03-19-21-34-54  房间人数为 1
2019-03-19-21-35-09  房间人数为 1
2019-03-19-21-35-24  房间人数为 1
2019-03-19-21-35-39  房间人数为 1
2019-03-19-21-35-54  房间人数为 1
2019-03-19-21-36-09  房间人数为 1
2019-03-19-21-36-24  房间人数为 1
2019-03-19-21-36-39  房间人数为 7
2019-03-19-21-36-54  房间人数为 7
2019-03-19-21-37-09  房间人数为 7
2019-03-19-21-37-24  房间人数为 7
2019-03-19-21-37-39  房间人数为 7
2019-03-19-21-37-54  房间人数为 7
2019-03-19-21-38-09  房间人数为 7
2019-03-19-21-38-24  房间人数为 7
2019-03-19-21-38-39  房间人数为 7
2019-03-19-21-38-54  房间人数为 7
2019-03-19-21-39-09  房间人数为 7
2019-03-19-21-39-24  房间人数为 7
2019-03-19-21-39-39  房间人数为 7
2019-03-19-21-39-54  房间人数为 7
2019-03-19-21-40-09  房间人数为 7
2019-03-19-21-40-24  房间人数为 7
2019-03-19-21-40-39  房间人数为 7
2019-03-19-21-40-54  房间人数为 7
2019-03-19-21-41-09  房间人数为 7
2019-03-19-21-41-24  房间人数为 7
2019-03-19-21-41-39  房间人数为 7
2019-03-19-21-41-54  房间人数为 7
2019-03-19-21-42-09  房间人数为 7
2019-03-19-21-42-24  房间人数为 7
2019-03-19-21-42-39  房间人数为 7
2019-03-19-21-42-54  房间人数为 7
2019-03-19-21-43-09  房间人数为 7
2019-03-19-21-43-24  房间人数为 7
2019-03-19-21-43-39  房间人数为 7
2019-03-19-21-43-54  房间人数为 7
2019-03-19-21-44-09  房间人数为 7
2019-03-19-21-44-24  房间人数为 7
2019-03-19-21-44-39  房间人数为 7
2019-03-19-21-44-54  房间人数为 7
2019-03-19-21-45-09  房间人数为 7
2019-03-19-21-45-24  房间人数为 7
2019-03-19-21-45-39  房间人数为 7
2019-03-19-21-45-54  房间人数为 7
2019-03-19-21-46-09  房间人数为 7
2019-03-19-21-46-24  房间人数为 7
2019-03-19-21-46-39  房间人数为 7
2019-03-19-21-46-54  房间人数为 7
2019-03-19-21-47-09  房间人数为 7
2019-03-19-21-47-24  房间人数为 7
2019-03-19-21-47-39  房间人数为 7
2019-03-19-21-47-54  房间人数为 7
2019-03-19-21-48-09  房间人数为 7
2019-03-19-21-48-24  房间人数为 7
2019-03-19-21-48-39  房间人数为 7
2019-03-19-21-48-54  房间人数为 7
2019-03-19-21-49-09  房间人数为 7
2019-03-19-21-49-24  房间人数为 7
2019-03-19-21-49-39  房间人数为 7
2019-03-19-21-49-54  房间人数为 7
2019-03-19-21-50-09  房间人数为 7
2019-03-19-21-50-24  房间人数为 7
2019-03-19-21-50-39  房间人数为 7
2019-03-19-21-50-54  房间人数为 7
2019-03-19-21-51-09  房间人数为 7
2019-03-19-21-51-24  房间人数为 7
2019-03-19-21-51-39  房间人数为 7
2019-03-19-21-51-54  房间人数为 7
2019-03-19-21-52-09  房间人数为 7
2019-03-19-21-52-24  房间人数为 7
2019-03-19-21-52-39  房间人数为 7
2019-03-19-21-52-54  房间人数为 7
2019-03-19-21-53-09  房间人数为 7
2019-03-19-21-53-24  房间人数为 7
2019-03-19-21-53-39  房间人数为 7
2019-03-19-21-53-54  房间人数为 7
2019-03-19-21-54-09  房间人数为 7
2019-03-19-21-54-24  房间人数为 7
2019-03-19-21-54-39  房间人数为 7
2019-03-19-21-54-54  房间人数为 7
2019-03-19-21-55-09  房间人数为 7
2019-03-19-21-55-24  房间人数为 7
2019-03-19-21-55-39  房间人数为 7
2019-03-19-21-55-54  房间人数为 7
2019-03-19-21-56-09  房间人数为 7
2019-03-19-21-56-24  房间人数为 7
2019-03-19-21-56-39  房间人数为 7
2019-03-19-21-56-54  房间人数为 7
2019-03-19-21-57-09  房间人数为 7
2019-03-19-21-57-24  房间人数为 7
2019-03-19-21-57-39  房间人数为 7
2019-03-19-21-57-54  房间人数为 7
2019-03-19-21-58-09  房间人数为 7
2019-03-19-21-58-24  房间人数为 7
2019-03-19-21-58-39  房间人数为 7
2019-03-19-21-58-54  房间人数为 7
2019-03-19-21-59-09  房间人数为 7
2019-03-19-21-59-24  房间人数为 7
2019-03-19-21-59-39  房间人数为 7
2019-03-19-21-59-54  房间人数为 7
2019-03-19-22-00-09  房间人数为 7
2019-03-19-22-00-24  房间人数为 7
2019-03-19-22-00-39  房间人数为 7
2019-03-19-22-00-54  房间人数为 7
2019-03-19-22-01-09  房间人数为 7
2019-03-19-22-01-24  房间人数为 7
2019-03-19-22-01-39  房间人数为 7
2019-03-19-22-01-54  房间人数为 7
2019-03-19-22-02-09  房间人数为 7
2019-03-19-22-02-24  房间人数为 7
2019-03-19-22-02-39  房间人数为 7
2019-03-19-22-02-54  房间人数为 7
2019-03-19-22-03-09  房间人数为 7
2019-03-19-22-03-24  房间人数为 7
2019-03-19-22-03-39  房间人数为 7
2019-03-19-22-03-54  房间人数为 7
2019-03-19-22-04-09  房间人数为 7
2019-03-19-22-04-24  房间人数为 7
2019-03-19-22-04-39  房间人数为 7
2019-03-19-22-04-54  房间人数为 7
2019-03-19-22-05-09  房间人数为 7
2019-03-19-22-05-24  房间人数为 7
2019-03-19-22-05-39  房间人数为 7
2019-03-19-22-05-54  房间人数为 7
2019-03-19-22-06-09  房间人数为 7
2019-03-19-22-06-24  房间人数为 7
2019-03-19-22-06-39  房间人数为 7
2019-03-19-22-06-54  房间人数为 7
2019-03-19-22-07-09  房间人数为 7
2019-03-19-22-07-24  房间人数为 7
2019-03-19-22-07-39  房间人数为 7
2019-03-19-22-07-54  房间人数为 7
2019-03-19-22-08-09  房间人数为 7
2019-03-19-22-08-24  房间人数为 7
2019-03-19-22-08-39  房间人数为 7
2019-03-19-22-08-54  房间人数为 7
2019-03-19-22-09-09  房间人数为 7
2019-03-19-22-09-24  房间人数为 7
2019-03-19-22-09-39  房间人数为 7
2019-03-19-22-09-54  房间人数为 7
2019-03-19-22-10-09  房间人数为 7
2019-03-19-22-10-24  房间人数为 7
2019-03-19-22-10-39  房间人数为 7
2019-03-19-22-10-54  房间人数为 7
2019-03-19-22-11-09  房间人数为 7
2019-03-19-22-11-24  房间人数为 7
2019-03-19-22-11-39  房间人数为 7
2019-03-19-22-11-54  房间人数为 7
2019-03-19-22-12-09  房间人数为 7
2019-03-19-22-12-24  房间人数为 7
2019-03-19-22-12-39  房间人数为 7
2019-03-19-22-12-54  房间人数为 7
2019-03-19-22-13-09  房间人数为 7
2019-03-19-22-13-24  房间人数为 7
2019-03-19-22-13-39  房间人数为 7
2019-03-19-22-13-54  房间人数为 7
2019-03-19-22-14-09  房间人数为 7
2019-03-19-22-14-24  房间人数为 7
2019-03-19-22-14-39  房间人数为 7
2019-03-19-22-14-54  房间人数为 7
2019-03-19-22-15-09  房间人数为 7
2019-03-19-22-15-24  房间人数为 7
2019-03-19-22-15-39  房间人数为 7
2019-03-19-22-15-54  房间人数为 7
2019-03-19-22-16-09  房间人数为 7
2019-03-19-22-16-24  房间人数为 7
2019-03-19-22-16-39  房间人数为 7
2019-03-19-22-16-54  房间人数为 7
2019-03-19-22-17-09  房间人数为 7
2019-03-19-22-17-24  房间人数为 7
2019-03-19-22-17-39  房间人数为 7
2019-03-19-22-17-54  房间人数为 7
2019-03-19-22-18-09  房间人数为 7
2019-03-19-22-18-24  房间人数为 7
2019-03-19-22-18-39  房间人数为 7
2019-03-19-22-18-54  房间人数为 7
2019-03-19-22-19-09  房间人数为 7
2019-03-19-22-19-24  房间人数为 7
2019-03-19-22-19-39  房间人数为 7
2019-03-19-22-19-54  房间人数为 7
2019-03-19-22-20-09  房间人数为 7
2019-03-19-22-20-24  房间人数为 7
2019-03-19-22-20-39  房间人数为 7
2019-03-19-22-20-54  房间人数为 7
2019-03-19-22-21-09  房间人数为 7
2019-03-19-22-21-24  房间人数为 7
2019-03-19-22-21-39  房间人数为 7
2019-03-19-22-21-54  房间人数为 7
2019-03-19-22-22-09  房间人数为 7
2019-03-19-22-22-24  房间人数为 7
2019-03-19-22-22-39  房间人数为 7
2019-03-19-22-22-54  房间人数为 7
2019-03-19-22-23-09  房间人数为 7
2019-03-19-22-23-24  房间人数为 7
2019-03-19-22-23-39  房间人数为 7
2019-03-19-22-23-54  房间人数为 7
2019-03-19-22-24-09  房间人数为 7
2019-03-19-22-24-24  房间人数为 7
2019-03-19-22-24-39  房间人数为 7
2019-03-19-22-24-54  房间人数为 7
2019-03-19-22-25-09  房间人数为 7
2019-03-19-22-25-24  房间人数为 7
2019-03-19-22-25-39  房间人数为 7
2019-03-19-22-25-54  房间人数为 7
2019-03-19-22-26-09  房间人数为 7
2019-03-19-22-26-24  房间人数为 7
2019-03-19-22-26-39  房间人数为 7
2019-03-19-22-26-54  房间人数为 7
2019-03-19-22-27-09  房间人数为 7
2019-03-19-22-27-24  房间人数为 7
2019-03-19-22-27-39  房间人数为 7
2019-03-19-22-27-54  房间人数为 7
2019-03-19-22-28-09  房间人数为 7
2019-03-19-22-28-24  房间人数为 7
2019-03-19-22-28-39  房间人数为 7
2019-03-19-22-28-54  房间人数为 7
2019-03-19-22-29-09  房间人数为 7
2019-03-19-22-29-24  房间人数为 7
2019-03-19-22-29-39  房间人数为 7
2019-03-19-22-29-54  房间人数为 7
2019-03-19-22-30-09  房间人数为 7
2019-03-19-22-30-24  房间人数为 7
2019-03-19-22-30-39  房间人数为 7
2019-03-19-22-30-54  房间人数为 7
2019-03-19-22-31-09  房间人数为 7
2019-03-19-22-31-24  房间人数为 7
2019-03-19-22-31-39  房间人数为 7
2019-03-19-22-31-54  房间人数为 7
2019-03-19-22-32-09  房间人数为 7
2019-03-19-22-32-24  房间人数为 7
2019-03-19-22-32-39  房间人数为 7
2019-03-19-22-32-54  房间人数为 7
2019-03-19-22-33-09  房间人数为 7
2019-03-19-22-33-24  房间人数为 7
2019-03-19-22-33-39  房间人数为 7
2019-03-19-22-33-54  房间人数为 7
2019-03-19-22-34-09  房间人数为 7
2019-03-19-22-34-24  房间人数为 7
2019-03-19-22-34-39  房间人数为 7
2019-03-19-22-34-54  房间人数为 7
2019-03-19-22-35-09  房间人数为 7
2019-03-19-22-35-24  房间人数为 7
2019-03-19-22-35-39  房间人数为 7
2019-03-19-22-35-54  房间人数为 7
2019-03-19-22-36-09  房间人数为 7
2019-03-19-22-36-24  房间人数为 7
2019-03-19-22-36-39  房间人数为 1
2019-03-19-22-36-54  房间人数为 1
2019-03-19-22-37-09  房间人数为 1
2019-03-19-22-37-24  房间人数为 1
2019-03-19-22-37-39  房间人数为 1
2019-03-19-22-37-54  房间人数为 1
2019-03-19-22-38-09  房间人数为 1
2019-03-19-22-38-24  房间人数为 1
2019-03-19-22-38-39  房间人数为 1
2019-03-19-22-38-54  房间人数为 1
2019-03-19-22-39-09  房间人数为 1
2019-03-19-22-39-24  房间人数为 1
2019-03-19-22-39-39  房间人数为 1
2019-03-19-22-39-54  房间人数为 1
2019-03-19-22-40-09  房间人数为 1
2019-03-19-22-40-24  房间人数为 1
2019-03-19-22-40-39  房间人数为 1
2019-03-19-22-40-54  房间人数为 1
2019-03-19-22-41-09  房间人数为 1
2019-03-19-22-41-24  房间人数为 1
2019-03-19-22-41-39  房间人数为 1
2019-03-19-22-41-54  房间人数为 1
2019-03-19-22-42-09  房间人数为 1
2019-03-19-22-42-24  房间人数为 1
2019-03-19-22-42-39  房间人数为 1
2019-03-19-22-42-54  房间人数为 1
2019-03-19-22-43-09  房间人数为 1
2019-03-19-22-43-24  房间人数为 1
2019-03-19-22-43-39  房间人数为 1
2019-03-19-22-43-54  房间人数为 1
2019-03-19-22-44-09  房间人数为 1
2019-03-19-22-44-24  房间人数为 1
2019-03-19-22-44-39  房间人数为 7
2019-03-19-22-44-54  房间人数为 7
2019-03-19-22-45-09  房间人数为 7
2019-03-19-22-45-24  房间人数为 7
2019-03-19-22-45-39  房间人数为 7
2019-03-19-22-45-54  房间人数为 7
2019-03-19-22-46-09  房间人数为 7
2019-03-19-22-46-24  房间人数为 7
2019-03-19-22-46-39  房间人数为 7
2019-03-19-22-46-54  房间人数为 7
2019-03-19-22-47-09  房间人数为 7
2019-03-19-22-47-24  房间人数为 7
2019-03-19-22-47-39  房间人数为 6
2019-03-19-22-47-54  房间人数为 6
2019-03-19-22-48-09  房间人数为 6
2019-03-19-22-48-24  房间人数为 6
2019-03-19-22-48-39  房间人数为 6
2019-03-19-22-48-54  房间人数为 6
2019-03-19-22-49-09  房间人数为 6
2019-03-19-22-49-24  房间人数为 6
2019-03-19-22-49-39  房间人数为 6
2019-03-19-22-49-54  房间人数为 6
2019-03-19-22-50-09  房间人数为 6
2019-03-19-22-50-24  房间人数为 6
2019-03-19-22-50-39  房间人数为 6
2019-03-19-22-50-54  房间人数为 6
2019-03-19-22-51-09  房间人数为 6
2019-03-19-22-51-24  房间人数为 6
2019-03-19-22-51-39  房间人数为 6
2019-03-19-22-51-54  房间人数为 6
2019-03-19-22-52-09  房间人数为 6
2019-03-19-22-52-24  房间人数为 6
2019-03-19-22-52-39  房间人数为 6
2019-03-19-22-52-54  房间人数为 6
2019-03-19-22-53-09  房间人数为 6
2019-03-19-22-53-24  房间人数为 6
2019-03-19-22-53-39  房间人数为 6
2019-03-19-22-53-54  房间人数为 6
2019-03-19-22-54-09  房间人数为 6
2019-03-19-22-54-24  房间人数为 6
2019-03-19-22-54-39  房间人数为 6
2019-03-19-22-54-54  房间人数为 6
2019-03-19-22-55-09  房间人数为 6
2019-03-19-22-55-24  房间人数为 6
2019-03-19-22-55-39  房间人数为 6
2019-03-19-22-55-54  房间人数为 6
2019-03-19-22-56-09  房间人数为 6
2019-03-19-22-56-24  房间人数为 6
2019-03-19-22-56-39  房间人数为 6
2019-03-19-22-56-54  房间人数为 6
2019-03-19-22-57-09  房间人数为 6
2019-03-19-22-57-24  房间人数为 6
2019-03-19-22-57-39  房间人数为 6
2019-03-19-22-57-54  房间人数为 6
2019-03-19-22-58-09  房间人数为 6
2019-03-19-22-58-24  房间人数为 6
2019-03-19-22-58-39  房间人数为 6
2019-03-19-22-58-54  房间人数为 6
2019-03-19-22-59-09  房间人数为 6
2019-03-19-22-59-24  房间人数为 6
2019-03-19-22-59-39  房间人数为 6
2019-03-19-22-59-54  房间人数为 6
2019-03-19-23-00-09  房间人数为 6
2019-03-19-23-00-24  房间人数为 6
2019-03-19-23-00-39  房间人数为 6
2019-03-19-23-00-54  房间人数为 6
2019-03-19-23-01-09  房间人数为 6
2019-03-19-23-01-24  房间人数为 6
2019-03-19-23-01-39  房间人数为 6
2019-03-19-23-01-54  房间人数为 6
2019-03-19-23-02-09  房间人数为 6
2019-03-19-23-02-24  房间人数为 6
2019-03-19-23-02-39  房间人数为 6
2019-03-19-23-02-54  房间人数为 6
2019-03-19-23-03-09  房间人数为 6
2019-03-19-23-03-24  房间人数为 6
2019-03-19-23-03-39  房间人数为 6
2019-03-19-23-03-54  房间人数为 6
2019-03-19-23-04-09  房间人数为 6
2019-03-19-23-04-24  房间人数为 6
2019-03-19-23-04-39  房间人数为 6
2019-03-19-23-04-54  房间人数为 6
2019-03-19-23-05-09  房间人数为 6
2019-03-19-23-05-24  房间人数为 6
2019-03-19-23-05-39  房间人数为 6
2019-03-19-23-05-54  房间人数为 6
2019-03-19-23-06-09  房间人数为 6
2019-03-19-23-06-24  房间人数为 6
2019-03-19-23-06-39  房间人数为 6
2019-03-19-23-06-54  房间人数为 6
2019-03-19-23-07-09  房间人数为 6
2019-03-19-23-07-24  房间人数为 6
2019-03-19-23-07-39  房间人数为 6
2019-03-19-23-07-54  房间人数为 6
2019-03-19-23-08-09  房间人数为 6
2019-03-19-23-08-24  房间人数为 6
2019-03-19-23-08-39  房间人数为 6
2019-03-19-23-08-54  房间人数为 6
2019-03-19-23-09-09  房间人数为 6
2019-03-19-23-09-24  房间人数为 6
2019-03-19-23-09-39  房间人数为 6
2019-03-19-23-09-54  房间人数为 6
2019-03-19-23-10-09  房间人数为 6
2019-03-19-23-10-24  房间人数为 6
2019-03-19-23-10-39  房间人数为 6
2019-03-19-23-10-54  房间人数为 6
2019-03-19-23-11-09  房间人数为 6
2019-03-19-23-11-24  房间人数为 6
2019-03-19-23-11-39  房间人数为 6
2019-03-19-23-11-54  房间人数为 6
2019-03-19-23-12-09  房间人数为 6
2019-03-19-23-12-24  房间人数为 6
2019-03-19-23-12-39  房间人数为 5
2019-03-19-23-12-54  房间人数为 5
2019-03-19-23-13-09  房间人数为 5
2019-03-19-23-13-24  房间人数为 5
2019-03-19-23-13-39  房间人数为 5
2019-03-19-23-13-54  房间人数为 5
2019-03-19-23-14-09  房间人数为 5
2019-03-19-23-14-24  房间人数为 5
2019-03-19-23-14-39  房间人数为 5
2019-03-19-23-14-54  房间人数为 5
2019-03-19-23-15-09  房间人数为 5
2019-03-19-23-15-24  房间人数为 5
2019-03-19-23-15-39  房间人数为 5
2019-03-19-23-15-54  房间人数为 5
2019-03-19-23-16-09  房间人数为 5
2019-03-19-23-16-24  房间人数为 5
2019-03-19-23-16-39  房间人数为 5
2019-03-19-23-16-54  房间人数为 5
2019-03-19-23-17-09  房间人数为 5
2019-03-19-23-17-24  房间人数为 5
2019-03-19-23-17-39  房间人数为 4
2019-03-19-23-17-54  房间人数为 4
2019-03-19-23-18-09  房间人数为 4
2019-03-19-23-18-24  房间人数为 4
2019-03-19-23-18-39  房间人数为 4
2019-03-19-23-18-54  房间人数为 4
2019-03-19-23-19-09  房间人数为 4
2019-03-19-23-19-24  房间人数为 4
2019-03-19-23-19-39  房间人数为 4
2019-03-19-23-19-54  房间人数为 4
2019-03-19-23-20-09  房间人数为 4
2019-03-19-23-20-24  房间人数为 4
2019-03-19-23-20-39  房间人数为 4
2019-03-19-23-20-54  房间人数为 4
2019-03-19-23-21-09  房间人数为 4
2019-03-19-23-21-24  房间人数为 4
2019-03-19-23-21-39  房间人数为 4
2019-03-19-23-21-54  房间人数为 4
2019-03-19-23-22-09  房间人数为 4
2019-03-19-23-22-24  房间人数为 4
2019-03-19-23-22-39  房间人数为 4
2019-03-19-23-22-54  房间人数为 4
2019-03-19-23-23-09  房间人数为 4
2019-03-19-23-23-24  房间人数为 4
2019-03-19-23-23-39  房间人数为 4
2019-03-19-23-23-54  房间人数为 4
2019-03-19-23-24-09  房间人数为 4
2019-03-19-23-24-24  房间人数为 4
2019-03-19-23-24-39  房间人数为 4
2019-03-19-23-24-54  房间人数为 4
2019-03-19-23-25-09  房间人数为 4
2019-03-19-23-25-24  房间人数为 4
2019-03-19-23-25-39  房间人数为 4
2019-03-19-23-25-54  房间人数为 4
2019-03-19-23-26-09  房间人数为 4
2019-03-19-23-26-24  房间人数为 4
2019-03-19-23-26-39  房间人数为 4
2019-03-19-23-26-54  房间人数为 4
2019-03-19-23-27-09  房间人数为 4
2019-03-19-23-27-24  房间人数为 4
2019-03-19-23-27-39  房间人数为 4
2019-03-19-23-27-54  房间人数为 4
2019-03-19-23-28-09  房间人数为 4
2019-03-19-23-28-24  房间人数为 4
2019-03-19-23-28-39  房间人数为 4
2019-03-19-23-28-54  房间人数为 4
2019-03-19-23-29-09  房间人数为 4
2019-03-19-23-29-24  房间人数为 4
2019-03-19-23-29-39  房间人数为 4
2019-03-19-23-29-54  房间人数为 4
2019-03-19-23-30-09  房间人数为 4
2019-03-19-23-30-24  房间人数为 4
2019-03-19-23-30-39  房间人数为 4
2019-03-19-23-30-54  房间人数为 4
2019-03-19-23-31-09  房间人数为 4
2019-03-19-23-31-24  房间人数为 4
2019-03-19-23-31-39  房间人数为 4
2019-03-19-23-31-54  房间人数为 4
2019-03-19-23-32-09  房间人数为 4
2019-03-19-23-32-24  房间人数为 4
2019-03-19-23-32-39  房间人数为 4
2019-03-19-23-32-54  房间人数为 4
2019-03-19-23-33-09  房间人数为 4
2019-03-19-23-33-24  房间人数为 4
2019-03-19-23-33-39  房间人数为 4
2019-03-19-23-33-54  房间人数为 4
2019-03-19-23-34-09  房间人数为 4
2019-03-19-23-34-24  房间人数为 4
2019-03-19-23-34-39  房间人数为 4
2019-03-19-23-34-54  房间人数为 4
2019-03-19-23-35-09  房间人数为 4
2019-03-19-23-35-24  房间人数为 4
2019-03-19-23-35-39  房间人数为 4
2019-03-19-23-35-54  房间人数为 4
2019-03-19-23-36-09  房间人数为 4
2019-03-19-23-36-24  房间人数为 4
2019-03-19-23-36-39  房间人数为 4
2019-03-19-23-36-54  房间人数为 4
2019-03-19-23-37-09  房间人数为 4
2019-03-19-23-37-24  房间人数为 4
2019-03-19-23-37-39  房间人数为 4
2019-03-19-23-37-54  房间人数为 4
2019-03-19-23-38-09  房间人数为 4
2019-03-19-23-38-24  房间人数为 4
2019-03-19-23-38-39  房间人数为 4
2019-03-19-23-38-54  房间人数为 4
2019-03-19-23-39-09  房间人数为 4
2019-03-19-23-39-24  房间人数为 4
2019-03-19-23-39-39  房间人数为 4
2019-03-19-23-39-54  房间人数为 4
2019-03-19-23-40-09  房间人数为 4
2019-03-19-23-40-24  房间人数为 4
2019-03-19-23-40-39  房间人数为 4
2019-03-19-23-40-54  房间人数为 4
2019-03-19-23-41-09  房间人数为 4
2019-03-19-23-41-24  房间人数为 4
2019-03-19-23-41-39  房间人数为 4
2019-03-19-23-41-54  房间人数为 4
2019-03-19-23-42-09  房间人数为 4
2019-03-19-23-42-24  房间人数为 4
2019-03-19-23-42-39  房间人数为 4
2019-03-19-23-42-54  房间人数为 4
2019-03-19-23-43-09  房间人数为 4
2019-03-19-23-43-24  房间人数为 4
2019-03-19-23-43-39  房间人数为 4
2019-03-19-23-43-54  房间人数为 4
2019-03-19-23-44-09  房间人数为 4
2019-03-19-23-44-24  房间人数为 4
2019-03-19-23-44-39  房间人数为 4
2019-03-19-23-44-54  房间人数为 4
2019-03-19-23-45-09  房间人数为 4
2019-03-19-23-45-24  房间人数为 4
2019-03-19-23-45-39  房间人数为 4
2019-03-19-23-45-54  房间人数为 4
2019-03-19-23-46-09  房间人数为 4
2019-03-19-23-46-24  房间人数为 4
2019-03-19-23-46-39  房间人数为 4
2019-03-19-23-46-54  房间人数为 4
2019-03-19-23-47-09  房间人数为 4
2019-03-19-23-47-24  房间人数为 4
2019-03-19-23-47-39  房间人数为 4
2019-03-19-23-47-54  房间人数为 4
2019-03-19-23-48-09  房间人数为 4
2019-03-19-23-48-24  房间人数为 4
2019-03-19-23-48-39  房间人数为 4
2019-03-19-23-48-54  房间人数为 4
2019-03-19-23-49-09  房间人数为 4
2019-03-19-23-49-24  房间人数为 4
2019-03-19-23-49-39  房间人数为 4
2019-03-19-23-49-54  房间人数为 4
2019-03-19-23-50-09  房间人数为 4
2019-03-19-23-50-24  房间人数为 4
2019-03-19-23-50-39  房间人数为 4
2019-03-19-23-50-54  房间人数为 4
2019-03-19-23-51-09  房间人数为 4
2019-03-19-23-51-24  房间人数为 4
2019-03-19-23-51-39  房间人数为 4
2019-03-19-23-51-54  房间人数为 4
2019-03-19-23-52-09  房间人数为 4
2019-03-19-23-52-24  房间人数为 4
2019-03-19-23-52-39  房间人数为 4
2019-03-19-23-52-54  房间人数为 4
2019-03-19-23-53-09  房间人数为 4
2019-03-19-23-53-24  房间人数为 4
2019-03-19-23-53-39  房间人数为 4
2019-03-19-23-53-54  房间人数为 4
2019-03-19-23-54-09  房间人数为 4
2019-03-19-23-54-24  房间人数为 4
2019-03-19-23-54-39  房间人数为 4
2019-03-19-23-54-54  房间人数为 4
2019-03-19-23-55-09  房间人数为 4
2019-03-19-23-55-24  房间人数为 4
2019-03-19-23-55-39  房间人数为 4
2019-03-19-23-55-54  房间人数为 4
2019-03-19-23-56-09  房间人数为 4
2019-03-19-23-56-24  房间人数为 4
2019-03-19-23-56-39  房间人数为 4
2019-03-19-23-56-54  房间人数为 4
2019-03-19-23-57-09  房间人数为 4
2019-03-19-23-57-24  房间人数为 4
2019-03-19-23-57-39  房间人数为 4
2019-03-19-23-57-54  房间人数为 4
2019-03-19-23-58-09  房间人数为 4
2019-03-19-23-58-24  房间人数为 4
2019-03-19-23-58-39  房间人数为 4
2019-03-19-23-58-54  房间人数为 4
2019-03-19-23-59-09  房间人数为 4
2019-03-19-23-59-24  房间人数为 4
2019-03-19-23-59-39  房间人数为 4
2019-03-19-23-59-54  房间人数为 4
