2019-03-18-14-30-46  main.py启动成功
2019-03-18-14-30-49  次日数据更新
2019-03-18-14-30-50  房间人数为 6
2019-03-18-14-36-39  main.py启动成功
2019-03-18-14-36-43  房间人数为 5
2019-03-18-14-37-31  main.py启动成功
2019-03-18-14-37-35  房间人数为 5
2019-03-18-14-40-09  main.py启动成功
2019-03-18-14-40-13  房间人数为 5
2019-03-18-14-40-46  main.py启动成功
2019-03-18-14-40-50  房间人数为 5
2019-03-18-14-44-47  main.py启动成功
2019-03-18-14-44-51  房间人数为 5
2019-03-18-14-45-42  main.py启动成功
2019-03-18-14-45-45  waiting for connection...
2019-03-18-14-45-46  ...connected from:('183.236.27.196', 41891)
2019-03-18-14-45-46  房间人数为 5
2019-03-18-14-45-47  waiting for connection...
2019-03-18-14-46-05  main.py启动成功
2019-03-18-14-46-10  房间人数为 5
2019-03-18-14-46-24  main.py启动成功
2019-03-18-14-46-27  waiting for connection...
2019-03-18-14-46-27  ...connected from:('183.236.27.196', 41899)
2019-03-18-14-46-28  房间人数为 5
2019-03-18-14-46-28  waiting for connection...
2019-03-18-14-46-43  房间人数为 5
2019-03-18-14-46-58  房间人数为 5
2019-03-18-14-47-13  房间人数为 5
2019-03-18-14-47-28  房间人数为 5
2019-03-18-14-47-43  房间人数为 5
2019-03-18-14-47-58  房间人数为 5
2019-03-18-14-48-13  房间人数为 5
2019-03-18-14-48-28  房间人数为 4
2019-03-18-14-48-43  房间人数为 4
2019-03-18-14-48-58  房间人数为 4
2019-03-18-14-49-04  main.py启动成功
2019-03-18-14-49-07  waiting for connection...
2019-03-18-14-49-08  房间人数为 4
2019-03-18-14-49-12  ...connected from:('183.236.27.196', 41922)
2019-03-18-14-49-13  waiting for connection...
2019-03-18-14-49-23  房间人数为 4
2019-03-18-14-49-38  房间人数为 4
2019-03-18-14-49-53  房间人数为 4
2019-03-18-14-49-57  main.py启动成功
2019-03-18-14-50-01  waiting for connection...
2019-03-18-14-50-01  ...connected from:('183.236.27.196', 41937)
2019-03-18-14-50-02  房间人数为 4
2019-03-18-14-50-02  waiting for connection...
2019-03-18-14-52-53  main.py启动成功
2019-03-18-14-52-56  server等待连接
2019-03-18-14-52-57  server接收到 ('183.236.27.196', 41987) 的连接
2019-03-18-14-52-57  房间人数为 5
2019-03-18-14-54-18  main.py启动成功
2019-03-18-14-54-21  client开始连接
2019-03-18-14-54-21  server等待连接
2019-03-18-14-54-22  TCP_client连接成功
2019-03-18-14-54-23  房间人数为 6
2019-03-18-14-54-25  server接收到 ('183.236.27.196', 42017) 的连接
2019-03-18-14-54-38  房间人数为 6
2019-03-18-14-54-53  房间人数为 6
2019-03-18-14-55-08  房间人数为 6
2019-03-18-14-55-23  房间人数为 7
2019-03-18-14-55-38  房间人数为 7
2019-03-18-14-55-53  房间人数为 7
2019-03-18-14-56-08  房间人数为 7
2019-03-18-14-56-23  房间人数为 6
2019-03-18-14-56-38  房间人数为 6
2019-03-18-14-56-53  房间人数为 6
2019-03-18-14-57-08  房间人数为 6
2019-03-18-14-57-23  房间人数为 5
2019-03-18-14-57-38  房间人数为 5
2019-03-18-14-57-53  房间人数为 5
2019-03-18-14-58-08  房间人数为 5
2019-03-18-14-58-23  房间人数为 5
2019-03-18-14-58-38  房间人数为 5
2019-03-18-14-58-53  房间人数为 5
2019-03-18-14-59-08  房间人数为 5
2019-03-18-14-59-23  房间人数为 6
2019-03-18-14-59-38  房间人数为 6
2019-03-18-14-59-53  房间人数为 6
2019-03-18-15-00-08  房间人数为 6
2019-03-18-15-00-23  房间人数为 6
2019-03-18-15-00-38  房间人数为 6
2019-03-18-15-00-53  房间人数为 6
2019-03-18-15-01-08  房间人数为 6
2019-03-18-15-01-23  房间人数为 6
2019-03-18-15-01-38  房间人数为 6
2019-03-18-15-01-53  房间人数为 6
2019-03-18-15-02-08  房间人数为 6
2019-03-18-15-02-23  房间人数为 6
2019-03-18-15-02-38  房间人数为 6
2019-03-18-15-02-53  房间人数为 6
2019-03-18-15-03-08  房间人数为 6
2019-03-18-15-03-23  房间人数为 5
2019-03-18-15-03-38  房间人数为 5
2019-03-18-15-03-53  房间人数为 5
2019-03-18-15-04-08  房间人数为 5
2019-03-18-15-04-23  房间人数为 6
2019-03-18-15-04-38  房间人数为 6
2019-03-18-15-04-53  房间人数为 6
2019-03-18-15-05-08  房间人数为 6
2019-03-18-15-05-23  房间人数为 5
2019-03-18-15-05-38  房间人数为 5
2019-03-18-15-05-53  房间人数为 5
2019-03-18-15-06-08  房间人数为 5
2019-03-18-15-06-23  房间人数为 5
2019-03-18-15-06-38  房间人数为 5
2019-03-18-15-06-53  房间人数为 5
2019-03-18-15-07-08  房间人数为 5
2019-03-18-15-07-23  房间人数为 5
2019-03-18-15-07-38  房间人数为 5
2019-03-18-15-07-53  房间人数为 5
2019-03-18-15-08-08  房间人数为 5
2019-03-18-15-08-23  房间人数为 5
2019-03-18-15-08-38  房间人数为 5
2019-03-18-15-08-53  房间人数为 5
2019-03-18-15-09-08  房间人数为 5
2019-03-18-15-09-23  房间人数为 5
2019-03-18-15-09-38  房间人数为 5
2019-03-18-15-09-53  房间人数为 5
2019-03-18-15-10-08  房间人数为 5
2019-03-18-15-10-23  房间人数为 5
2019-03-18-15-10-38  房间人数为 5
2019-03-18-15-10-53  房间人数为 5
2019-03-18-15-11-08  房间人数为 5
2019-03-18-15-11-23  房间人数为 5
2019-03-18-15-11-38  房间人数为 5
2019-03-18-15-11-53  房间人数为 5
2019-03-18-15-12-08  房间人数为 5
2019-03-18-15-12-23  房间人数为 5
2019-03-18-15-12-38  房间人数为 5
2019-03-18-15-12-53  房间人数为 5
2019-03-18-15-13-08  房间人数为 5
2019-03-18-15-13-23  房间人数为 5
2019-03-18-15-13-38  房间人数为 5
2019-03-18-15-13-53  房间人数为 5
2019-03-18-15-14-08  房间人数为 5
2019-03-18-15-14-23  房间人数为 5
2019-03-18-15-14-38  房间人数为 6
2019-03-18-15-14-53  房间人数为 6
2019-03-18-15-15-08  房间人数为 6
2019-03-18-15-15-23  房间人数为 6
2019-03-18-15-15-38  房间人数为 6
2019-03-18-15-15-53  房间人数为 6
2019-03-18-15-16-08  房间人数为 6
2019-03-18-15-16-23  房间人数为 6
2019-03-18-15-16-38  房间人数为 6
2019-03-18-15-16-53  房间人数为 6
2019-03-18-15-17-08  房间人数为 6
2019-03-18-15-17-23  房间人数为 6
2019-03-18-15-17-38  房间人数为 6
2019-03-18-15-17-53  房间人数为 6
2019-03-18-15-18-08  房间人数为 6
2019-03-18-15-18-23  房间人数为 6
2019-03-18-15-18-38  房间人数为 6
2019-03-18-15-18-53  房间人数为 6
2019-03-18-15-19-08  房间人数为 6
2019-03-18-15-19-23  房间人数为 6
2019-03-18-15-19-38  房间人数为 6
2019-03-18-15-19-53  房间人数为 6
2019-03-18-15-20-08  房间人数为 6
2019-03-18-15-20-23  房间人数为 5
2019-03-18-15-20-38  房间人数为 5
2019-03-18-15-20-53  房间人数为 5
2019-03-18-15-21-08  房间人数为 5
2019-03-18-15-21-23  房间人数为 6
2019-03-18-15-21-38  房间人数为 6
2019-03-18-15-21-53  房间人数为 6
2019-03-18-15-22-08  房间人数为 6
2019-03-18-15-22-23  房间人数为 6
2019-03-18-15-22-38  房间人数为 6
2019-03-18-15-22-53  房间人数为 6
2019-03-18-15-23-08  房间人数为 6
2019-03-18-15-23-23  房间人数为 5
2019-03-18-15-23-38  房间人数为 5
2019-03-18-15-23-53  房间人数为 5
2019-03-18-15-24-08  房间人数为 5
2019-03-18-15-24-23  房间人数为 4
2019-03-18-15-24-38  房间人数为 4
2019-03-18-15-24-53  房间人数为 4
2019-03-18-15-25-08  房间人数为 4
2019-03-18-15-25-23  房间人数为 5
2019-03-18-15-25-38  房间人数为 5
2019-03-18-15-25-53  房间人数为 5
2019-03-18-15-26-08  房间人数为 5
2019-03-18-15-26-23  房间人数为 5
2019-03-18-15-26-38  房间人数为 5
2019-03-18-15-26-53  房间人数为 5
2019-03-18-15-27-08  房间人数为 5
2019-03-18-15-27-23  房间人数为 5
2019-03-18-15-27-38  房间人数为 5
2019-03-18-15-27-53  房间人数为 5
2019-03-18-15-28-08  房间人数为 5
2019-03-18-15-42-15  main.py启动成功
2019-03-18-15-42-18  client开始连接
2019-03-18-15-42-18  server等待连接
2019-03-18-15-42-18  TCP_client连接成功
2019-03-18-15-42-19  房间人数为 5
2019-03-18-15-42-22  server接收到 ('183.236.27.196', 42652) 的连接
2019-03-18-15-42-34  房间人数为 5
2019-03-18-15-42-49  房间人数为 5
2019-03-18-15-43-04  房间人数为 5
2019-03-18-15-43-19  房间人数为 5
2019-03-18-15-43-34  房间人数为 6
2019-03-18-15-43-49  房间人数为 6
2019-03-18-15-44-04  房间人数为 6
2019-03-18-15-44-19  房间人数为 6
2019-03-18-15-44-34  房间人数为 5
2019-03-18-15-44-49  房间人数为 5
2019-03-18-15-45-04  房间人数为 5
2019-03-18-15-45-19  房间人数为 5
2019-03-18-15-45-34  房间人数为 5
2019-03-18-15-45-49  房间人数为 5
2019-03-18-15-46-04  房间人数为 5
2019-03-18-15-46-19  房间人数为 5
2019-03-18-15-46-34  房间人数为 4
2019-03-18-15-46-38  main.py启动成功
2019-03-18-15-46-41  client开始连接
2019-03-18-15-46-41  server等待连接
2019-03-18-15-46-41  TCP_client连接成功
2019-03-18-15-46-42  server接收到 ('183.236.27.196', 42693) 的连接
2019-03-18-15-46-42  房间人数为 4
2019-03-18-15-46-57  房间人数为 4
2019-03-18-15-47-12  房间人数为 4
2019-03-18-15-48-39  main.py启动成功
2019-03-18-15-48-42  client开始连接
2019-03-18-15-48-42  server等待连接
2019-03-18-15-48-43  TCP_client连接成功
2019-03-18-15-48-44  房间人数为 4
2019-03-18-15-48-45  server接收到 ('183.236.27.196', 42726) 的连接
2019-03-18-15-48-47  Glen_Lin 2
2019-03-18-15-48-59  房间人数为 4
2019-03-18-15-49-14  房间人数为 4
2019-03-18-15-49-29  房间人数为 5
2019-03-18-15-49-44  房间人数为 5
2019-03-18-15-49-59  房间人数为 5
2019-03-18-15-52-49  main.py启动成功
2019-03-18-15-52-53  client开始连接
2019-03-18-15-52-53  server等待连接
2019-03-18-15-52-53  TCP_client连接成功
2019-03-18-15-52-53  server接收到 ('183.236.27.196', 42793) 的连接
2019-03-18-15-52-54  房间人数为 6
2019-03-18-15-52-59  Glen_Lin 3
2019-03-18-15-53-09  房间人数为 6
2019-03-18-15-53-18  main.py启动成功
2019-03-18-15-53-21  client开始连接
2019-03-18-15-53-21  server等待连接
2019-03-18-15-53-22  TCP_client连接成功
2019-03-18-15-53-22  server接收到 ('183.236.27.196', 42796) 的连接
2019-03-18-15-53-23  房间人数为 6
2019-03-18-15-53-30  Glen_Lin 4
2019-03-18-15-53-30  {                        "type": "0",                        "barrage": "4",                        "nick": "Glen_Lin",                        "sid": "24749829",                        "source": "1"                        "optId": ""                    }

2019-03-18-15-53-38  房间人数为 6
2019-03-18-15-53-53  房间人数为 6
2019-03-18-15-54-11  main.py启动成功
2019-03-18-15-54-14  client开始连接
2019-03-18-15-54-14  server等待连接
2019-03-18-15-54-14  TCP_client连接成功
2019-03-18-15-54-15  房间人数为 6
2019-03-18-15-54-19  server接收到 ('183.236.27.196', 42813) 的连接
2019-03-18-15-54-22  Glen_Lin 5
2019-03-18-15-54-22  {"type":"0","barrage":"5","nick":"Glen_Lin","sid":"24749829","source":"1""optId":""}
2019-03-18-15-54-30  房间人数为 6
2019-03-18-15-54-45  房间人数为 6
2019-03-18-15-55-12  main.py启动成功
2019-03-18-15-55-15  client开始连接
2019-03-18-15-55-15  server等待连接
2019-03-18-15-55-15  TCP_client连接成功
2019-03-18-15-55-16  房间人数为 6
2019-03-18-15-55-17  server接收到 ('183.236.27.196', 42820) 的连接
2019-03-18-15-55-20  Glen_Lin 6
2019-03-18-15-55-20  {"type":"0","barrage":"6","nick":"Glen_Lin","sid":"24749829","source":"1""optId":""}
2019-03-18-15-55-31  房间人数为 5
2019-03-18-15-55-47  main.py启动成功
2019-03-18-15-55-50  client开始连接
2019-03-18-15-55-50  server等待连接
2019-03-18-15-55-50  TCP_client连接成功
2019-03-18-15-55-51  房间人数为 5
2019-03-18-15-55-54  Glen_Lin 7
2019-03-18-15-55-54  {"type":"0","barrage":"7","nick":"Glen_Lin","sid":"24749829","source":"1""optId":""}

2019-03-18-15-55-55  server接收到 ('183.236.27.196', 42835) 的连接
2019-03-18-15-55-59  Glen_Lin 8
2019-03-18-15-55-59  {"type":"0","barrage":"8","nick":"Glen_Lin","sid":"24749829","source":"1""optId":""}

2019-03-18-15-56-06  房间人数为 5
2019-03-18-15-56-11  main.py启动成功
2019-03-18-15-56-15  client开始连接
2019-03-18-15-56-15  server等待连接
2019-03-18-15-56-15  TCP_client连接成功
2019-03-18-15-56-15  server接收到 ('183.236.27.196', 42837) 的连接
2019-03-18-15-56-16  房间人数为 5
2019-03-18-15-56-18  Glen_Lin 9
2019-03-18-15-56-18  {"type":"0","barrage":"9","nick":"Glen_Lin","sid":"24749829","source":"1""optId":""}

2019-03-18-15-56-31  房间人数为 5
2019-03-18-15-56-46  房间人数为 5
2019-03-18-15-57-01  房间人数为 5
2019-03-18-15-57-16  房间人数为 5
2019-03-18-15-57-31  房间人数为 6
2019-03-18-15-57-46  房间人数为 6
2019-03-18-15-58-01  房间人数为 6
2019-03-18-15-58-05  main.py启动成功
2019-03-18-15-58-08  client开始连接
2019-03-18-15-58-08  server等待连接
2019-03-18-15-58-08  TCP_client连接成功
2019-03-18-15-58-09  server接收到 ('183.236.27.196', 42857) 的连接
2019-03-18-15-58-09  房间人数为 6
2019-03-18-15-58-13  Glen_Lin 10
2019-03-18-15-58-14  {"type":"0","barrage":"10","nick":"Glen_Lin","sid":"24749829","source":"1""optId":""}

2019-03-18-15-58-14  client接收到：b''
2019-03-18-15-59-00  main.py启动成功
2019-03-18-15-59-03  client开始连接
2019-03-18-15-59-03  server等待连接
2019-03-18-15-59-03  TCP_client连接成功
2019-03-18-15-59-03  server接收到 ('183.236.27.196', 42868) 的连接
2019-03-18-15-59-04  房间人数为 5
2019-03-18-15-59-09  Glen_Lin 20
2019-03-18-15-59-09  {"type":"0","barrage":"20","nick":"Glen_Lin","sid":"24749829","source":"1""optId":""}

2019-03-18-15-59-09  client接收到：b''
2019-03-18-15-59-19  房间人数为 5
2019-03-18-15-59-34  房间人数为 5
2019-03-18-15-59-43  main.py启动成功
2019-03-18-15-59-46  client开始连接
2019-03-18-15-59-46  server等待连接
2019-03-18-15-59-46  TCP_client连接成功
2019-03-18-15-59-47  房间人数为 5
2019-03-18-15-59-50  Glen_Lin 10
2019-03-18-15-59-50  {"type":"0","barrage":"10","nick":"Glen_Lin","sid":"24749829","source":"1""optId":""}

2019-03-18-15-59-50  client接收到：b''
2019-03-18-15-59-50  client开始连接
2019-03-18-15-59-50  TCP_client连接成功
2019-03-18-15-59-51  server接收到 ('183.236.27.196', 42884) 的连接
2019-03-18-16-00-51  main.py启动成功
2019-03-18-16-00-55  client开始连接
2019-03-18-16-00-55  server等待连接
2019-03-18-16-00-55  TCP_client连接成功
2019-03-18-16-00-56  server接收到 ('183.236.27.196', 42898) 的连接
2019-03-18-16-00-56  房间人数为 4
2019-03-18-16-01-00  Glen_Lin 21
2019-03-18-16-01-00  {"type":"0","barrage":"21","nick":"Glen_Lin","sid":"24749829","source":"1""optId":""}

2019-03-18-16-01-00  client接收到：
2019-03-18-16-01-00  client开始连接
2019-03-18-16-01-00  TCP_client连接成功
2019-03-18-16-01-11  房间人数为 4
2019-03-18-16-01-26  房间人数为 5
2019-03-18-16-01-41  房间人数为 5
2019-03-18-16-01-49  main.py启动成功
2019-03-18-16-01-52  client开始连接
2019-03-18-16-01-52  server等待连接
2019-03-18-16-01-52  TCP_client连接成功
2019-03-18-16-01-53  房间人数为 5
2019-03-18-16-01-55  Glen_Lin 32
2019-03-18-16-01-55  {"type":"0","barrage":"32","nick":"Glen_Lin","sid":"24749829","source":"1""optId":""}

2019-03-18-16-01-57  server接收到 ('183.236.27.196', 42915) 的连接
2019-03-18-16-02-42  main.py启动成功
2019-03-18-16-02-45  client开始连接
2019-03-18-16-02-45  server等待连接
2019-03-18-16-02-45  TCP_client连接成功
2019-03-18-16-02-46  房间人数为 6
2019-03-18-16-02-49  Glen_Lin 我
2019-03-18-16-02-49  {"type":"0","barrage":"我","nick":"Glen_Lin","sid":"24749829","source":"1""optId":""}

2019-03-18-16-02-49  client接收到：
2019-03-18-16-02-49  client开始连接
2019-03-18-16-02-49  TCP_client连接成功
2019-03-18-16-02-49  server接收到 ('183.236.27.196', 42931) 的连接
2019-03-18-16-03-21  main.py启动成功
2019-03-18-16-03-24  client开始连接
2019-03-18-16-03-24  server等待连接
2019-03-18-16-03-24  TCP_client连接成功
2019-03-18-16-03-24  server接收到 ('183.236.27.196', 42939) 的连接
2019-03-18-16-03-25  房间人数为 6
2019-03-18-16-03-28  Glen_Lin 我
2019-03-18-16-03-28  {"type":"0","barrage":"我","nick":"Glen_Lin","sid":"24749829","source":"1""optId":""}

2019-03-18-16-03-28  client接收到：b''
2019-03-18-16-03-28  client开始连接
2019-03-18-16-03-28  TCP_client连接成功
2019-03-18-16-05-44  main.py启动成功
2019-03-18-16-05-48  client开始连接
2019-03-18-16-05-48  server等待连接
2019-03-18-16-05-48  TCP_client连接成功
2019-03-18-16-05-48  server接收到 ('183.236.27.196', 42991) 的连接
2019-03-18-16-05-49  房间人数为 5
2019-03-18-16-05-53  Glen_Lin 666
2019-03-18-16-05-53  {"type":"0","barrage":"666","nick":"Glen_Lin","sid":"24749829","source":"1""optId":""}

2019-03-18-16-06-04  房间人数为 5
2019-03-18-16-06-19  房间人数为 5
2019-03-18-16-06-34  房间人数为 5
2019-03-18-16-06-49  房间人数为 5
2019-03-18-16-07-04  房间人数为 5
2019-03-18-16-07-19  房间人数为 5
2019-03-18-16-07-34  房间人数为 5
2019-03-18-16-07-49  房间人数为 5
2019-03-18-16-08-04  房间人数为 5
2019-03-18-16-08-19  房间人数为 5
2019-03-18-16-08-34  房间人数为 5
2019-03-18-16-08-49  房间人数为 5
2019-03-18-16-09-04  房间人数为 5
2019-03-18-16-09-19  房间人数为 5
2019-03-18-16-09-34  房间人数为 6
2019-03-18-16-09-49  房间人数为 6
2019-03-18-16-10-04  房间人数为 6
2019-03-18-16-10-19  房间人数为 6
2019-03-18-16-10-34  房间人数为 6
2019-03-18-16-13-39  main.py启动成功
2019-03-18-16-13-42  client开始连接
2019-03-18-16-13-42  server等待连接
2019-03-18-16-13-42  TCP_client连接成功
2019-03-18-16-13-42  server接收到 ('183.236.27.196', 43098) 的连接
2019-03-18-16-13-43  房间人数为 6
2019-03-18-16-13-58  房间人数为 6
2019-03-18-16-14-10  Glen_Lin 0
2019-03-18-16-14-10  {"type":"0","barrage":"0","nick":"Glen_Lin","sid":"24749829","source":"1""optId":""}

2019-03-18-16-14-10  client接收到：b''
2019-03-18-16-14-10  client开始连接
2019-03-18-16-14-10  TCP_client连接成功
2019-03-18-16-14-13  房间人数为 6
2019-03-18-16-14-28  房间人数为 7
2019-03-18-16-14-43  房间人数为 7
2019-03-18-16-14-58  房间人数为 7
2019-03-18-16-15-17  main.py启动成功
2019-03-18-16-15-21  client开始连接
2019-03-18-16-15-21  server等待连接
2019-03-18-16-15-21  TCP_client连接成功
2019-03-18-16-15-22  房间人数为 7
2019-03-18-16-15-23  server接收到 ('183.236.27.196', 43109) 的连接
2019-03-18-16-15-25  Glen_Lin 1
2019-03-18-16-15-25  {"type":"0","barrage":"1","nick":"Glen_Lin","sid":"24749829","source":"1""optId":""}

2019-03-18-16-15-25  client接收到：
2019-03-18-16-15-25  client开始连接
2019-03-18-16-15-25  TCP_client连接成功
2019-03-18-16-15-37  房间人数为 7
2019-03-18-16-15-52  房间人数为 7
2019-03-18-16-16-06  Glen_Lin 我
2019-03-18-16-16-06  {"type":"0","barrage":"我","nick":"Glen_Lin","sid":"24749829","source":"1""optId":""}

2019-03-18-16-16-06  client接收到：
2019-03-18-16-16-06  client开始连接
2019-03-18-16-16-06  TCP_client连接成功
2019-03-18-16-16-07  房间人数为 7
2019-03-18-16-16-22  房间人数为 8
2019-03-18-16-16-37  房间人数为 8
2019-03-18-16-16-52  房间人数为 8
2019-03-18-16-17-07  房间人数为 8
2019-03-18-16-17-22  房间人数为 8
2019-03-18-16-18-05  main.py启动成功
2019-03-18-16-18-09  client开始连接
2019-03-18-16-18-09  server等待连接
2019-03-18-16-18-09  TCP_client连接成功
2019-03-18-16-18-09  server接收到 ('183.236.27.196', 43149) 的连接
2019-03-18-16-18-10  房间人数为 8
2019-03-18-16-18-17  Glen_Lin 2
2019-03-18-16-18-25  房间人数为 8
2019-03-18-16-18-40  房间人数为 8
2019-03-18-16-18-53  main.py启动成功
2019-03-18-16-18-56  client开始连接
2019-03-18-16-18-56  server等待连接
2019-03-18-16-18-57  TCP_client连接成功
2019-03-18-16-18-57  server接收到 ('183.236.27.196', 43153) 的连接
2019-03-18-16-18-58  房间人数为 8
2019-03-18-16-19-00  Glen_Lin 1
2019-03-18-16-19-00  {"type":0,"barrage":"1","nick":"Glen_Lin","sid":"24749829","source":1"optId":}

2019-03-18-16-19-00  client接收到：
2019-03-18-16-19-00  client开始连接
2019-03-18-16-19-00  TCP_client连接成功
2019-03-18-16-19-13  房间人数为 8
2019-03-18-16-19-28  房间人数为 7
2019-03-18-16-19-43  房间人数为 7
2019-03-18-16-19-58  房间人数为 7
2019-03-18-16-20-10  main.py启动成功
2019-03-18-16-20-13  client开始连接
2019-03-18-16-20-13  server等待连接
2019-03-18-16-20-13  TCP_client连接成功
2019-03-18-16-20-14  Glen_Lin 2
2019-03-18-16-20-14  {"type":0,"barrage":"2","nick":"Glen_Lin","sid":"24749829","source":1,"optId":,}

2019-03-18-16-20-14  client接收到：
2019-03-18-16-20-14  client开始连接
2019-03-18-16-20-14  TCP_client连接成功
2019-03-18-16-20-14  房间人数为 7
2019-03-18-16-20-19  server接收到 ('183.236.27.196', 43171) 的连接
2019-03-18-16-20-26  main.py启动成功
2019-03-18-16-20-29  client开始连接
2019-03-18-16-20-29  server等待连接
2019-03-18-16-20-29  TCP_client连接成功
2019-03-18-16-20-30  房间人数为 7
2019-03-18-16-20-33  server接收到 ('183.236.27.196', 43174) 的连接
2019-03-18-16-20-36  Glen_Lin 2
2019-03-18-16-20-36  {"type":0,"barrage":"2","nick":"Glen_Lin","sid":"24749829","source":1,"optId":,}

2019-03-18-16-20-36  client接收到：
2019-03-18-16-20-36  client开始连接
2019-03-18-16-20-36  TCP_client连接成功
2019-03-18-16-20-45  房间人数为 7
2019-03-18-16-21-00  房间人数为 7
2019-03-18-16-21-15  房间人数为 7
2019-03-18-16-21-30  房间人数为 6
2019-03-18-16-21-36  main.py启动成功
2019-03-18-16-21-39  client开始连接
2019-03-18-16-21-40  TCP_client连接成功
2019-03-18-16-21-41  房间人数为 6
2019-03-18-16-21-45  房间人数为 6
2019-03-18-16-21-51  main.py启动成功
2019-03-18-16-21-54  client开始连接
2019-03-18-16-21-54  server等待连接
2019-03-18-16-21-54  TCP_client连接成功
2019-03-18-16-21-55  server接收到 ('183.236.27.196', 43192) 的连接
2019-03-18-16-21-56  房间人数为 6
2019-03-18-16-21-58  Glen_Lin 1
2019-03-18-16-21-58  {"type":0,"barrage":"1","nick":"Glen_Lin","sid":"24749829","source":1,"optId":0}

2019-03-18-16-21-59  client开始连接
2019-03-18-16-21-59  TCP_client连接成功
2019-03-18-16-22-35  main.py启动成功
2019-03-18-16-22-38  client开始连接
2019-03-18-16-22-38  server等待连接
2019-03-18-16-22-38  TCP_client连接成功
2019-03-18-16-22-38  server接收到 ('183.236.27.196', 43201) 的连接
2019-03-18-16-22-39  房间人数为 5
2019-03-18-16-22-43  Glen_Lin 2
2019-03-18-16-22-43  {"type":0,"barrage":"2","nick":"Glen_Lin","sid":"24749829","source":1,"optId":0}

2019-03-18-16-22-43  client接收到：b'{"state":false,"result":"004","data":{"type":0,"addTime":"2019-03-18 16:22:43","control":0,"nick":"Glen_Lin","balance":0,"optId":0,"result":-1},"msg":"\xb2\xbb\xb4\xe6\xd4\xda\xcf\xe0\xb9\xd8\xd6\xb8\xc1\xee"}\n'
2019-03-18-16-22-44  client开始连接
2019-03-18-16-22-44  TCP_client连接成功
2019-03-18-16-22-57  main.py启动成功
2019-03-18-16-23-00  client开始连接
2019-03-18-16-23-00  server等待连接
2019-03-18-16-23-00  TCP_client连接成功
2019-03-18-16-23-01  房间人数为 5
2019-03-18-16-23-03  Glen_Lin 1
2019-03-18-16-23-03  {"type":0,"barrage":"1","nick":"Glen_Lin","sid":"24749829","source":1,"optId":0}

2019-03-18-16-23-04  server接收到 ('183.236.27.196', 43204) 的连接
2019-03-18-16-23-04  client开始连接
2019-03-18-16-23-04  TCP_client连接成功
2019-03-18-16-23-56  main.py启动成功
2019-03-18-16-23-59  client开始连接
2019-03-18-16-23-59  server等待连接
2019-03-18-16-23-59  TCP_client连接成功
2019-03-18-16-24-00  房间人数为 5
2019-03-18-16-24-01  server接收到 ('183.236.27.196', 43228) 的连接
2019-03-18-16-24-03  Glen_Lin 2
2019-03-18-16-24-03  {"type":0,"barrage":"2","nick":"Glen_Lin","sid":"24749829","source":1,"optId":0}

2019-03-18-16-24-03  client接收到：{"state":false,"result":"004","data":{"type":0,"addTime":"2019-03-18 16:24:03","control":0,"nick":"Glen_Lin","balance":0,"optId":0,"result":-1},"msg":"不存在相关指令"}

2019-03-18-16-24-15  房间人数为 5
2019-03-18-16-24-30  房间人数为 6
2019-03-18-16-24-45  房间人数为 6
2019-03-18-16-25-00  房间人数为 6
2019-03-18-16-25-15  房间人数为 6
2019-03-18-16-25-30  房间人数为 6
2019-03-18-16-25-45  房间人数为 6
2019-03-18-16-26-00  房间人数为 6
2019-03-18-16-26-15  房间人数为 6
2019-03-18-16-26-30  房间人数为 6
2019-03-18-16-26-45  房间人数为 6
2019-03-18-16-27-00  房间人数为 6
2019-03-18-16-27-15  房间人数为 6
2019-03-18-16-27-30  房间人数为 7
2019-03-18-16-27-45  房间人数为 7
2019-03-18-16-28-00  房间人数为 7
2019-03-18-16-28-15  房间人数为 7
2019-03-18-16-28-30  房间人数为 7
2019-03-18-16-28-45  房间人数为 7
2019-03-18-16-30-20  main.py启动成功
2019-03-18-16-30-23  client开始连接
2019-03-18-16-30-23  server等待连接
2019-03-18-16-30-23  TCP_client连接成功
2019-03-18-16-30-24  房间人数为 7
2019-03-18-16-30-24  server接收到 ('183.236.27.196', 43289) 的连接
2019-03-18-16-30-35  Glen_Lin送出辣条
2019-03-18-16-30-35  {"type":1,"barrage":"辣条","nick":"Glen_Lin","sid":"24749829","source":1,"optId":0}

2019-03-18-16-30-35  client接收到：{"state":false,"result":"001","data":{"type":0,"addTime":"2019-03-18 16:30:35","control":0,"nick":"Glen_Lin","balance":0,"optId":0,"result":-1},"msg":"未见过的礼物名称"}

2019-03-18-16-30-39  房间人数为 7
2019-03-18-16-30-54  房间人数为 7
2019-03-18-16-33-23  main.py启动成功
2019-03-18-16-36-02  main.py启动成功
2019-03-18-16-36-05  client开始连接
2019-03-18-16-36-05  server等待连接
2019-03-18-16-36-05  TCP_client连接成功
2019-03-18-16-36-06  房间人数为 5
2019-03-18-16-36-09  server接收到 ('183.236.27.196', 43393) 的连接
2019-03-18-16-36-17  Glen_Lin送出辣条
2019-03-18-16-36-17  {"type":1,"barrage":"辣条","nick":"Glen_Lin","sid":"24749829","source":1,"optId":0}

2019-03-18-16-36-17  client接收到：{"state":false,"result":"001","data":{"type":0,"addTime":"2019-03-18 16:36:17","control":0,"nick":"Glen_Lin","balance":0,"optId":0,"result":-1},"msg":"未见过的礼物名称"}

2019-03-18-16-36-21  房间人数为 5
2019-03-18-16-36-36  房间人数为 5
2019-03-18-16-36-51  房间人数为 5
2019-03-18-16-37-04  Glen_Lin 我
2019-03-18-16-37-04  {"type":0,"barrage":"我","nick":"Glen_Lin","sid":"24749829","source":1,"optId":0}

2019-03-18-16-37-04  client接收到：{"state":false,"result":"004","data":{"type":0,"addTime":"2019-03-18 16:37:04","control":0,"nick":"Glen_Lin","balance":0,"optId":0,"result":-1},"msg":"不存在相关指令"}

2019-03-18-16-37-06  房间人数为 5
2019-03-18-16-37-21  房间人数为 5
2019-03-18-16-37-36  房间人数为 5
2019-03-18-16-37-41  main.py启动成功
2019-03-18-16-37-44  client开始连接
2019-03-18-16-37-44  server等待连接
2019-03-18-16-37-44  TCP_client连接成功
2019-03-18-16-37-45  server接收到 ('183.236.27.196', 43411) 的连接
2019-03-18-16-37-45  房间人数为 5
2019-03-18-16-37-51  Glen_Lin送出辣条
2019-03-18-16-37-51  {"type":1,"barrage":"辣条","nick":"Glen_Lin","sid":"24749829","source":1,"optId":0}

2019-03-18-16-37-51  client接收到：{"state":true,"result":"200","data":{"type":0,"addTime":"2019-03-18 16:37:51","control":0,"nick":"Glen_Lin","balance":100,"optId":0,"result":-1},"msg":"成功"}

2019-03-18-16-38-00  房间人数为 5
2019-03-18-16-38-15  房间人数为 5
2019-03-18-16-38-19  Glen_Lin送出辣条
2019-03-18-16-38-19  {"type":1,"barrage":"辣条","nick":"Glen_Lin","sid":"24749829","source":1,"optId":0}

2019-03-18-16-38-19  client接收到：{"state":true,"result":"200","data":{"type":0,"addTime":"2019-03-18 16:38:19","control":0,"nick":"Glen_Lin","balance":200,"optId":0,"result":-1},"msg":"成功"}

2019-03-18-16-38-30  房间人数为 4
2019-03-18-16-38-45  房间人数为 4
2019-03-18-16-39-00  房间人数为 4
2019-03-18-16-39-15  房间人数为 4
2019-03-18-16-39-30  房间人数为 4
2019-03-18-16-39-45  房间人数为 4
2019-03-18-16-40-00  房间人数为 4
2019-03-18-16-40-15  房间人数为 4
2019-03-18-16-40-30  房间人数为 5
2019-03-18-16-40-45  房间人数为 5
2019-03-18-16-41-00  房间人数为 5
2019-03-18-16-41-15  房间人数为 5
2019-03-18-16-41-32  main.py启动成功
2019-03-18-16-41-35  client开始连接
2019-03-18-16-41-35  server等待连接
2019-03-18-16-41-35  TCP_client连接成功
2019-03-18-16-41-36  server接收到 ('183.236.27.196', 43438) 的连接
2019-03-18-16-41-36  房间人数为 5
2019-03-18-16-41-41  Glen_Lin 1
2019-03-18-16-41-41  {"type":0,"barrage":"1","nick":"Glen_Lin","sid":"24749829","source":1,"optId":1111}

2019-03-18-16-41-41  client接收到：{"state":false,"result":"004","data":{"type":0,"addTime":"2019-03-18 16:41:41","control":0,"nick":"Glen_Lin","balance":200,"optId":0,"result":-1},"msg":"不存在相关指令"}

2019-03-18-16-41-51  房间人数为 5
2019-03-18-16-42-05  Glen_Lin 画面1
2019-03-18-16-42-05  {"type":0,"barrage":"画面1","nick":"Glen_Lin","sid":"24749829","source":1,"optId":1111}

2019-03-18-16-42-06  client接收到：{"state":true,"result":"200","data":{"type":0,"addTime":"2019-03-18 16:42:06","control":1,"nick":"Glen_Lin","balance":190,"optId":0,"result":-1},"msg":"成功"}

2019-03-18-16-42-06  房间人数为 5
2019-03-18-16-42-21  房间人数为 5
2019-03-18-16-42-36  房间人数为 5
2019-03-18-16-42-37  Glen_Lin送出辣条
2019-03-18-16-42-37  {"type":1,"barrage":"辣条","nick":"Glen_Lin","sid":"24749829","source":1,"optId":2222}

2019-03-18-16-42-37  client接收到：{"state":true,"result":"200","data":{"type":0,"addTime":"2019-03-18 16:42:37","control":0,"nick":"Glen_Lin","balance":290,"optId":0,"result":-1},"msg":"成功"}

2019-03-18-16-42-51  房间人数为 5
2019-03-18-16-43-06  房间人数为 5
2019-03-18-16-43-21  房间人数为 5
2019-03-18-16-43-36  房间人数为 5
2019-03-18-16-43-51  房间人数为 5
2019-03-18-16-44-06  房间人数为 5
2019-03-18-16-44-21  房间人数为 5
2019-03-18-16-44-36  房间人数为 4
2019-03-18-16-44-51  房间人数为 4
2019-03-18-16-45-06  房间人数为 4
2019-03-18-16-45-21  房间人数为 4
2019-03-18-16-45-36  房间人数为 5
2019-03-18-16-45-51  房间人数为 5
2019-03-18-16-46-06  房间人数为 5
2019-03-18-16-46-21  房间人数为 5
2019-03-18-16-46-36  房间人数为 5
2019-03-18-16-46-51  房间人数为 5
2019-03-18-16-47-06  房间人数为 5
2019-03-18-16-47-21  房间人数为 4
2019-03-18-16-47-36  房间人数为 4
2019-03-18-16-47-51  房间人数为 4
2019-03-18-16-48-06  房间人数为 4
2019-03-18-16-48-21  房间人数为 4
2019-03-18-16-48-36  房间人数为 4
2019-03-18-16-48-51  房间人数为 4
2019-03-18-16-49-06  房间人数为 4
2019-03-18-16-49-21  房间人数为 5
2019-03-18-16-49-36  房间人数为 5
2019-03-18-16-49-51  房间人数为 5
2019-03-18-16-50-06  房间人数为 5
2019-03-18-16-50-21  房间人数为 5
2019-03-18-16-50-36  房间人数为 5
2019-03-18-16-50-51  房间人数为 5
2019-03-18-16-51-06  房间人数为 5
2019-03-18-16-51-21  房间人数为 5
2019-03-18-16-51-36  房间人数为 5
2019-03-18-16-51-51  房间人数为 5
2019-03-18-16-52-06  房间人数为 5
2019-03-18-16-52-21  房间人数为 6
2019-03-18-16-52-36  房间人数为 6
2019-03-18-16-52-47  main.py启动成功
2019-03-18-16-52-50  client开始连接
2019-03-18-16-52-50  TCP_client连接成功
2019-03-18-16-52-51  房间人数为 6
2019-03-18-16-52-51  房间人数为 6
2019-03-18-16-52-56  server等待连接
2019-03-18-16-53-01  server接收到 ('183.236.27.196', 43552) 的连接
2019-03-18-16-53-05  main.py启动成功
2019-03-18-16-53-08  client开始连接
2019-03-18-16-53-08  server等待连接
2019-03-18-16-53-08  TCP_client连接成功
2019-03-18-16-53-08  server接收到 ('183.236.27.196', 43553) 的连接
2019-03-18-16-53-09  房间人数为 6
2019-03-18-16-53-14  Glen_Lin送出辣条
2019-03-18-16-53-24  房间人数为 6
2019-03-18-16-53-39  房间人数为 6
2019-03-18-16-53-49  main.py启动成功
2019-03-18-16-53-52  client开始连接
2019-03-18-16-53-52  server等待连接
2019-03-18-16-53-52  TCP_client连接成功
2019-03-18-16-53-53  server接收到 ('183.236.27.196', 43568) 的连接
2019-03-18-16-53-54  房间人数为 6
2019-03-18-16-54-01  Glen_Lin送出辣条
2019-03-18-16-54-03  {"type":1,"barrage":"辣条","nick":"Glen_Lin","sid":"24749829","source":1,"optId":2222}

2019-03-18-16-54-03  client接收到：{"state":true,"result":"200","data":{"type":0,"addTime":"2019-03-18 16:54:03","control":0,"nick":"Glen_Lin","balance":390,"optId":0,"result":-1},"msg":"成功"}

2019-03-18-16-54-09  房间人数为 6
2019-03-18-16-54-24  房间人数为 7
2019-03-18-16-54-39  房间人数为 7
2019-03-18-16-54-54  房间人数为 7
2019-03-18-16-55-09  房间人数为 7
2019-03-18-16-55-24  房间人数为 7
2019-03-18-16-55-39  房间人数为 7
2019-03-18-16-55-54  房间人数为 7
2019-03-18-16-56-09  房间人数为 7
2019-03-18-16-56-24  房间人数为 7
2019-03-18-16-56-39  房间人数为 7
2019-03-18-16-56-41  main.py启动成功
2019-03-18-16-56-44  client开始连接
2019-03-18-16-56-44  server等待连接
2019-03-18-16-56-44  TCP_client连接成功
2019-03-18-16-56-45  房间人数为 7
2019-03-18-16-56-48  server接收到 ('183.236.27.196', 43592) 的连接
2019-03-18-16-56-50  Glen_Lin送出辣条
2019-03-18-16-56-51  
2019-03-18-16-56-52  {"type":1,"barrage":"辣条","nick":"Glen_Lin","sid":"24749829","source":1,"optId":2222}

2019-03-18-16-56-52  喵哩喵哩点耐特 ##谢Glen_Lin送出的辣条
2019-03-18-16-56-52  {"type":0,"barrage":"##谢Glen_Lin送出的辣条","nick":"喵哩喵哩点耐特","sid":"399088375","source":1,"optId":1111}

2019-03-18-16-56-52  client接收到：{"state":true,"result":"200","data":{"type":0,"addTime":"2019-03-18 16:56:52","control":0,"nick":"Glen_Lin","balance":490,"optId":0,"result":-1},"msg":"成功"}

2019-03-18-16-56-52  client接收到：{"state":false,"result":"004","data":{"type":0,"addTime":"2019-03-18 16:56:52","control":0,"nick":"喵哩喵哩点耐特","balance":0,"optId":0,"result":-1},"msg":"不存在相关指令"}

2019-03-18-16-57-00  房间人数为 7
2019-03-18-16-57-15  房间人数为 7
2019-03-18-17-13-45  main.py启动成功
2019-03-18-17-13-48  client开始连接
2019-03-18-17-13-48  server等待连接
2019-03-18-17-13-48  TCP_client连接成功
2019-03-18-17-13-49  server接收到 ('183.236.27.196', 43934) 的连接
2019-03-18-17-13-49  房间人数为 5
2019-03-18-17-14-04  房间人数为 5
2019-03-18-17-14-19  房间人数为 5
2019-03-18-17-14-34  房间人数为 6
2019-03-18-17-14-49  房间人数为 6
2019-03-18-17-15-04  房间人数为 6
2019-03-18-17-15-19  房间人数为 6
2019-03-18-17-15-34  房间人数为 7
2019-03-18-17-15-49  房间人数为 7
2019-03-18-17-16-04  房间人数为 7
2019-03-18-17-16-19  房间人数为 7
2019-03-18-17-16-22  Glen_Lin送出辣条
2019-03-18-17-16-22  
2019-03-18-17-16-23  {"type":1,"barrage":"辣条","nick":"Glen_Lin","sid":"24749829","source":1,"optId":2222}

2019-03-18-17-16-24  client接收到：{"state":true,"result":"200","data":{"type":1,"addTime":"2019-03-18 17:16:24","control":0,"nick":"Glen_Lin","balance":490,"optId":2222,"result":-1},"msg":"成功"}

2019-03-18-17-16-24  喵哩喵哩点耐特 #谢Glen_Lin送出的辣条
2019-03-18-17-16-34  房间人数为 6
2019-03-18-17-16-49  房间人数为 6
2019-03-18-17-17-04  房间人数为 6
2019-03-18-17-17-19  房间人数为 6
2019-03-18-17-17-34  房间人数为 6
2019-03-18-17-17-49  房间人数为 6
2019-03-18-17-18-04  房间人数为 6
2019-03-18-17-18-19  房间人数为 6
2019-03-18-17-18-34  房间人数为 6
2019-03-18-17-18-49  房间人数为 6
2019-03-18-17-19-04  房间人数为 6
2019-03-18-17-19-19  房间人数为 6
2019-03-18-17-19-34  房间人数为 6
2019-03-18-17-19-49  房间人数为 6
2019-03-18-17-20-04  房间人数为 6
2019-03-18-17-20-19  房间人数为 6
2019-03-18-17-20-34  房间人数为 6
2019-03-18-17-20-49  房间人数为 6
2019-03-18-17-21-04  房间人数为 6
2019-03-18-17-21-19  房间人数为 6
2019-03-18-17-21-35  main.py启动成功
2019-03-18-17-21-38  client开始连接
2019-03-18-17-21-38  server等待连接
2019-03-18-17-21-38  TCP_client连接成功
2019-03-18-17-21-38  server接收到 ('183.236.27.196', 44001) 的连接
2019-03-18-17-21-39  房间人数为 6
2019-03-18-17-21-46  Glen_Lin送出辣条
2019-03-18-17-21-46  
2019-03-18-17-21-47  {"type":1,"barrage":"辣条","nick":"Glen_Lin","sid":"24749829","giftNum":1,"source":1,"optId":2222}

2019-03-18-17-21-47  client接收到：{"state":true,"result":"200","data":{"type":1,"addTime":"2019-03-18 17:21:47","control":0,"nick":"Glen_Lin","balance":590,"optId":2222,"result":-1},"msg":"成功"}

2019-03-18-17-21-47  喵哩喵哩点耐特 #谢Glen_Lin送出的辣条
2019-03-18-17-21-54  房间人数为 6
2019-03-18-17-22-06  Glen_Lin送出辣条
2019-03-18-17-22-06  
2019-03-18-17-22-07  {"type":1,"barrage":"辣条","nick":"Glen_Lin","sid":"24749829","giftNum":2,"source":1,"optId":2222}

2019-03-18-17-22-07  喵哩喵哩点耐特 #谢Glen_Lin送出的辣条
2019-03-18-17-22-07  client接收到：{"state":true,"result":"200","data":{"type":1,"addTime":"2019-03-18 17:22:07","control":0,"nick":"Glen_Lin","balance":790,"optId":2222,"result":-1},"msg":"成功"}

2019-03-18-17-22-09  房间人数为 6
2019-03-18-17-22-24  房间人数为 6
2019-03-18-17-22-39  房间人数为 6
2019-03-18-17-22-54  房间人数为 6
2019-03-18-17-23-09  房间人数为 6
2019-03-18-17-23-24  房间人数为 6
2019-03-18-17-23-39  房间人数为 6
2019-03-18-17-23-54  房间人数为 6
2019-03-18-17-24-09  房间人数为 6
2019-03-18-17-24-24  房间人数为 7
2019-03-18-17-24-39  房间人数为 7
2019-03-18-17-24-54  房间人数为 7
2019-03-18-17-24-57  Glen_Lin送出辣条
2019-03-18-17-24-57  
2019-03-18-17-24-58  {"type":1,"barrage":"辣条","nick":"Glen_Lin","sid":"24749829","giftNum":1,"source":1,"optId":2222}

2019-03-18-17-24-58  喵哩喵哩点耐特 #谢Glen_Lin送出的辣条
2019-03-18-17-24-58  client接收到：{"state":true,"result":"200","data":{"type":1,"addTime":"2019-03-18 17:24:58","control":0,"nick":"Glen_Lin","balance":890,"optId":2222,"result":-1},"msg":"成功"}

2019-03-18-17-25-09  房间人数为 7
2019-03-18-17-25-24  房间人数为 6
2019-03-18-17-25-39  房间人数为 6
2019-03-18-17-25-54  房间人数为 6
2019-03-18-17-26-09  房间人数为 6
2019-03-18-17-26-24  房间人数为 5
2019-03-18-17-26-39  房间人数为 5
2019-03-18-17-26-49  main.py启动成功
2019-03-18-17-26-52  client开始连接
2019-03-18-17-26-52  server等待连接
2019-03-18-17-26-52  TCP_client连接成功
2019-03-18-17-26-53  房间人数为 5
2019-03-18-17-26-54  server接收到 ('183.236.27.196', 44064) 的连接
2019-03-18-17-26-55  1
2019-03-18-17-26-55  Glen_Lin送出辣条
2019-03-18-17-26-55  
2019-03-18-17-26-56  1
2019-03-18-17-26-56  1
2019-03-18-17-26-56  1
2019-03-18-17-26-56  {"type":1,"barrage":"辣条","nick":"Glen_Lin","sid":"24749829","giftNum":1,"source":1,"optId":2222}

2019-03-18-17-26-56  1
2019-03-18-17-26-56  client接收到：{"state":true,"result":"200","data":{"type":1,"addTime":"2019-03-18 17:26:56","control":0,"nick":"Glen_Lin","balance":990,"optId":2222,"result":-1},"msg":"成功"}

2019-03-18-17-26-56  喵哩喵哩点耐特 #谢Glen_Lin送出的辣条
2019-03-18-17-27-08  房间人数为 5
2019-03-18-17-27-23  房间人数为 6
2019-03-18-17-27-31  main.py启动成功
2019-03-18-17-27-34  client开始连接
2019-03-18-17-27-34  server等待连接
2019-03-18-17-27-34  TCP_client连接成功
2019-03-18-17-27-35  server接收到 ('183.236.27.196', 44067) 的连接
2019-03-18-17-27-35  房间人数为 6
2019-03-18-17-27-37  Glen_Lin送出辣条
2019-03-18-17-27-37  
2019-03-18-17-27-38  {"type":1,"barrage":"辣条","nick":"Glen_Lin","sid":"24749829","giftNum":1,"source":1,"optId":2222}

2019-03-18-17-27-38  喵哩喵哩点耐特 #谢Glen_Lin送出的辣条
2019-03-18-17-27-38  client接收到：{"state":true,"result":"200","data":{"type":1,"addTime":"2019-03-18 17:27:38","control":0,"nick":"Glen_Lin","balance":1090,"optId":2222,"result":-1},"msg":"成功"}

2019-03-18-17-27-50  房间人数为 6
2019-03-18-17-27-52  Glen_Lin 2
2019-03-18-17-27-52  {"type":0,"barrage":"2","nick":"Glen_Lin","sid":"24749829","giftNum":,"source":1,"optId":1111}

2019-03-18-17-27-52  client接收到：
2019-03-18-17-27-52  client开始连接
2019-03-18-17-27-52  TCP_client连接成功
2019-03-18-17-28-05  房间人数为 6
2019-03-18-17-28-20  房间人数为 6
2019-03-18-17-28-30  main.py启动成功
2019-03-18-17-28-33  client开始连接
2019-03-18-17-28-33  server等待连接
2019-03-18-17-28-33  TCP_client连接成功
2019-03-18-17-28-33  server接收到 ('183.236.27.196', 44083) 的连接
2019-03-18-17-28-34  房间人数为 6
2019-03-18-17-28-41  Glen_Lin 3
2019-03-18-17-28-41  {"type":0,"barrage":"3","nick":"Glen_Lin","sid":"24749829","giftNum":0,"source":1,"optId":1111}

2019-03-18-17-28-41  client接收到：{"state":false,"result":"004","data":{"type":0,"addTime":"2019-03-18 17:28:41","control":0,"nick":"Glen_Lin","balance":1090,"optId":1111,"result":-1},"msg":"不存在相关指令"}

2019-03-18-17-28-49  房间人数为 6
2019-03-18-17-29-04  房间人数为 6
2019-03-18-17-41-05  main.py启动成功
2019-03-18-17-41-08  client开始连接
2019-03-18-17-41-08  server等待连接
2019-03-18-17-41-08  TCP_client连接成功
2019-03-18-17-41-09  房间人数为 5
2019-03-18-17-41-12  server接收到 ('183.236.27.196', 44319) 的连接
2019-03-18-17-41-16  Glen_Lin 画面1
2019-03-18-17-41-16  {"type":0,"barrage":"画面1","nick":"Glen_Lin","sid":"24749829","giftNum":0,"source":1,"optId":10}

2019-03-18-17-41-16  client接收到：{"state":true,"result":"200","data":{"type":0,"addTime":"2019-03-18 17:41:16","control":1,"nick":"Glen_Lin","balance":1080,"optId":10,"result":-1},"msg":"成功"}

2019-03-18-17-41-17  client开始连接
2019-03-18-17-41-17  TCP_client连接成功
2019-03-18-17-41-24  房间人数为 5
2019-03-18-17-41-25  Glen_Lin 画面2
2019-03-18-17-41-25  {"type":0,"barrage":"画面2","nick":"Glen_Lin","sid":"24749829","giftNum":0,"source":1,"optId":10}

2019-03-18-17-41-25  client接收到：{"state":false,"result":"004","data":{"type":0,"addTime":"2019-03-18 17:41:25","control":0,"nick":"Glen_Lin","balance":1080,"optId":10,"result":-1},"msg":"不存在相关指令"}

2019-03-18-17-41-26  client开始连接
2019-03-18-17-41-26  TCP_client连接成功
2019-03-18-17-41-39  房间人数为 5
2019-03-18-17-41-52  main.py启动成功
2019-03-18-17-41-55  client开始连接
2019-03-18-17-41-55  server等待连接
2019-03-18-17-41-55  TCP_client连接成功
2019-03-18-17-41-56  server接收到 ('183.236.27.196', 44333) 的连接
2019-03-18-17-41-56  房间人数为 5
2019-03-18-17-41-58  Glen_Lin 画面1
2019-03-18-17-41-58  {"type":0,"barrage":"画面1","nick":"Glen_Lin","sid":"24749829","giftNum":0,"source":1,"optId":10}

2019-03-18-17-41-58  client接收到：{"state":true,"result":"200","data":{"type":0,"addTime":"2019-03-18 17:41:58","control":1,"nick":"Glen_Lin","balance":1070,"optId":10,"result":-1},"msg":"成功"}

2019-03-18-17-42-11  房间人数为 5
2019-03-18-17-42-26  房间人数为 6
2019-03-18-17-42-41  房间人数为 6
2019-03-18-17-42-56  房间人数为 6
2019-03-18-17-43-11  房间人数为 6
2019-03-18-17-43-26  房间人数为 6
2019-03-18-17-43-41  房间人数为 6
2019-03-18-17-43-56  房间人数为 6
2019-03-18-17-44-11  房间人数为 6
2019-03-18-17-44-26  房间人数为 5
2019-03-18-17-44-41  房间人数为 5
2019-03-18-17-44-56  房间人数为 5
2019-03-18-17-45-11  房间人数为 5
2019-03-18-17-45-26  房间人数为 5
2019-03-18-17-45-41  房间人数为 5
2019-03-18-17-45-56  房间人数为 5
2019-03-18-17-46-11  房间人数为 5
2019-03-18-17-46-26  房间人数为 5
2019-03-18-17-46-41  房间人数为 5
2019-03-18-17-46-56  房间人数为 5
2019-03-18-17-47-11  房间人数为 5
2019-03-18-17-47-26  房间人数为 5
2019-03-18-17-47-41  房间人数为 5
2019-03-18-17-47-56  房间人数为 5
2019-03-18-17-48-11  房间人数为 5
2019-03-18-17-48-26  房间人数为 4
2019-03-18-17-48-41  房间人数为 4
2019-03-18-17-48-56  房间人数为 4
2019-03-18-17-49-11  房间人数为 4
2019-03-18-17-49-26  房间人数为 4
2019-03-18-17-49-41  房间人数为 4
2019-03-18-17-49-56  房间人数为 4
2019-03-18-17-50-11  房间人数为 4
2019-03-18-17-50-26  房间人数为 4
2019-03-18-17-50-41  房间人数为 4
2019-03-18-17-50-56  房间人数为 4
2019-03-18-17-51-11  房间人数为 4
2019-03-18-17-51-26  房间人数为 5
2019-03-18-17-51-41  房间人数为 5
2019-03-18-17-51-56  房间人数为 5
2019-03-18-17-52-11  房间人数为 5
2019-03-18-17-52-26  房间人数为 6
2019-03-18-17-52-41  房间人数为 6
2019-03-18-17-52-56  房间人数为 6
2019-03-18-17-53-11  房间人数为 6
2019-03-18-17-53-26  房间人数为 6
2019-03-18-17-53-41  房间人数为 6
2019-03-18-17-53-56  房间人数为 6
2019-03-18-17-54-11  房间人数为 6
2019-03-18-17-54-26  房间人数为 6
2019-03-18-17-54-41  房间人数为 6
2019-03-18-17-54-56  房间人数为 6
2019-03-18-17-55-11  房间人数为 6
2019-03-18-17-55-26  房间人数为 6
2019-03-18-17-55-41  房间人数为 6
2019-03-18-17-55-56  房间人数为 6
2019-03-18-17-56-11  房间人数为 6
2019-03-18-17-56-26  房间人数为 6
2019-03-18-17-56-41  房间人数为 6
2019-03-18-17-56-56  房间人数为 6
2019-03-18-17-57-11  房间人数为 6
2019-03-18-17-57-26  房间人数为 6
2019-03-18-17-57-41  房间人数为 6
2019-03-18-17-57-56  房间人数为 6
2019-03-18-17-58-11  房间人数为 6
2019-03-18-17-58-26  房间人数为 6
2019-03-18-17-58-41  房间人数为 6
2019-03-18-17-58-56  房间人数为 6
2019-03-18-17-59-11  房间人数为 6
2019-03-18-17-59-26  房间人数为 6
2019-03-18-17-59-41  房间人数为 6
2019-03-18-17-59-56  房间人数为 6
2019-03-18-18-00-11  房间人数为 6
2019-03-18-18-00-26  房间人数为 7
2019-03-18-18-00-41  房间人数为 7
2019-03-18-18-00-56  房间人数为 7
