2019-03-16-10-49-36  main.py启动成功
2019-03-16-10-58-51  main.py启动成功
2019-03-16-11-27-24  my_Tool_init错误
2019-03-16-11-27-39  my_Tool_init错误
2019-03-16-11-27-39  my_Tool_init错误
2019-03-16-11-27-40  my_Tool_init错误
2019-03-16-11-27-41  my_Tool_init错误
2019-03-16-11-27-41  my_Tool_init错误
2019-03-16-11-27-42  my_Tool_init错误
2019-03-16-11-27-42  my_Tool_init错误
2019-03-16-11-27-44  my_Tool_init错误
2019-03-16-11-27-44  my_Tool_init错误
2019-03-16-11-27-45  my_Tool_init错误
2019-03-16-11-29-24  main.py启动成功
2019-03-16-11-31-19  main.py启动成功
2019-03-16-11-31-23  次日数据更新
2019-03-16-11-31-26  次日数据更新
2019-03-16-11-31-29  次日数据更新
2019-03-16-11-31-30  次日数据更新
2019-03-16-11-31-31  次日数据更新
2019-03-16-11-37-18  my_Tool_init错误
2019-03-16-11-37-18  my_Tool_init错误
2019-03-16-11-37-19  my_Tool_init错误
2019-03-16-11-37-19  my_Tool_init错误
2019-03-16-11-37-20  my_Tool_init错误
2019-03-16-11-37-21  my_Tool_init错误
2019-03-16-11-37-21  my_Tool_init错误
2019-03-16-11-37-22  my_Tool_init错误
2019-03-16-11-37-22  my_Tool_init错误
2019-03-16-11-39-11  my_Tool_init错误
2019-03-16-11-39-12  my_Tool_init错误
2019-03-16-11-39-12  my_Tool_init错误
2019-03-16-11-39-13  my_Tool_init错误
2019-03-16-11-39-13  my_Tool_init错误
2019-03-16-11-39-14  my_Tool_init错误
2019-03-16-11-39-31  1
2019-03-16-11-39-31  1
2019-03-16-11-39-31  my_Tool_init错误
2019-03-16-11-39-31  1
2019-03-16-11-39-31  1
2019-03-16-11-39-31  my_Tool_init错误
2019-03-16-11-39-32  1
2019-03-16-11-39-32  1
2019-03-16-11-39-32  my_Tool_init错误
2019-03-16-11-40-16  main.py启动成功
2019-03-16-11-40-42  main.py启动成功
2019-03-16-11-41-11  main.py启动成功
2019-03-16-11-41-16  次日数据更新
2019-03-16-11-41-19  次日数据更新
2019-03-16-11-41-22  次日数据更新
2019-03-16-11-41-26  次日数据更新
2019-03-16-11-41-30  次日数据更新
2019-03-16-11-41-33  次日数据更新
2019-03-16-11-41-37  次日数据更新
2019-03-16-11-42-40  main.py启动成功
2019-03-16-11-44-13  main.py启动成功
2019-03-16-11-45-08  main.py启动成功
2019-03-16-11-45-11  次日数据更新
2019-03-16-11-51-57  main.py启动成功
2019-03-16-11-52-00  次日数据更新
2019-03-16-11-52-38  更新cookie
2019-03-16-11-53-23  main.py启动成功
2019-03-16-11-54-53  main.py启动成功
2019-03-16-11-54-57  次日数据更新
2019-03-16-11-54-57  次日数据更新
2019-03-16-11-54-57  次日数据更新
2019-03-16-11-54-57  次日数据更新
2019-03-16-11-54-57  次日数据更新
2019-03-16-11-54-57  次日数据更新
2019-03-16-11-54-57  次日数据更新
2019-03-16-11-54-57  次日数据更新
2019-03-16-11-54-57  次日数据更新
2019-03-16-11-54-57  次日数据更新
2019-03-16-11-54-57  次日数据更新
2019-03-16-11-54-57  次日数据更新
2019-03-16-11-54-57  次日数据更新
2019-03-16-11-54-57  次日数据更新
2019-03-16-11-54-57  次日数据更新
2019-03-16-11-54-57  次日数据更新
2019-03-16-11-54-57  次日数据更新
2019-03-16-11-54-57  次日数据更新
2019-03-16-11-54-57  次日数据更新
2019-03-16-11-54-58  次日数据更新
2019-03-16-11-54-58  次日数据更新
2019-03-16-11-54-58  次日数据更新
2019-03-16-11-54-58  次日数据更新
2019-03-16-11-54-58  次日数据更新
2019-03-16-11-54-58  次日数据更新
2019-03-16-11-54-58  次日数据更新
2019-03-16-11-54-58  次日数据更新
2019-03-16-11-54-58  次日数据更新
2019-03-16-11-54-58  次日数据更新
2019-03-16-11-54-58  次日数据更新
2019-03-16-11-54-58  次日数据更新
2019-03-16-11-54-58  次日数据更新
2019-03-16-11-54-58  次日数据更新
2019-03-16-11-54-58  次日数据更新
2019-03-16-11-54-58  次日数据更新
2019-03-16-11-54-59  次日数据更新
2019-03-16-11-54-59  次日数据更新
2019-03-16-11-54-59  次日数据更新
2019-03-16-11-54-59  次日数据更新
2019-03-16-11-55-00  次日数据更新
2019-03-16-11-55-36  main.py启动成功
2019-03-16-11-55-39  次日数据更新
2019-03-16-11-56-11  更新cookie
2019-03-16-17-18-15  main.py启动成功
2019-03-16-17-20-37  main.py启动成功
2019-03-16-17-20-40  main.py启动成功
2019-03-16-17-21-16  main.py启动成功
2019-03-16-17-21-20  main.py启动成功
2019-03-16-17-28-17  main.py启动成功
2019-03-16-17-28-21  main.py启动成功
2019-03-16-17-29-28  main.py启动成功
2019-03-16-17-29-32  main.py启动成功
2019-03-16-17-29-40  main.py启动成功
2019-03-16-17-29-44  房间人数为 29
