2019-03-30-13-02-23  获取json失败
2019-03-30-16-29-47  弹幕处理出错
2019-03-30-16-36-51  弹幕处理出错
2019-03-30-17-33-01  弹幕发送出错
2019-03-30-17-39-12  弹幕发送出错
2019-03-30-17-39-32  弹幕发送出错
2019-03-30-17-39-44  获取json失败
2019-03-30-17-42-44  弹幕发送出错
2019-03-30-17-43-31  弹幕发送出错
2019-03-30-17-45-11  弹幕发送出错
2019-03-30-17-46-16  弹幕发送出错
2019-03-30-17-56-46  程序重启中...
2019-03-30-17-56-46  程序重启中...
2019-03-30-17-56-47  程序重启中...
2019-03-30-17-56-47  程序重启中...
2019-03-30-17-56-48  程序重启中...
2019-03-30-17-56-49  程序重启中...
2019-03-30-17-56-49  程序重启中...
2019-03-30-17-56-50  程序重启中...
2019-03-30-17-56-51  程序重启中...
2019-03-30-17-56-51  程序重启中...
2019-03-30-17-56-58  程序重启中...
2019-03-30-17-56-59  程序重启中...
2019-03-30-17-57-00  程序重启中...
2019-03-30-17-57-00  程序重启中...
2019-03-30-17-57-23  程序重启中...
2019-03-30-17-57-23  程序重启中...
2019-03-30-17-57-24  程序重启中...
2019-03-30-17-57-24  程序重启中...
2019-03-30-17-57-25  程序重启中...
2019-03-30-18-18-04  弹幕发送失败
2019-03-30-18-32-49  弹幕发送失败
2019-03-30-18-33-06  弹幕发送失败
2019-03-30-18-40-38  弹幕发送失败
2019-03-30-18-40-54  弹幕发送失败
2019-03-30-18-51-12  弹幕发送失败
2019-03-30-18-54-43  弹幕发送失败
2019-03-30-19-00-03  弹幕发送失败
2019-03-30-19-30-47  弹幕发送失败
2019-03-30-19-33-14  弹幕发送失败
2019-03-30-19-33-32  弹幕发送失败
2019-03-30-19-44-10  弹幕发送失败
2019-03-30-19-46-12  弹幕发送失败
2019-03-30-20-01-41  弹幕发送失败
2019-03-30-20-39-19  弹幕发送失败
2019-03-30-20-39-37  弹幕发送失败
2019-03-30-20-47-43  获取json失败
2019-03-30-20-49-35  弹幕发送失败
2019-03-30-20-49-52  弹幕发送失败
2019-03-30-20-54-47  弹幕发送失败
2019-03-30-21-12-11  弹幕发送失败
2019-03-30-21-30-45  弹幕发送失败
2019-03-30-21-49-19  弹幕发送失败
2019-03-30-21-49-33  弹幕发送失败
2019-03-30-21-54-36  弹幕发送失败
2019-03-30-21-57-56  弹幕发送失败
2019-03-30-22-16-19  获取json失败
2019-03-30-22-29-22  弹幕发送失败
2019-03-30-22-29-40  弹幕发送失败
2019-03-30-22-42-26  弹幕发送失败
2019-03-30-23-14-25  弹幕发送失败
2019-03-30-23-17-44  弹幕发送失败
2019-03-30-23-21-41  弹幕发送失败
2019-03-30-23-24-36  弹幕发送失败
2019-03-30-23-31-41  弹幕发送失败
2019-03-30-23-31-59  弹幕发送失败
2019-03-30-23-39-52  弹幕发送失败
2019-03-30-23-40-06  弹幕发送失败
2019-03-30-23-55-50  弹幕发送失败
