2019-04-12-00-52-30  获取json失败
2019-04-12-01-08-18  获取json失败
2019-04-12-07-45-43  弹幕发送失败
2019-04-12-07-45-58  弹幕发送失败
2019-04-12-09-01-40  弹幕发送失败
2019-04-12-10-20-36  ReceiveMessageLoop出错
2019-04-12-10-20-36  SendJoinChannelwhile错误
2019-04-12-10-20-36  程序重启中...
2019-04-12-10-21-02  ReceiveMessageLoop出错
2019-04-12-10-21-03  SendJoinChannelwhile错误
2019-04-12-10-21-03  程序重启中...
2019-04-12-10-48-16  弹幕发送失败
2019-04-12-10-48-32  弹幕发送失败
2019-04-12-14-26-09  弹幕发送失败
2019-04-12-15-12-50  弹幕发送失败
2019-04-12-15-13-06  弹幕发送失败
2019-04-12-16-02-41  弹幕发送失败
2019-04-12-16-26-17  获取json失败
2019-04-12-19-40-06  弹幕发送失败
2019-04-12-20-01-02  获取json失败
2019-04-12-20-05-44  获取json失败
2019-04-12-20-13-13  获取json失败
2019-04-12-20-25-37  弹幕发送失败
2019-04-12-20-25-53  弹幕发送失败
2019-04-12-20-26-26  获取json失败
2019-04-12-20-58-44  获取json失败
2019-04-12-21-03-54  获取json失败
2019-04-12-21-10-43  获取json失败
2019-04-12-21-16-41  获取json失败
2019-04-12-21-42-56  获取json失败
2019-04-12-21-51-19  获取json失败
2019-04-12-21-58-54  获取json失败
2019-04-12-22-03-06  获取json失败
2019-04-12-22-26-15  获取json失败
2019-04-12-22-31-59  获取json失败
2019-04-12-22-49-48  获取json失败
2019-04-12-23-08-23  获取json失败
2019-04-12-23-30-32  获取json失败
2019-04-12-23-44-45  获取json失败
2019-04-12-23-44-45  获取json失败
2019-04-12-23-44-45  获取json失败
2019-04-12-23-57-02  获取json失败
