2019-03-19-14-35-50  数据更新出错
2019-03-19-14-35-51  数据更新出错
2019-03-19-14-35-52  数据更新出错
2019-03-19-14-35-53  数据更新出错
2019-03-19-14-35-54  数据更新出错
2019-03-19-14-35-55  数据更新出错
2019-03-19-14-35-56  数据更新出错
2019-03-19-14-35-57  数据更新出错
2019-03-19-14-35-58  数据更新出错
2019-03-19-14-35-59  数据更新出错
2019-03-19-14-36-00  数据更新出错
2019-03-19-14-36-01  数据更新出错
2019-03-19-14-36-02  数据更新出错
2019-03-19-14-36-03  数据更新出错
2019-03-19-14-36-05  数据更新出错
2019-03-19-14-36-06  数据更新出错
2019-03-19-14-36-07  数据更新出错
2019-03-19-14-36-08  数据更新出错
2019-03-19-14-36-09  数据更新出错
2019-03-19-14-36-10  数据更新出错
2019-03-19-14-36-11  数据更新出错
2019-03-19-14-36-12  数据更新出错
2019-03-19-14-36-13  数据更新出错
2019-03-19-14-36-14  数据更新出错
2019-03-19-14-36-15  数据更新出错
2019-03-19-14-36-16  数据更新出错
2019-03-19-14-36-17  数据更新出错
2019-03-19-14-36-18  数据更新出错
2019-03-19-14-36-19  数据更新出错
2019-03-19-14-36-20  数据更新出错
2019-03-19-14-36-21  数据更新出错
2019-03-19-14-36-22  数据更新出错
2019-03-19-14-36-23  数据更新出错
2019-03-19-14-36-24  数据更新出错
2019-03-19-14-36-25  数据更新出错
2019-03-19-14-36-26  数据更新出错
2019-03-19-14-36-27  数据更新出错
2019-03-19-14-36-28  数据更新出错
2019-03-19-14-36-29  数据更新出错
2019-03-19-14-36-30  数据更新出错
2019-03-19-14-36-31  数据更新出错
2019-03-19-14-36-32  数据更新出错
2019-03-19-14-36-33  数据更新出错
2019-03-19-14-36-34  数据更新出错
2019-03-19-14-36-35  数据更新出错
2019-03-19-14-36-36  数据更新出错
2019-03-19-14-36-37  数据更新出错
2019-03-19-14-36-38  数据更新出错
2019-03-19-14-36-39  数据更新出错
2019-03-19-14-36-40  数据更新出错
2019-03-19-14-36-41  数据更新出错
2019-03-19-14-36-42  数据更新出错
2019-03-19-14-36-43  数据更新出错
2019-03-19-14-36-44  数据更新出错
2019-03-19-14-36-45  数据更新出错
2019-03-19-14-36-46  数据更新出错
2019-03-19-14-36-47  数据更新出错
2019-03-19-14-36-48  数据更新出错
2019-03-19-14-36-49  数据更新出错
2019-03-19-14-36-51  数据更新出错
2019-03-19-14-36-52  数据更新出错
2019-03-19-14-36-53  数据更新出错
2019-03-19-14-36-54  数据更新出错
2019-03-19-14-36-55  数据更新出错
2019-03-19-14-36-56  数据更新出错
2019-03-19-14-36-57  数据更新出错
2019-03-19-14-36-58  数据更新出错
2019-03-19-14-36-59  数据更新出错
2019-03-19-14-37-00  数据更新出错
2019-03-19-14-37-01  数据更新出错
2019-03-19-14-37-02  数据更新出错
2019-03-19-14-37-03  数据更新出错
2019-03-19-14-37-04  数据更新出错
2019-03-19-14-37-05  数据更新出错
2019-03-19-14-37-06  数据更新出错
2019-03-19-14-37-07  数据更新出错
2019-03-19-14-37-08  数据更新出错
2019-03-19-14-37-09  数据更新出错
2019-03-19-14-37-10  数据更新出错
2019-03-19-14-37-11  数据更新出错
2019-03-19-14-37-12  数据更新出错
2019-03-19-14-37-13  数据更新出错
2019-03-19-14-37-14  数据更新出错
2019-03-19-14-37-15  数据更新出错
2019-03-19-14-37-16  数据更新出错
2019-03-19-14-37-17  数据更新出错
2019-03-19-14-37-18  数据更新出错
2019-03-19-14-37-19  数据更新出错
2019-03-19-14-37-20  数据更新出错
2019-03-19-14-37-21  数据更新出错
2019-03-19-14-56-55  数据更新出错
2019-03-19-14-56-55  TCP_server运行异常
2019-03-19-14-56-56  数据更新出错
2019-03-19-14-56-56  TCP_server运行异常
2019-03-19-14-56-57  数据更新出错
2019-03-19-14-56-57  TCP_server运行异常
2019-03-19-14-56-58  数据更新出错
2019-03-19-14-56-58  TCP_server运行异常
2019-03-19-14-56-59  数据更新出错
2019-03-19-14-56-59  TCP_server运行异常
2019-03-19-14-57-00  数据更新出错
2019-03-19-14-57-00  TCP_server运行异常
2019-03-19-14-57-01  TCP_server运行异常
2019-03-19-14-57-01  数据更新出错
2019-03-19-14-57-02  数据更新出错
2019-03-19-14-57-02  TCP_server运行异常
2019-03-19-14-57-03  TCP_server运行异常
2019-03-19-14-57-03  数据更新出错
2019-03-19-14-57-04  TCP_server运行异常
2019-03-19-14-57-04  数据更新出错
2019-03-19-14-57-05  TCP_server运行异常
2019-03-19-14-57-05  数据更新出错
2019-03-19-14-57-06  TCP_server运行异常
2019-03-19-14-57-07  数据更新出错
2019-03-19-14-57-08  TCP_server运行异常
2019-03-19-14-57-08  数据更新出错
2019-03-19-14-57-09  TCP_server运行异常
2019-03-19-14-57-09  数据更新出错
2019-03-19-14-57-10  TCP_server运行异常
2019-03-19-14-57-10  数据更新出错
2019-03-19-14-57-11  数据更新出错
2019-03-19-14-57-11  TCP_server运行异常
2019-03-19-14-57-38  数据更新出错
2019-03-19-14-57-39  数据更新出错
2019-03-19-14-57-40  数据更新出错
2019-03-19-14-57-41  数据更新出错
2019-03-19-14-57-42  数据更新出错
2019-03-19-14-57-43  数据更新出错
2019-03-19-14-57-44  数据更新出错
2019-03-19-14-57-45  数据更新出错
2019-03-19-14-57-46  数据更新出错
2019-03-19-14-57-47  数据更新出错
2019-03-19-14-57-48  数据更新出错
2019-03-19-14-57-49  数据更新出错
2019-03-19-14-57-50  数据更新出错
2019-03-19-14-57-51  数据更新出错
2019-03-19-14-57-52  数据更新出错
2019-03-19-14-57-53  数据更新出错
2019-03-19-14-57-54  数据更新出错
2019-03-19-14-57-55  数据更新出错
2019-03-19-14-57-56  数据更新出错
2019-03-19-14-57-57  数据更新出错
2019-03-19-14-57-58  数据更新出错
2019-03-19-14-57-59  数据更新出错
2019-03-19-14-58-00  数据更新出错
2019-03-19-14-58-01  数据更新出错
2019-03-19-14-58-02  数据更新出错
2019-03-19-14-58-03  数据更新出错
2019-03-19-14-59-54  TCP_client_send运行异常
2019-03-19-14-59-54  数据更新出错
2019-03-19-14-59-55  数据更新出错
2019-03-19-14-59-56  数据更新出错
2019-03-19-14-59-57  数据更新出错
2019-03-19-14-59-58  数据更新出错
2019-03-19-14-59-59  数据更新出错
2019-03-19-15-00-00  数据更新出错
2019-03-19-15-00-01  数据更新出错
2019-03-19-15-00-02  数据更新出错
2019-03-19-15-00-04  数据更新出错
2019-03-19-15-00-05  数据更新出错
2019-03-19-15-00-06  数据更新出错
2019-03-19-15-00-07  数据更新出错
2019-03-19-15-00-08  数据更新出错
2019-03-19-15-00-09  数据更新出错
2019-03-19-15-00-10  数据更新出错
2019-03-19-15-00-11  数据更新出错
2019-03-19-15-00-12  数据更新出错
2019-03-19-15-00-13  数据更新出错
2019-03-19-15-00-14  数据更新出错
2019-03-19-15-00-15  数据更新出错
2019-03-19-15-00-16  数据更新出错
2019-03-19-15-00-17  数据更新出错
2019-03-19-15-00-18  数据更新出错
2019-03-19-15-00-19  数据更新出错
2019-03-19-15-00-20  数据更新出错
2019-03-19-15-00-21  数据更新出错
2019-03-19-15-00-22  数据更新出错
2019-03-19-15-00-23  数据更新出错
2019-03-19-15-00-24  数据更新出错
2019-03-19-15-00-25  数据更新出错
2019-03-19-15-00-26  数据更新出错
2019-03-19-15-00-27  数据更新出错
2019-03-19-15-00-28  数据更新出错
2019-03-19-15-00-29  数据更新出错
2019-03-19-15-00-30  数据更新出错
2019-03-19-15-00-31  数据更新出错
2019-03-19-15-00-32  数据更新出错
2019-03-19-15-00-33  数据更新出错
2019-03-19-15-00-34  数据更新出错
2019-03-19-15-02-20  TCP_client_send运行异常
2019-03-19-15-02-20  数据更新出错
2019-03-19-15-02-21  数据更新出错
2019-03-19-15-02-22  数据更新出错
2019-03-19-15-02-23  数据更新出错
2019-03-19-15-02-24  数据更新出错
2019-03-19-15-02-25  数据更新出错
2019-03-19-15-02-26  数据更新出错
2019-03-19-15-02-27  数据更新出错
2019-03-19-15-02-28  数据更新出错
2019-03-19-15-02-29  数据更新出错
2019-03-19-15-02-30  数据更新出错
2019-03-19-15-02-31  数据更新出错
2019-03-19-15-02-32  数据更新出错
2019-03-19-15-02-33  数据更新出错
2019-03-19-15-02-34  数据更新出错
2019-03-19-15-02-35  数据更新出错
2019-03-19-15-02-36  数据更新出错
2019-03-19-15-02-37  数据更新出错
2019-03-19-15-02-38  数据更新出错
2019-03-19-15-02-39  数据更新出错
2019-03-19-15-02-40  数据更新出错
2019-03-19-15-02-41  数据更新出错
2019-03-19-15-02-42  数据更新出错
2019-03-19-15-02-43  数据更新出错
2019-03-19-15-02-44  数据更新出错
2019-03-19-15-02-45  数据更新出错
2019-03-19-15-02-49  数据更新出错
2019-03-19-15-02-50  数据更新出错
2019-03-19-15-02-51  数据更新出错
2019-03-19-15-02-52  数据更新出错
2019-03-19-15-02-53  数据更新出错
2019-03-19-15-02-54  数据更新出错
2019-03-19-15-02-55  数据更新出错
2019-03-19-15-02-56  数据更新出错
2019-03-19-15-02-57  数据更新出错
2019-03-19-15-02-58  数据更新出错
2019-03-19-15-02-59  数据更新出错
2019-03-19-15-03-00  数据更新出错
2019-03-19-15-03-01  数据更新出错
2019-03-19-15-03-02  数据更新出错
2019-03-19-15-03-03  数据更新出错
2019-03-19-15-03-04  数据更新出错
2019-03-19-15-03-05  数据更新出错
2019-03-19-15-03-06  数据更新出错
2019-03-19-15-03-07  数据更新出错
2019-03-19-15-03-08  数据更新出错
2019-03-19-15-03-09  数据更新出错
2019-03-19-15-03-10  数据更新出错
2019-03-19-15-03-11  数据更新出错
2019-03-19-15-03-12  数据更新出错
2019-03-19-15-03-13  数据更新出错
2019-03-19-15-03-14  数据更新出错
2019-03-19-15-03-15  数据更新出错
2019-03-19-15-03-16  数据更新出错
2019-03-19-15-03-17  数据更新出错
2019-03-19-15-03-18  数据更新出错
2019-03-19-15-03-19  数据更新出错
2019-03-19-15-03-20  数据更新出错
2019-03-19-15-03-21  数据更新出错
2019-03-19-15-03-22  数据更新出错
2019-03-19-15-03-23  数据更新出错
2019-03-19-15-03-24  数据更新出错
2019-03-19-15-03-25  数据更新出错
2019-03-19-15-03-26  数据更新出错
2019-03-19-15-03-27  数据更新出错
2019-03-19-15-03-28  数据更新出错
2019-03-19-15-03-29  数据更新出错
2019-03-19-15-03-30  数据更新出错
2019-03-19-15-03-31  数据更新出错
2019-03-19-15-03-32  数据更新出错
2019-03-19-15-03-33  数据更新出错
2019-03-19-15-03-34  数据更新出错
2019-03-19-15-03-35  数据更新出错
2019-03-19-15-03-36  数据更新出错
2019-03-19-15-03-37  数据更新出错
2019-03-19-15-03-38  数据更新出错
2019-03-19-15-03-39  数据更新出错
2019-03-19-15-03-40  数据更新出错
2019-03-19-15-03-41  数据更新出错
2019-03-19-15-03-42  数据更新出错
2019-03-19-15-03-43  数据更新出错
2019-03-19-15-03-44  数据更新出错
2019-03-19-15-03-45  数据更新出错
2019-03-19-15-03-47  数据更新出错
2019-03-19-15-03-48  数据更新出错
2019-03-19-15-03-49  数据更新出错
2019-03-19-15-03-50  数据更新出错
2019-03-19-15-03-51  数据更新出错
2019-03-19-15-03-52  数据更新出错
2019-03-19-15-03-53  数据更新出错
2019-03-19-15-03-54  数据更新出错
2019-03-19-15-03-55  数据更新出错
2019-03-19-15-03-56  数据更新出错
2019-03-19-15-03-57  数据更新出错
2019-03-19-15-03-58  数据更新出错
2019-03-19-15-03-59  数据更新出错
2019-03-19-15-04-00  数据更新出错
2019-03-19-15-04-01  数据更新出错
2019-03-19-15-04-02  数据更新出错
2019-03-19-15-04-03  数据更新出错
2019-03-19-15-04-04  数据更新出错
2019-03-19-15-04-05  数据更新出错
2019-03-19-15-04-06  数据更新出错
2019-03-19-15-04-07  数据更新出错
2019-03-19-15-04-08  数据更新出错
2019-03-19-15-04-09  数据更新出错
2019-03-19-15-04-10  数据更新出错
2019-03-19-15-04-11  数据更新出错
2019-03-19-15-04-12  数据更新出错
2019-03-19-15-04-13  数据更新出错
2019-03-19-15-04-14  数据更新出错
2019-03-19-15-04-15  数据更新出错
2019-03-19-15-04-16  数据更新出错
2019-03-19-15-04-17  数据更新出错
2019-03-19-15-04-18  数据更新出错
2019-03-19-15-04-19  数据更新出错
2019-03-19-15-04-20  数据更新出错
2019-03-19-15-04-21  数据更新出错
2019-03-19-15-04-22  数据更新出错
2019-03-19-15-04-23  数据更新出错
2019-03-19-15-04-24  数据更新出错
2019-03-19-15-04-25  数据更新出错
2019-03-19-15-04-26  数据更新出错
2019-03-19-15-04-27  数据更新出错
2019-03-19-15-04-28  数据更新出错
2019-03-19-15-04-29  数据更新出错
2019-03-19-15-04-30  数据更新出错
2019-03-19-15-04-31  数据更新出错
2019-03-19-15-04-32  数据更新出错
2019-03-19-15-04-33  数据更新出错
2019-03-19-15-04-34  数据更新出错
2019-03-19-15-04-35  数据更新出错
2019-03-19-15-04-36  数据更新出错
2019-03-19-15-04-37  数据更新出错
2019-03-19-15-04-38  数据更新出错
2019-03-19-15-04-39  数据更新出错
2019-03-19-15-04-40  数据更新出错
2019-03-19-15-04-41  数据更新出错
2019-03-19-15-04-42  数据更新出错
2019-03-19-15-04-43  数据更新出错
2019-03-19-15-04-44  数据更新出错
2019-03-19-15-04-45  数据更新出错
2019-03-19-15-04-46  数据更新出错
2019-03-19-15-04-47  数据更新出错
2019-03-19-15-04-49  数据更新出错
2019-03-19-15-04-50  数据更新出错
2019-03-19-15-04-51  数据更新出错
2019-03-19-15-04-52  数据更新出错
2019-03-19-15-04-53  数据更新出错
2019-03-19-15-04-54  数据更新出错
2019-03-19-15-04-55  数据更新出错
2019-03-19-15-04-56  数据更新出错
2019-03-19-15-04-57  数据更新出错
2019-03-19-15-04-58  数据更新出错
2019-03-19-15-04-59  数据更新出错
2019-03-19-15-05-00  数据更新出错
2019-03-19-15-05-01  数据更新出错
2019-03-19-15-05-02  数据更新出错
2019-03-19-15-05-03  数据更新出错
2019-03-19-15-05-04  数据更新出错
2019-03-19-15-05-05  数据更新出错
2019-03-19-15-05-06  数据更新出错
2019-03-19-15-05-07  数据更新出错
2019-03-19-15-05-08  数据更新出错
2019-03-19-15-05-09  数据更新出错
2019-03-19-15-05-10  数据更新出错
2019-03-19-15-05-11  数据更新出错
2019-03-19-15-05-12  数据更新出错
2019-03-19-15-05-13  数据更新出错
2019-03-19-15-05-14  数据更新出错
2019-03-19-15-05-15  数据更新出错
2019-03-19-15-05-16  数据更新出错
2019-03-19-15-05-17  数据更新出错
2019-03-19-15-05-18  数据更新出错
2019-03-19-15-05-19  数据更新出错
2019-03-19-15-05-20  数据更新出错
2019-03-19-15-05-21  数据更新出错
2019-03-19-15-05-22  数据更新出错
2019-03-19-15-05-23  数据更新出错
2019-03-19-15-05-24  数据更新出错
2019-03-19-15-05-25  数据更新出错
2019-03-19-15-05-26  数据更新出错
2019-03-19-15-05-27  数据更新出错
2019-03-19-15-05-28  数据更新出错
2019-03-19-15-05-29  数据更新出错
2019-03-19-15-05-30  数据更新出错
2019-03-19-15-05-31  数据更新出错
2019-03-19-15-05-32  数据更新出错
2019-03-19-15-05-33  数据更新出错
2019-03-19-15-05-34  数据更新出错
2019-03-19-15-05-35  数据更新出错
2019-03-19-15-05-36  数据更新出错
2019-03-19-15-05-37  数据更新出错
2019-03-19-15-05-38  数据更新出错
2019-03-19-15-05-39  数据更新出错
2019-03-19-15-05-40  数据更新出错
2019-03-19-15-05-41  数据更新出错
2019-03-19-15-05-42  数据更新出错
2019-03-19-15-05-43  数据更新出错
2019-03-19-15-05-44  数据更新出错
2019-03-19-15-05-45  数据更新出错
2019-03-19-15-05-47  数据更新出错
2019-03-19-15-05-48  数据更新出错
2019-03-19-15-05-49  数据更新出错
2019-03-19-15-05-50  数据更新出错
2019-03-19-15-05-51  数据更新出错
2019-03-19-15-05-52  数据更新出错
2019-03-19-15-05-53  数据更新出错
2019-03-19-15-05-54  数据更新出错
2019-03-19-15-05-55  数据更新出错
2019-03-19-15-05-56  数据更新出错
2019-03-19-15-05-57  数据更新出错
2019-03-19-15-05-58  数据更新出错
2019-03-19-15-05-59  数据更新出错
2019-03-19-15-06-00  数据更新出错
2019-03-19-15-06-01  数据更新出错
2019-03-19-15-06-02  数据更新出错
2019-03-19-15-06-03  数据更新出错
2019-03-19-15-06-04  数据更新出错
2019-03-19-15-06-05  数据更新出错
2019-03-19-15-06-06  数据更新出错
2019-03-19-15-06-07  数据更新出错
2019-03-19-15-06-24  TCP_client_send运行异常
2019-03-19-15-06-24  数据更新出错
2019-03-19-15-06-25  数据更新出错
2019-03-19-15-06-26  数据更新出错
2019-03-19-15-06-27  数据更新出错
2019-03-19-15-06-28  数据更新出错
2019-03-19-15-06-29  数据更新出错
2019-03-19-15-06-30  数据更新出错
2019-03-19-15-06-31  数据更新出错
2019-03-19-15-06-32  数据更新出错
2019-03-19-15-06-33  数据更新出错
2019-03-19-15-06-34  数据更新出错
2019-03-19-15-06-35  数据更新出错
2019-03-19-15-06-36  数据更新出错
2019-03-19-15-06-37  数据更新出错
2019-03-19-15-06-38  数据更新出错
2019-03-19-15-06-39  数据更新出错
2019-03-19-15-06-40  数据更新出错
2019-03-19-15-06-41  数据更新出错
2019-03-19-15-06-42  数据更新出错
2019-03-19-15-06-43  数据更新出错
2019-03-19-15-06-44  数据更新出错
2019-03-19-15-06-45  数据更新出错
2019-03-19-15-06-46  数据更新出错
2019-03-19-15-06-47  数据更新出错
2019-03-19-15-06-48  数据更新出错
2019-03-19-15-06-50  数据更新出错
2019-03-19-15-06-51  数据更新出错
2019-03-19-15-06-52  数据更新出错
2019-03-19-15-06-53  数据更新出错
2019-03-19-15-06-54  数据更新出错
2019-03-19-15-06-55  数据更新出错
2019-03-19-15-06-56  数据更新出错
2019-03-19-15-06-57  数据更新出错
2019-03-19-15-06-58  数据更新出错
2019-03-19-15-06-59  数据更新出错
2019-03-19-15-07-00  数据更新出错
2019-03-19-15-07-01  数据更新出错
2019-03-19-15-07-02  数据更新出错
2019-03-19-15-07-03  数据更新出错
2019-03-19-15-07-04  数据更新出错
2019-03-19-15-07-05  数据更新出错
2019-03-19-15-07-06  数据更新出错
2019-03-19-15-07-07  数据更新出错
2019-03-19-15-07-08  数据更新出错
2019-03-19-15-07-09  数据更新出错
2019-03-19-15-07-10  数据更新出错
2019-03-19-15-07-11  数据更新出错
2019-03-19-15-07-12  数据更新出错
2019-03-19-15-07-13  数据更新出错
2019-03-19-15-07-14  数据更新出错
2019-03-19-15-07-15  数据更新出错
2019-03-19-15-07-16  数据更新出错
2019-03-19-15-07-17  数据更新出错
2019-03-19-15-07-18  数据更新出错
2019-03-19-15-07-19  数据更新出错
2019-03-19-15-07-20  数据更新出错
2019-03-19-15-07-21  数据更新出错
2019-03-19-15-07-22  数据更新出错
2019-03-19-15-07-23  数据更新出错
2019-03-19-15-07-24  数据更新出错
2019-03-19-15-07-25  数据更新出错
2019-03-19-15-07-26  数据更新出错
2019-03-19-15-07-27  数据更新出错
2019-03-19-15-07-28  数据更新出错
2019-03-19-15-07-29  数据更新出错
2019-03-19-15-07-30  数据更新出错
2019-03-19-15-07-31  数据更新出错
2019-03-19-15-07-32  数据更新出错
2019-03-19-15-07-33  数据更新出错
2019-03-19-15-07-34  数据更新出错
2019-03-19-15-07-35  数据更新出错
2019-03-19-15-11-38  数据更新出错
2019-03-19-15-11-39  数据更新出错
2019-03-19-15-11-40  数据更新出错
2019-03-19-15-11-41  数据更新出错
2019-03-19-15-11-42  数据更新出错
2019-03-19-15-11-43  数据更新出错
2019-03-19-15-11-44  数据更新出错
2019-03-19-15-11-45  数据更新出错
2019-03-19-15-11-46  数据更新出错
2019-03-19-15-11-47  数据更新出错
2019-03-19-15-11-48  数据更新出错
2019-03-19-15-11-49  数据更新出错
2019-03-19-15-11-50  数据更新出错
2019-03-19-15-11-51  数据更新出错
2019-03-19-15-11-52  数据更新出错
2019-03-19-15-11-53  数据更新出错
2019-03-19-15-11-54  数据更新出错
2019-03-19-15-11-55  数据更新出错
2019-03-19-15-11-56  数据更新出错
2019-03-19-15-11-57  数据更新出错
2019-03-19-15-11-58  数据更新出错
2019-03-19-15-11-59  数据更新出错
2019-03-19-15-12-00  数据更新出错
2019-03-19-15-12-01  数据更新出错
2019-03-19-15-12-02  数据更新出错
2019-03-19-15-12-03  数据更新出错
2019-03-19-15-12-04  数据更新出错
2019-03-19-15-12-05  数据更新出错
2019-03-19-15-12-07  数据更新出错
2019-03-19-15-12-08  数据更新出错
2019-03-19-15-12-09  数据更新出错
2019-03-19-15-12-10  数据更新出错
2019-03-19-15-12-11  数据更新出错
2019-03-19-15-12-12  数据更新出错
2019-03-19-15-12-13  数据更新出错
2019-03-19-15-12-14  数据更新出错
2019-03-19-15-12-15  数据更新出错
2019-03-19-15-12-16  数据更新出错
2019-03-19-15-12-17  数据更新出错
2019-03-19-15-12-18  数据更新出错
2019-03-19-15-12-19  数据更新出错
2019-03-19-15-12-20  数据更新出错
2019-03-19-15-12-21  数据更新出错
2019-03-19-15-12-22  数据更新出错
2019-03-19-15-12-23  数据更新出错
2019-03-19-15-12-24  数据更新出错
2019-03-19-15-12-25  数据更新出错
2019-03-19-15-12-26  数据更新出错
2019-03-19-15-12-27  数据更新出错
2019-03-19-15-12-28  数据更新出错
2019-03-19-15-12-29  数据更新出错
2019-03-19-15-12-30  数据更新出错
2019-03-19-15-12-31  数据更新出错
2019-03-19-15-12-32  数据更新出错
2019-03-19-15-12-33  数据更新出错
2019-03-19-15-12-34  数据更新出错
2019-03-19-15-12-35  数据更新出错
2019-03-19-15-12-36  数据更新出错
2019-03-19-15-12-37  数据更新出错
2019-03-19-15-12-38  数据更新出错
2019-03-19-15-12-39  数据更新出错
2019-03-19-15-12-40  数据更新出错
2019-03-19-15-12-41  数据更新出错
2019-03-19-15-12-42  数据更新出错
2019-03-19-15-12-43  数据更新出错
2019-03-19-15-12-44  数据更新出错
2019-03-19-15-12-45  数据更新出错
2019-03-19-15-12-46  数据更新出错
2019-03-19-15-12-47  数据更新出错
2019-03-19-15-12-48  数据更新出错
2019-03-19-15-12-49  数据更新出错
2019-03-19-15-12-50  数据更新出错
2019-03-19-15-12-51  数据更新出错
2019-03-19-15-12-52  数据更新出错
2019-03-19-15-12-53  数据更新出错
2019-03-19-15-12-55  数据更新出错
2019-03-19-15-12-56  数据更新出错
2019-03-19-15-12-57  数据更新出错
2019-03-19-15-12-58  数据更新出错
2019-03-19-15-12-59  数据更新出错
2019-03-19-15-13-00  数据更新出错
2019-03-19-15-13-01  数据更新出错
2019-03-19-15-13-02  数据更新出错
2019-03-19-15-13-03  数据更新出错
2019-03-19-15-13-04  数据更新出错
2019-03-19-15-13-05  数据更新出错
2019-03-19-15-13-06  数据更新出错
2019-03-19-15-13-07  数据更新出错
2019-03-19-15-13-08  数据更新出错
2019-03-19-15-13-09  数据更新出错
2019-03-19-15-13-10  数据更新出错
2019-03-19-15-13-11  数据更新出错
2019-03-19-15-13-12  数据更新出错
2019-03-19-15-13-13  数据更新出错
2019-03-19-15-13-14  数据更新出错
2019-03-19-15-13-15  数据更新出错
2019-03-19-15-13-16  数据更新出错
2019-03-19-15-13-17  数据更新出错
2019-03-19-15-13-18  数据更新出错
2019-03-19-15-13-19  数据更新出错
2019-03-19-15-13-20  数据更新出错
2019-03-19-15-13-21  数据更新出错
2019-03-19-15-13-22  数据更新出错
2019-03-19-15-13-23  数据更新出错
2019-03-19-15-13-24  数据更新出错
2019-03-19-15-13-25  数据更新出错
2019-03-19-15-13-26  数据更新出错
2019-03-19-15-13-27  数据更新出错
2019-03-19-15-13-28  数据更新出错
2019-03-19-15-13-29  数据更新出错
2019-03-19-15-13-30  数据更新出错
2019-03-19-15-13-31  数据更新出错
2019-03-19-15-13-32  数据更新出错
2019-03-19-15-13-33  数据更新出错
2019-03-19-15-13-34  数据更新出错
2019-03-19-15-13-35  数据更新出错
2019-03-19-15-13-36  数据更新出错
2019-03-19-15-13-37  数据更新出错
2019-03-19-15-13-38  数据更新出错
2019-03-19-15-13-39  数据更新出错
2019-03-19-15-13-40  数据更新出错
2019-03-19-15-13-41  数据更新出错
2019-03-19-15-13-43  数据更新出错
2019-03-19-15-13-44  数据更新出错
2019-03-19-15-13-45  数据更新出错
2019-03-19-15-13-46  数据更新出错
2019-03-19-15-13-52  数据更新出错
2019-03-19-15-13-53  数据更新出错
2019-03-19-15-13-54  数据更新出错
2019-03-19-15-13-55  数据更新出错
2019-03-19-15-13-56  数据更新出错
2019-03-19-15-13-57  数据更新出错
2019-03-19-15-13-58  数据更新出错
2019-03-19-15-13-59  数据更新出错
2019-03-19-15-14-00  数据更新出错
2019-03-19-15-14-01  数据更新出错
2019-03-19-15-14-02  数据更新出错
2019-03-19-15-14-03  数据更新出错
2019-03-19-15-14-04  数据更新出错
2019-03-19-15-14-05  数据更新出错
2019-03-19-15-14-07  数据更新出错
2019-03-19-15-14-08  数据更新出错
2019-03-19-15-14-09  数据更新出错
2019-03-19-15-14-10  数据更新出错
2019-03-19-15-14-11  数据更新出错
2019-03-19-15-14-12  数据更新出错
2019-03-19-15-14-13  数据更新出错
2019-03-19-15-14-14  数据更新出错
2019-03-19-15-14-15  数据更新出错
2019-03-19-15-14-16  数据更新出错
2019-03-19-15-14-17  数据更新出错
2019-03-19-15-14-18  数据更新出错
2019-03-19-15-14-19  数据更新出错
2019-03-19-15-14-43  数据更新出错
2019-03-19-15-14-44  数据更新出错
2019-03-19-15-14-45  数据更新出错
2019-03-19-15-14-46  数据更新出错
2019-03-19-15-14-47  数据更新出错
2019-03-19-15-14-48  数据更新出错
2019-03-19-15-14-49  数据更新出错
2019-03-19-15-14-50  数据更新出错
2019-03-19-15-14-51  数据更新出错
2019-03-19-15-14-52  数据更新出错
2019-03-19-15-14-53  数据更新出错
2019-03-19-15-14-54  数据更新出错
2019-03-19-15-14-55  数据更新出错
2019-03-19-15-15-10  数据更新出错
2019-03-19-15-15-11  数据更新出错
2019-03-19-15-15-12  数据更新出错
2019-03-19-15-15-13  数据更新出错
2019-03-19-15-15-14  数据更新出错
2019-03-19-15-15-15  数据更新出错
2019-03-19-15-16-44  TCP_client断开
2019-03-19-15-18-29  数据更新出错
2019-03-19-15-18-30  数据更新出错
2019-03-19-15-18-31  数据更新出错
2019-03-19-15-18-32  数据更新出错
2019-03-19-15-18-34  数据更新出错
2019-03-19-15-18-35  数据更新出错
2019-03-19-15-18-36  数据更新出错
2019-03-19-15-18-37  数据更新出错
2019-03-19-15-18-38  数据更新出错
2019-03-19-15-18-39  数据更新出错
2019-03-19-15-18-40  数据更新出错
2019-03-19-15-18-41  数据更新出错
2019-03-19-15-18-42  数据更新出错
2019-03-19-15-18-43  数据更新出错
2019-03-19-15-18-44  数据更新出错
2019-03-19-15-18-45  数据更新出错
2019-03-19-15-18-46  数据更新出错
2019-03-19-15-18-47  数据更新出错
2019-03-19-15-18-48  数据更新出错
2019-03-19-15-18-49  数据更新出错
2019-03-19-15-18-50  数据更新出错
2019-03-19-15-18-51  数据更新出错
2019-03-19-15-18-52  数据更新出错
2019-03-19-15-18-53  数据更新出错
2019-03-19-15-18-54  数据更新出错
2019-03-19-15-18-55  数据更新出错
2019-03-19-15-18-56  数据更新出错
2019-03-19-15-18-57  数据更新出错
2019-03-19-15-18-58  数据更新出错
2019-03-19-15-18-59  数据更新出错
2019-03-19-15-19-00  数据更新出错
2019-03-19-15-19-01  数据更新出错
2019-03-19-15-19-02  数据更新出错
2019-03-19-15-19-03  数据更新出错
2019-03-19-15-19-04  数据更新出错
2019-03-19-15-19-05  数据更新出错
2019-03-19-15-19-06  数据更新出错
2019-03-19-15-19-07  数据更新出错
2019-03-19-15-19-08  数据更新出错
2019-03-19-15-19-09  数据更新出错
2019-03-19-15-19-10  数据更新出错
2019-03-19-15-19-11  数据更新出错
2019-03-19-15-19-12  数据更新出错
2019-03-19-15-19-13  数据更新出错
2019-03-19-15-19-14  数据更新出错
2019-03-19-15-19-15  数据更新出错
2019-03-19-15-19-16  数据更新出错
2019-03-19-15-19-17  数据更新出错
2019-03-19-15-19-18  数据更新出错
2019-03-19-15-19-19  数据更新出错
2019-03-19-15-19-24  TCP_client断开
2019-03-19-15-19-24  数据更新出错
2019-03-19-15-19-25  数据更新出错
2019-03-19-15-19-26  数据更新出错
2019-03-19-15-19-27  数据更新出错
2019-03-19-15-19-28  数据更新出错
2019-03-19-15-19-30  数据更新出错
2019-03-19-15-19-31  数据更新出错
2019-03-19-15-19-32  数据更新出错
2019-03-19-15-19-33  数据更新出错
2019-03-19-15-19-34  数据更新出错
2019-03-19-15-19-35  数据更新出错
2019-03-19-15-19-36  数据更新出错
2019-03-19-15-19-37  数据更新出错
2019-03-19-15-19-38  数据更新出错
2019-03-19-15-19-39  数据更新出错
2019-03-19-15-19-40  数据更新出错
2019-03-19-15-19-41  数据更新出错
2019-03-19-15-19-42  数据更新出错
2019-03-19-15-19-43  数据更新出错
2019-03-19-15-19-44  数据更新出错
2019-03-19-15-19-45  数据更新出错
2019-03-19-15-19-46  数据更新出错
2019-03-19-15-19-47  数据更新出错
2019-03-19-15-19-48  数据更新出错
2019-03-19-15-19-49  数据更新出错
2019-03-19-15-19-50  数据更新出错
2019-03-19-15-19-51  数据更新出错
2019-03-19-15-19-52  数据更新出错
2019-03-19-15-19-53  数据更新出错
2019-03-19-15-19-54  数据更新出错
2019-03-19-15-19-55  数据更新出错
2019-03-19-15-19-56  数据更新出错
2019-03-19-15-19-57  数据更新出错
2019-03-19-15-19-58  数据更新出错
2019-03-19-15-19-59  数据更新出错
2019-03-19-15-20-00  数据更新出错
2019-03-19-15-20-01  数据更新出错
2019-03-19-15-20-10  数据更新出错
2019-03-19-15-20-11  TCP_client断开
2019-03-19-15-20-11  数据更新出错
2019-03-19-15-20-12  数据更新出错
2019-03-19-15-20-14  数据更新出错
2019-03-19-15-20-15  数据更新出错
2019-03-19-15-20-16  数据更新出错
2019-03-19-15-20-17  数据更新出错
2019-03-19-15-20-18  数据更新出错
2019-03-19-15-20-19  数据更新出错
2019-03-19-15-20-20  数据更新出错
2019-03-19-15-20-21  数据更新出错
2019-03-19-15-20-22  数据更新出错
2019-03-19-15-20-23  数据更新出错
2019-03-19-15-20-24  数据更新出错
2019-03-19-15-20-25  数据更新出错
2019-03-19-15-20-26  数据更新出错
2019-03-19-15-20-27  数据更新出错
2019-03-19-15-20-28  数据更新出错
2019-03-19-15-20-29  数据更新出错
2019-03-19-15-20-30  数据更新出错
2019-03-19-15-20-31  数据更新出错
2019-03-19-15-20-32  数据更新出错
2019-03-19-15-20-33  数据更新出错
2019-03-19-15-20-34  数据更新出错
2019-03-19-15-20-35  数据更新出错
2019-03-19-15-20-36  数据更新出错
2019-03-19-15-20-37  数据更新出错
2019-03-19-15-20-38  数据更新出错
2019-03-19-15-20-39  数据更新出错
2019-03-19-15-20-40  数据更新出错
2019-03-19-15-20-41  数据更新出错
2019-03-19-15-20-42  数据更新出错
2019-03-19-15-20-43  数据更新出错
2019-03-19-15-20-44  数据更新出错
2019-03-19-15-20-45  数据更新出错
2019-03-19-15-20-46  数据更新出错
2019-03-19-15-20-47  数据更新出错
2019-03-19-15-20-48  数据更新出错
2019-03-19-15-20-49  数据更新出错
2019-03-19-15-20-50  数据更新出错
2019-03-19-15-20-51  数据更新出错
2019-03-19-15-20-52  数据更新出错
2019-03-19-15-20-53  数据更新出错
2019-03-19-15-20-54  数据更新出错
2019-03-19-15-20-55  数据更新出错
2019-03-19-15-20-56  数据更新出错
2019-03-19-15-20-57  数据更新出错
2019-03-19-15-20-58  数据更新出错
2019-03-19-15-20-59  数据更新出错
2019-03-19-15-21-00  数据更新出错
2019-03-19-15-21-01  数据更新出错
2019-03-19-15-21-02  数据更新出错
2019-03-19-15-21-03  数据更新出错
2019-03-19-15-21-04  数据更新出错
2019-03-19-15-21-05  数据更新出错
2019-03-19-15-21-06  数据更新出错
2019-03-19-15-21-07  数据更新出错
2019-03-19-15-21-08  数据更新出错
2019-03-19-15-21-09  数据更新出错
2019-03-19-15-21-10  数据更新出错
2019-03-19-15-21-11  数据更新出错
2019-03-19-15-21-12  数据更新出错
2019-03-19-15-21-13  数据更新出错
2019-03-19-15-21-14  数据更新出错
2019-03-19-15-21-15  数据更新出错
2019-03-19-15-21-17  数据更新出错
2019-03-19-15-21-18  数据更新出错
2019-03-19-15-21-19  数据更新出错
2019-03-19-15-21-20  数据更新出错
2019-03-19-15-21-21  数据更新出错
2019-03-19-15-21-22  数据更新出错
2019-03-19-15-21-23  数据更新出错
2019-03-19-15-21-24  数据更新出错
2019-03-19-15-21-25  数据更新出错
2019-03-19-15-21-26  数据更新出错
2019-03-19-15-21-27  数据更新出错
2019-03-19-15-21-28  数据更新出错
2019-03-19-15-21-29  数据更新出错
2019-03-19-15-21-30  数据更新出错
2019-03-19-15-21-31  数据更新出错
2019-03-19-15-21-32  数据更新出错
2019-03-19-15-21-33  数据更新出错
2019-03-19-15-21-34  数据更新出错
2019-03-19-15-21-35  数据更新出错
2019-03-19-15-21-36  数据更新出错
2019-03-19-15-21-37  数据更新出错
2019-03-19-15-21-38  数据更新出错
2019-03-19-15-21-39  数据更新出错
2019-03-19-15-21-40  数据更新出错
2019-03-19-15-21-41  数据更新出错
2019-03-19-15-21-42  数据更新出错
2019-03-19-15-21-43  数据更新出错
2019-03-19-15-21-44  数据更新出错
2019-03-19-15-21-45  数据更新出错
2019-03-19-15-21-46  数据更新出错
2019-03-19-15-21-47  数据更新出错
2019-03-19-15-21-48  数据更新出错
2019-03-19-15-21-49  数据更新出错
2019-03-19-15-21-50  数据更新出错
2019-03-19-15-21-51  数据更新出错
2019-03-19-15-21-52  数据更新出错
2019-03-19-15-21-53  数据更新出错
2019-03-19-15-21-54  数据更新出错
2019-03-19-15-21-55  数据更新出错
2019-03-19-15-21-56  数据更新出错
2019-03-19-15-21-57  数据更新出错
2019-03-19-15-21-58  数据更新出错
2019-03-19-15-21-59  数据更新出错
2019-03-19-15-22-00  数据更新出错
2019-03-19-15-22-01  数据更新出错
2019-03-19-15-22-02  数据更新出错
2019-03-19-15-22-03  数据更新出错
2019-03-19-15-22-04  数据更新出错
2019-03-19-15-22-05  数据更新出错
2019-03-19-15-22-06  数据更新出错
2019-03-19-15-22-07  数据更新出错
2019-03-19-15-22-08  数据更新出错
2019-03-19-15-22-09  数据更新出错
2019-03-19-15-22-10  数据更新出错
2019-03-19-15-22-11  数据更新出错
2019-03-19-15-22-12  数据更新出错
2019-03-19-15-22-13  数据更新出错
2019-03-19-15-22-14  数据更新出错
2019-03-19-15-22-15  数据更新出错
2019-03-19-15-22-16  数据更新出错
2019-03-19-15-22-17  数据更新出错
2019-03-19-15-22-19  数据更新出错
2019-03-19-15-22-20  数据更新出错
2019-03-19-15-22-21  数据更新出错
2019-03-19-15-22-22  数据更新出错
2019-03-19-15-22-23  数据更新出错
2019-03-19-15-22-24  数据更新出错
2019-03-19-15-22-25  数据更新出错
2019-03-19-15-22-26  数据更新出错
2019-03-19-15-22-27  数据更新出错
2019-03-19-15-22-28  数据更新出错
2019-03-19-15-22-29  数据更新出错
2019-03-19-15-22-30  数据更新出错
2019-03-19-15-22-31  数据更新出错
2019-03-19-15-22-32  数据更新出错
2019-03-19-15-22-33  数据更新出错
2019-03-19-15-22-34  数据更新出错
2019-03-19-15-22-35  数据更新出错
2019-03-19-15-22-36  数据更新出错
2019-03-19-15-22-37  数据更新出错
2019-03-19-15-22-38  数据更新出错
2019-03-19-15-22-39  数据更新出错
2019-03-19-15-22-40  数据更新出错
2019-03-19-15-22-41  数据更新出错
2019-03-19-15-22-42  数据更新出错
2019-03-19-15-22-43  数据更新出错
2019-03-19-15-22-44  数据更新出错
2019-03-19-15-22-45  数据更新出错
2019-03-19-15-22-46  数据更新出错
2019-03-19-15-22-47  数据更新出错
2019-03-19-15-22-48  数据更新出错
2019-03-19-15-22-49  数据更新出错
2019-03-19-15-22-50  数据更新出错
2019-03-19-15-23-08  数据更新出错
2019-03-19-15-23-09  数据更新出错
2019-03-19-15-23-10  数据更新出错
2019-03-19-15-23-11  数据更新出错
2019-03-19-15-23-12  数据更新出错
2019-03-19-15-23-13  数据更新出错
2019-03-19-15-23-14  数据更新出错
2019-03-19-15-23-15  数据更新出错
2019-03-19-15-23-16  数据更新出错
2019-03-19-15-23-17  数据更新出错
2019-03-19-15-23-18  数据更新出错
2019-03-19-15-23-19  数据更新出错
2019-03-19-15-23-20  数据更新出错
2019-03-19-15-23-21  数据更新出错
2019-03-19-15-23-22  数据更新出错
2019-03-19-15-23-23  数据更新出错
2019-03-19-15-23-24  数据更新出错
2019-03-19-15-23-25  数据更新出错
2019-03-19-15-23-26  数据更新出错
2019-03-19-15-23-27  数据更新出错
2019-03-19-15-23-28  数据更新出错
2019-03-19-15-23-29  TCP_client断开
2019-03-19-15-24-23  TCP_client断开
2019-03-19-15-26-08  TCP_client断开
2019-03-19-15-30-47  TCP_client断开
2019-03-19-15-31-02  TCP_client断开
2019-03-19-15-31-30  TCP_client断开
2019-03-19-15-34-35  TCP_client断开
2019-03-19-15-35-24  TCP_client断开
2019-03-19-15-41-40  TCP_client断开
2019-03-19-16-03-55  程序重启中...
2019-03-19-16-03-55  程序重启中...
2019-03-19-16-03-56  程序重启中...
2019-03-19-16-03-57  程序重启中...
2019-03-19-16-03-57  程序重启中...
2019-03-19-16-04-24  TCP_server运行异常
2019-03-19-16-04-25  TCP_server运行异常
2019-03-19-16-04-26  TCP_server运行异常
2019-03-19-16-04-27  TCP_server运行异常
2019-03-19-16-04-28  TCP_server运行异常
2019-03-19-16-04-29  TCP_server运行异常
2019-03-19-16-04-30  TCP_server运行异常
2019-03-19-16-04-31  TCP_server运行异常
2019-03-19-16-04-32  TCP_server运行异常
2019-03-19-16-04-33  TCP_server运行异常
2019-03-19-16-04-34  TCP_server运行异常
2019-03-19-16-04-35  TCP_server运行异常
2019-03-19-16-10-15  程序重启中...
2019-03-19-16-10-15  程序重启中...
2019-03-19-16-10-16  程序重启中...
2019-03-19-16-12-37  TCP_client运行异常
2019-03-19-17-48-11  TCP_client运行异常
2019-03-19-17-48-13  TCP_client运行异常
2019-03-19-17-48-15  TCP_client运行异常
2019-03-19-17-48-17  TCP_client运行异常
2019-03-19-17-48-19  TCP_client运行异常
2019-03-19-17-48-21  TCP_client运行异常
2019-03-19-17-48-23  TCP_client运行异常
2019-03-19-17-48-25  TCP_client运行异常
2019-03-19-17-48-28  TCP_client运行异常
2019-03-19-17-48-30  TCP_client运行异常
2019-03-19-17-48-33  TCP_client运行异常
2019-03-19-17-48-35  TCP_client运行异常
2019-03-19-17-48-38  TCP_client运行异常
2019-03-19-17-48-46  TCP_client运行异常
2019-03-19-17-48-49  TCP_client运行异常
2019-03-19-17-48-55  TCP_client运行异常
