2019-03-18-14-37-34  TCP_server运行异常
2019-03-18-14-37-35  TCP_client运行异常
2019-03-18-14-37-35  TCP_server运行异常
2019-03-18-14-37-36  TCP_server运行异常
2019-03-18-14-37-37  TCP_server运行异常
2019-03-18-14-37-37  TCP_client运行异常
2019-03-18-14-37-38  TCP_server运行异常
2019-03-18-14-40-12  TCP_server运行异常
2019-03-18-14-40-13  TCP_client运行异常
2019-03-18-14-40-13  TCP_server运行异常
2019-03-18-14-40-14  TCP_server运行异常
2019-03-18-14-40-15  TCP_client运行异常
2019-03-18-14-40-15  TCP_server运行异常
2019-03-18-14-40-16  TCP_server运行异常
2019-03-18-14-40-49  TCP_server运行异常
2019-03-18-14-40-50  TCP_client运行异常
2019-03-18-14-40-50  TCP_server运行异常
2019-03-18-14-40-51  TCP_server运行异常
2019-03-18-14-40-52  TCP_client运行异常
2019-03-18-14-40-52  TCP_server运行异常
2019-03-18-14-40-53  TCP_server运行异常
2019-03-18-14-44-50  TCP_server运行异常
2019-03-18-14-44-51  TCP_client运行异常
2019-03-18-14-44-51  TCP_server运行异常
2019-03-18-14-44-52  TCP_server运行异常
2019-03-18-14-44-53  TCP_client运行异常
2019-03-18-14-44-53  TCP_server运行异常
2019-03-18-14-45-46  TCP_server运行异常
2019-03-18-14-45-46  TCP_client运行异常
2019-03-18-14-45-48  TCP_client运行异常
2019-03-18-14-45-50  TCP_client运行异常
2019-03-18-14-45-52  TCP_client运行异常
2019-03-18-14-45-54  TCP_client运行异常
2019-03-18-14-45-56  TCP_client运行异常
2019-03-18-14-46-09  TCP_server运行异常
2019-03-18-14-46-10  TCP_client运行异常
2019-03-18-14-46-10  TCP_server运行异常
2019-03-18-14-46-11  TCP_server运行异常
2019-03-18-14-46-12  TCP_client运行异常
2019-03-18-14-46-12  TCP_server运行异常
2019-03-18-14-46-13  TCP_server运行异常
2019-03-18-14-46-14  TCP_client运行异常
2019-03-18-14-46-14  TCP_server运行异常
2019-03-18-14-46-15  TCP_server运行异常
2019-03-18-14-46-16  TCP_client运行异常
2019-03-18-14-46-27  TCP_server运行异常
2019-03-18-14-49-12  TCP_server运行异常
2019-03-18-14-50-01  TCP_server运行异常
2019-03-18-15-27-42  数据更新出错
2019-03-18-15-27-43  数据更新出错
2019-03-18-15-27-44  数据更新出错
2019-03-18-15-27-45  数据更新出错
2019-03-18-15-27-46  数据更新出错
2019-03-18-15-27-47  数据更新出错
2019-03-18-15-27-48  数据更新出错
2019-03-18-15-27-49  数据更新出错
2019-03-18-15-27-50  数据更新出错
2019-03-18-15-27-51  数据更新出错
2019-03-18-15-27-52  数据更新出错
2019-03-18-15-27-53  数据更新出错
2019-03-18-15-27-54  数据更新出错
2019-03-18-15-27-55  数据更新出错
2019-03-18-15-27-56  数据更新出错
2019-03-18-15-27-57  数据更新出错
2019-03-18-15-27-58  数据更新出错
2019-03-18-15-27-59  数据更新出错
2019-03-18-15-28-00  数据更新出错
2019-03-18-15-28-01  数据更新出错
2019-03-18-15-28-02  数据更新出错
2019-03-18-15-28-03  数据更新出错
2019-03-18-15-28-04  数据更新出错
2019-03-18-15-28-05  数据更新出错
2019-03-18-15-28-06  数据更新出错
2019-03-18-15-28-07  数据更新出错
2019-03-18-15-44-12  TCP_client_send运行异常
2019-03-18-15-52-59  TCP_client_send运行异常
2019-03-18-15-55-54  TCP_client断开
2019-03-18-15-55-59  TCP_client_send运行异常
2019-03-18-15-56-19  TCP_client断开
2019-03-18-15-58-14  TCP_client断开
2019-03-18-15-59-09  TCP_client断开
2019-03-18-15-59-50  TCP_client断开
2019-03-18-16-01-00  TCP_client断开
2019-03-18-16-01-55  TCP_client_send运行异常
2019-03-18-16-02-49  TCP_client断开
2019-03-18-16-03-28  TCP_client断开
2019-03-18-16-05-53  TCP_client_send运行异常
2019-03-18-16-09-08  数据更新出错
2019-03-18-16-09-09  数据更新出错
2019-03-18-16-09-10  数据更新出错
2019-03-18-16-09-11  数据更新出错
2019-03-18-16-09-12  数据更新出错
2019-03-18-16-09-13  数据更新出错
2019-03-18-16-09-14  数据更新出错
2019-03-18-16-09-15  数据更新出错
2019-03-18-16-09-16  数据更新出错
2019-03-18-16-09-17  数据更新出错
2019-03-18-16-09-18  数据更新出错
2019-03-18-16-09-19  数据更新出错
2019-03-18-16-09-20  数据更新出错
2019-03-18-16-09-21  数据更新出错
2019-03-18-16-09-22  数据更新出错
2019-03-18-16-09-23  数据更新出错
2019-03-18-16-09-24  数据更新出错
2019-03-18-16-09-25  数据更新出错
2019-03-18-16-09-26  数据更新出错
2019-03-18-16-09-27  数据更新出错
2019-03-18-16-09-28  数据更新出错
2019-03-18-16-09-29  数据更新出错
2019-03-18-16-09-30  数据更新出错
2019-03-18-16-09-31  数据更新出错
2019-03-18-16-09-32  数据更新出错
2019-03-18-16-09-33  数据更新出错
2019-03-18-16-09-34  数据更新出错
2019-03-18-16-09-35  数据更新出错
2019-03-18-16-09-36  数据更新出错
2019-03-18-16-09-37  数据更新出错
2019-03-18-16-09-38  数据更新出错
2019-03-18-16-09-39  数据更新出错
2019-03-18-16-09-40  数据更新出错
2019-03-18-16-09-41  数据更新出错
2019-03-18-16-09-42  数据更新出错
2019-03-18-16-09-43  数据更新出错
2019-03-18-16-09-44  数据更新出错
2019-03-18-16-09-45  数据更新出错
2019-03-18-16-09-46  数据更新出错
2019-03-18-16-09-47  数据更新出错
2019-03-18-16-09-48  数据更新出错
2019-03-18-16-09-49  数据更新出错
2019-03-18-16-09-50  数据更新出错
2019-03-18-16-09-51  数据更新出错
2019-03-18-16-09-52  数据更新出错
2019-03-18-16-09-53  数据更新出错
2019-03-18-16-09-54  数据更新出错
2019-03-18-16-09-55  数据更新出错
2019-03-18-16-09-56  数据更新出错
2019-03-18-16-09-57  数据更新出错
2019-03-18-16-09-58  数据更新出错
2019-03-18-16-09-59  数据更新出错
2019-03-18-16-10-00  数据更新出错
2019-03-18-16-10-01  数据更新出错
2019-03-18-16-10-03  数据更新出错
2019-03-18-16-10-04  数据更新出错
2019-03-18-16-10-05  数据更新出错
2019-03-18-16-10-06  数据更新出错
2019-03-18-16-10-07  数据更新出错
2019-03-18-16-10-08  数据更新出错
2019-03-18-16-10-09  数据更新出错
2019-03-18-16-10-10  数据更新出错
2019-03-18-16-10-11  数据更新出错
2019-03-18-16-10-12  数据更新出错
2019-03-18-16-10-13  数据更新出错
2019-03-18-16-10-14  数据更新出错
2019-03-18-16-10-15  数据更新出错
2019-03-18-16-10-16  数据更新出错
2019-03-18-16-10-17  数据更新出错
2019-03-18-16-10-18  数据更新出错
2019-03-18-16-10-19  数据更新出错
2019-03-18-16-10-20  数据更新出错
2019-03-18-16-10-21  数据更新出错
2019-03-18-16-10-22  数据更新出错
2019-03-18-16-10-23  数据更新出错
2019-03-18-16-10-24  数据更新出错
2019-03-18-16-10-25  数据更新出错
2019-03-18-16-10-26  数据更新出错
2019-03-18-16-10-27  数据更新出错
2019-03-18-16-10-28  数据更新出错
2019-03-18-16-10-29  数据更新出错
2019-03-18-16-10-30  数据更新出错
2019-03-18-16-10-31  数据更新出错
2019-03-18-16-10-32  数据更新出错
2019-03-18-16-10-33  数据更新出错
2019-03-18-16-10-34  数据更新出错
2019-03-18-16-10-35  数据更新出错
2019-03-18-16-10-36  数据更新出错
2019-03-18-16-10-37  数据更新出错
2019-03-18-16-14-10  TCP_client断开
2019-03-18-16-15-25  TCP_client断开
2019-03-18-16-16-06  TCP_client断开
2019-03-18-16-18-17  TCP_client_send运行异常
2019-03-18-16-19-00  TCP_client断开
2019-03-18-16-20-14  TCP_client断开
2019-03-18-16-20-36  TCP_client断开
2019-03-18-16-21-40  TCP_server运行异常
2019-03-18-16-21-41  TCP_server运行异常
2019-03-18-16-21-42  TCP_server运行异常
2019-03-18-16-21-43  TCP_server运行异常
2019-03-18-16-21-44  TCP_server运行异常
2019-03-18-16-21-45  TCP_server运行异常
2019-03-18-16-21-46  TCP_server运行异常
2019-03-18-16-21-47  TCP_server运行异常
2019-03-18-16-21-48  TCP_server运行异常
2019-03-18-16-21-58  TCP_client运行异常
2019-03-18-16-22-43  TCP_client运行异常
2019-03-18-16-23-03  TCP_client运行异常
2019-03-18-16-30-19  ReceiveMessageLoop出错
2019-03-18-16-30-19  SendJoinChannelwhile错误
2019-03-18-16-30-19  程序重启中...
2019-03-18-16-30-35  弹幕处理出错
2019-03-18-16-33-23  ReceiveMessageLoop出错
2019-03-18-16-33-23  SendJoinChannelwhile错误
2019-03-18-16-33-23  程序重启中...
2019-03-18-16-36-17  弹幕处理出错
2019-03-18-16-37-51  弹幕处理出错
2019-03-18-16-38-19  弹幕处理出错
2019-03-18-16-42-37  弹幕处理出错
2019-03-18-16-52-50  TCP_server运行异常
2019-03-18-16-52-51  TCP_server运行异常
2019-03-18-16-52-52  TCP_server运行异常
2019-03-18-16-52-53  TCP_server运行异常
2019-03-18-16-52-54  TCP_server运行异常
2019-03-18-16-52-55  TCP_server运行异常
2019-03-18-16-53-14  弹幕处理出错
2019-03-18-16-54-02  弹幕发送失败
2019-03-18-16-54-03  弹幕处理出错
2019-03-18-16-56-52  弹幕处理出错
2019-03-18-17-16-23  弹幕处理出错
2019-03-18-17-21-47  弹幕处理出错
2019-03-18-17-22-07  弹幕处理出错
2019-03-18-17-24-58  弹幕处理出错
2019-03-18-17-26-56  弹幕处理出错
2019-03-18-17-27-52  TCP_client断开
2019-03-18-17-41-16  TCP_client运行异常
2019-03-18-17-41-25  TCP_client运行异常
