2019-04-11-00-10-10  获取json失败
2019-04-11-00-26-22  获取json失败
2019-04-11-01-03-41  获取json失败
2019-04-11-01-41-34  获取json失败
2019-04-11-02-25-56  获取json失败
2019-04-11-02-27-24  弹幕发送失败
2019-04-11-02-28-04  获取json失败
2019-04-11-05-58-18  弹幕发送失败
2019-04-11-06-35-19  弹幕发送失败
2019-04-11-07-04-13  弹幕发送失败
2019-04-11-08-52-15  弹幕发送出错
2019-04-11-09-11-31  弹幕发送失败
2019-04-11-12-18-42  弹幕发送失败
2019-04-11-12-18-58  弹幕发送失败
2019-04-11-12-26-00  获取json失败
2019-04-11-12-28-33  获取json失败
2019-04-11-12-42-32  获取json失败
2019-04-11-14-41-42  获取json失败
2019-04-11-15-51-16  获取json失败
2019-04-11-16-03-41  获取json失败
2019-04-11-19-18-03  弹幕发送失败
2019-04-11-19-18-19  弹幕发送失败
2019-04-11-19-55-00  获取json失败
2019-04-11-20-49-32  获取json失败
2019-04-11-21-21-29  获取json失败
2019-04-11-21-21-29  ReceiveMessageLoop出错
2019-04-11-21-21-29  SendJoinChannelwhile错误
2019-04-11-21-21-29  程序重启中...
2019-04-11-22-15-47  获取json失败
2019-04-11-22-33-55  获取json失败
