2019-04-15-00-09-33  弹幕发送失败
2019-04-15-00-09-54  弹幕发送失败
2019-04-15-00-45-31  获取json失败
2019-04-15-01-03-35  获取json失败
2019-04-15-04-34-50  弹幕发送失败
2019-04-15-04-49-00  弹幕发送失败
2019-04-15-07-56-02  弹幕发送失败
2019-04-15-07-56-19  弹幕发送失败
2019-04-15-10-52-11  弹幕发送失败
2019-04-15-10-52-27  弹幕发送失败
2019-04-15-11-08-19  弹幕发送失败
2019-04-15-11-22-09  获取json失败
2019-04-15-11-55-31  ReceiveMessageLoop出错
2019-04-15-11-55-31  SendJoinChannelwhile错误
2019-04-15-11-55-31  程序重启中...
2019-04-15-11-55-43  ReceiveMessageLoop出错
2019-04-15-11-55-43  SendJoinChannelwhile错误
2019-04-15-11-55-43  程序重启中...
2019-04-15-11-55-55  ReceiveMessageLoop出错
2019-04-15-11-55-55  SendJoinChannelwhile错误
2019-04-15-11-55-55  程序重启中...
2019-04-15-12-57-25  弹幕发送失败
2019-04-15-21-35-12  获取json失败
2019-04-15-21-42-45  获取json失败
2019-04-15-23-07-23  获取json失败
