2019-04-08-00-31-34  옲컅익퐑빓
2019-04-08-00-31-51  옲컅익퐑빓
2019-04-08-01-30-44  옲컅익퐑빓
2019-04-08-05-20-32  옲컅익퐑빓
2019-04-08-05-20-50  옲컅익퐑빓
2019-04-08-06-27-48  옲컅익퐑빓
2019-04-08-06-28-07  옲컅익퐑빓
2019-04-08-10-48-30  TCP_server웶찕
2019-04-08-10-48-31  TCP_server웶찕
2019-04-08-10-48-31  TCP_server웶찕
2019-04-08-15-43-25  옲컅익폽榻
2019-04-08-15-49-19  옲컅얁첤榻
2019-04-08-15-53-41  옲컅얁첤榻
2019-04-08-16-04-51  TCP_client웶찕
2019-04-08-16-14-15  TCP_client웶찕
2019-04-08-16-32-47  옲컅익퐑빓
2019-04-08-16-35-43  옲컅익퐑빓
2019-04-08-16-37-46  옲컅얁첤榻
2019-04-08-16-41-20  옲컅익퐑빓
2019-04-08-16-41-21  옲컅익폽榻
2019-04-08-16-49-18  옲컅얁첤榻
2019-04-08-16-51-45  옲컅익퐑빓
2019-04-08-17-00-30  옲컅익퐑빓
2019-04-08-20-34-45  옲컅익폽榻
